#
# A fatal error has been detected by the Java Runtime Environment:
#
#  EXCEPTION_ACCESS_VIOLATION (0xc0000005) at pc=0x00007ff913b41d27, pid=4648, tid=16644
#
# JRE version: Java(TM) SE Runtime Environment (21.0.1+12) (build 21.0.1+12-LTS-29)
# Java VM: Java HotSpot(TM) 64-Bit Server VM (21.0.1+12-LTS-29, mixed mode, sharing, tiered, compressed oops, compressed class ptrs, g1 gc, windows-amd64)
# Problematic frame:
# C  [glfw.dll+0x1d27]
#
# No core dump will be written. Minidumps are not enabled by default on client versions of Windows
#
# If you would like to submit a bug report, please visit:
#   https://bugreport.java.com/bugreport/crash.jsp
# The crash happened outside the Java Virtual Machine in native code.
# See problematic frame for where to report the bug.
#

---------------  S U M M A R Y ------------

Command Line: -Ddebugger.agent.enable.coroutines=true -Dkotlinx.coroutines.debug.enable.creation.stack.trace=false -agentlib:jdwp=transport=dt_socket,server=n,suspend=y,address=127.0.0.1:58513 -javaagent:C:\Users\chris\AppData\Local\JetBrains\IntelliJIdea2024.2\captureAgent\debugger-agent.jar -Dfile.encoding=UTF-8 -Duser.country=US -Duser.language=en -Duser.variant pkgDriver.Driver

Host: AMD Ryzen 7 5800X 8-Core Processor             , 16 cores, 31G,  Windows 10 , 64 bit Build 19041 (10.0.19041.5072)
Time: Sat Dec  7 18:53:39 2024 Pacific Standard Time elapsed time: 0.227665 seconds (0d 0h 0m 0s)

---------------  T H R E A D  ---------------

Current thread (0x0000026e27496260):  JavaThread "main"             [_thread_in_native, id=16644, stack(0x000000f36d400000,0x000000f36d500000) (1024K)]

Stack: [0x000000f36d400000,0x000000f36d500000],  sp=0x000000f36d4ff2a0,  free space=1020k
Native frames: (J=compiled Java code, j=interpreted, Vv=VM code, C=native code)
C  [glfw.dll+0x1d27]

Java frames: (J=compiled Java code, j=interpreted, Vv=VM code)
j  org.lwjgl.system.JNI.invokePV(JJ)V+0
j  org.lwjgl.glfw.GLFW.glfwMakeContextCurrent(J)V+6
j  pkgSlUtils.SlWindowManager.updateContextToThis()V+3
j  pkgSlUtils.SlWindowManager.initGLFWWindow(IILjava/lang/String;)V+41
j  pkgDriver.Driver.main([Ljava/lang/String;)V+35
v  ~StubRoutines::call_stub 0x0000026e36d4100d

siginfo: EXCEPTION_ACCESS_VIOLATION (0xc0000005), reading address 0x000000000000020a


Registers:
RAX=0x0000000000000000, RBX=0x0000000000000002, RCX=0x000000000000002c, RDX=0x0000000000000000
RSP=0x000000f36d4ff2a0, RBP=0x000000f36d4ff360, RSI=0x0000000000000000, RDI=0x0000026e36d4959e
R8 =0x0000000000000002, R9 =0x00007ff913b41cf0, R10=0x0000026e36d506e7, R11=0x00000006205e46d8
R12=0x0000000000000000, R13=0x0000026e8e4a3e80, R14=0x000000f36d4ff398, R15=0x0000026e27496260
RIP=0x00007ff913b41d27, EFLAGS=0x0000000000010202


Register to memory mapping:

RAX=0x0 is null
RBX=0x0000000000000002 is an unknown value
RCX=0x000000000000002c is an unknown value
RDX=0x0 is null
RSP=0x000000f36d4ff2a0 is pointing into the stack for thread: 0x0000026e27496260
RBP=0x000000f36d4ff360 is pointing into the stack for thread: 0x0000026e27496260
RSI=0x0 is null
RDI=0x0000026e36d4959e is at code_begin+4382 in an Interpreter codelet
return entry points  [0x0000026e36d48480, 0x0000026e36d4a550]  8400 bytes
R8 =0x0000000000000002 is an unknown value
R9 =0x00007ff913b41cf0 glfw.dll
R10=0x0000026e36d506e7 is at code_begin+1927 in an Interpreter codelet
native method entry point (kind = native)  [0x0000026e36d4ff60, 0x0000026e36d51198]  4664 bytes
R11=0x00000006205e46d8 is an oop: java.lang.Class 
{0x00000006205e46d8} - klass: 'java/lang/Class'
 - ---- fields (total size 14 words):
 - private volatile transient 'classRedefinedCount' 'I' @12  0 (0x00000000)
 - injected 'klass' 'J' @16  2672778364416 (0x0000026e4e014600)
 - injected 'array_klass' 'J' @24  0 (0x0000000000000000)
 - injected 'oop_size' 'I' @32  14 (0x0000000e)
 - injected 'static_oop_field_count' 'I' @36  0 (0x00000000)
 - private volatile transient 'cachedConstructor' 'Ljava/lang/reflect/Constructor;' @40  null (0x00000000)
 - private transient 'name' 'Ljava/lang/String;' @44  "org.lwjgl.system.JNI"{0x00000006205e4748} (0xc40bc8e9)
 - private transient 'module' 'Ljava/lang/Module;' @48  a 'java/lang/Module'{0x0000000620c76380} (0xc418ec70)
 - private final 'classLoader' 'Ljava/lang/ClassLoader;' @52  a 'jdk/internal/loader/ClassLoaders$AppClassLoader'{0x0000000620c761c0} (0xc418ec38)
 - private transient 'classData' 'Ljava/lang/Object;' @56  null (0x00000000)
 - private transient 'packageName' 'Ljava/lang/String;' @60  "org.lwjgl.system"{0x00000006209f6730} (0xc413ece6)
 - private final 'componentType' 'Ljava/lang/Class;' @64  null (0x00000000)
 - private volatile transient 'reflectionData' 'Ljava/lang/ref/SoftReference;' @68  null (0x00000000)
 - private volatile transient 'genericInfo' 'Lsun/reflect/generics/repository/ClassRepository;' @72  null (0x00000000)
 - private volatile transient 'enumConstants' '[Ljava/lang/Object;' @76  null (0x00000000)
 - private volatile transient 'enumConstantDirectory' 'Ljava/util/Map;' @80  null (0x00000000)
 - private volatile transient 'annotationData' 'Ljava/lang/Class$AnnotationData;' @84  null (0x00000000)
 - private volatile transient 'annotationType' 'Lsun/reflect/annotation/AnnotationType;' @88  null (0x00000000)
 - transient 'classValueMap' 'Ljava/lang/ClassValue$ClassValueMap;' @92  null (0x00000000)
 - injected 'protection_domain' 'Ljava/lang/Object;' @96  a 'java/security/ProtectionDomain'{0x0000000620a04048} (0xc4140809)
 - injected 'signers_name' 'Ljava/lang/Object;' @100  null (0x00000000)
 - injected 'source_file' 'Ljava/lang/Object;' @104  null (0x00000000)
 - signature: Lorg/lwjgl/system/JNI;
 - ---- static fields (0):
R12=0x0 is null
R13={method} {0x0000026e8e4a3e88} 'invokePV' '(JJ)V' in 'org/lwjgl/system/JNI'
R14=0x000000f36d4ff398 is pointing into the stack for thread: 0x0000026e27496260
R15=0x0000026e27496260 is a thread

Top of Stack: (sp=0x000000f36d4ff2a0)
0x000000f36d4ff2a0:   0000026e8e4a3e80 0000026e8e4a3e80
0x000000f36d4ff2b0:   0000026e27496260 00007ff8d3043f61
0x000000f36d4ff2c0:   0000026e8e4a3e80 0000026e36d50716
0x000000f36d4ff2d0:   0000026e8e4a3e80 000000f36d4ff398
0x000000f36d4ff2e0:   0000026e36d4959e 0000026e36d50077
0x000000f36d4ff2f0:   0000026e8e4a3e80 0000000000000000
0x000000f36d4ff300:   3ff0000000000000 0000026e27496260
0x000000f36d4ff310:   0000026e36d5001f 000000f36d4ff318
0x000000f36d4ff320:   0000026e8e4a3e80 0000000000000007
0x000000f36d4ff330:   0000026e8e4dc288 0000000000000000
0x000000f36d4ff340:   00000006205e46d8 0000026e8e4a3e80
0x000000f36d4ff350:   0000000000000000 000000f36d4ff380
0x000000f36d4ff360:   000000f36d4ff3e8 0000026e36d4919a
0x000000f36d4ff370:   00000006205e46d8 0000026e36d4c697
0x000000f36d4ff380:   00007ff913b41cf0 0000000000000000
0x000000f36d4ff390:   0000000000000002 0000000000000000
0x000000f36d4ff3a0:   000000f36d4ff3a0 0000026e8e419016
0x000000f36d4ff3b0:   0000000000000005 0000026e8e4255a8
0x000000f36d4ff3c0:   0000000000000000 00000006209621d8
0x000000f36d4ff3d0:   0000026e8e419048 000000f36d4ff380
0x000000f36d4ff3e0:   000000f36d4ff408 000000f36d4ff460
0x000000f36d4ff3f0:   0000026e36d4919a 00007ff913b41cf0
0x000000f36d4ff400:   0000000000000000 0000000000000002
0x000000f36d4ff410:   0000000000000000 000000f36d4ff418
0x000000f36d4ff420:   0000026e8e40895b 0000000000000002
0x000000f36d4ff430:   0000026e8e408b00 0000000000000000
0x000000f36d4ff440:   000000062085c218 0000026e8e408978
0x000000f36d4ff450:   000000f36d4ff408 000000f36d4ff470
0x000000f36d4ff460:   000000f36d4ff4c0 0000026e36d4919a
0x000000f36d4ff470:   000000062085c940 000000f36d4ff478
0x000000f36d4ff480:   0000026e8e407f21 0000000000000009
0x000000f36d4ff490:   0000026e8e408b00 0000000000000000 

Instructions: (pc=0x00007ff913b41d27)
0x00007ff913b41c27:   06 80 78 ff 20 75 05 f6 01 df 74 15 48 8b d7 48
0x00007ff913b41c37:   8b d9 e8 02 40 01 00 48 85 c0 75 cd e9 5b ff ff
0x00007ff913b41c47:   ff 48 8b 5c 24 30 b8 01 00 00 00 48 8b 74 24 40
0x00007ff913b41c57:   48 83 c4 20 5f c3 cc cc cc 48 83 ec 28 83 3d 05
0x00007ff913b41c67:   5a 07 00 00 75 13 33 d2 b9 01 00 01 00 e8 27 02
0x00007ff913b41c77:   00 00 33 c0 48 83 c4 28 c3 48 8d 0d 8d 73 07 00
0x00007ff913b41c87:   48 83 c4 28 e9 30 99 00 00 40 53 48 83 ec 20 83
0x00007ff913b41c97:   3d d3 59 07 00 00 48 8b d9 75 14 33 d2 b9 01 00
0x00007ff913b41ca7:   01 00 e8 f2 01 00 00 33 c0 48 83 c4 20 5b c3 48
0x00007ff913b41cb7:   8d 0d 57 73 07 00 e8 fe 98 00 00 48 85 c0 75 19
0x00007ff913b41cc7:   48 8d 15 42 ef 02 00 b9 02 00 01 00 e8 c8 01 00
0x00007ff913b41cd7:   00 33 c0 48 83 c4 20 5b c3 48 8b cb 48 83 c4 20
0x00007ff913b41ce7:   5b 48 ff a0 70 02 00 00 cc 40 53 48 83 ec 20 83
0x00007ff913b41cf7:   3d 73 59 07 00 00 48 8b d9 75 11 33 d2 b9 01 00
0x00007ff913b41d07:   01 00 48 83 c4 20 5b e9 8d 01 00 00 48 8d 0d fa
0x00007ff913b41d17:   72 07 00 e8 a1 98 00 00 48 8b d0 48 85 db 74 1f
0x00007ff913b41d27:   83 bb 08 02 00 00 00 75 16 48 8d 15 49 ed 02 00
0x00007ff913b41d37:   b9 0a 00 01 00 48 83 c4 20 5b e9 5a 01 00 00 48
0x00007ff913b41d47:   85 d2 74 1b 48 85 db 74 0e 8b 80 0c 02 00 00 39
0x00007ff913b41d57:   83 0c 02 00 00 74 0d 33 c9 ff 92 50 02 00 00 48
0x00007ff913b41d67:   85 db 74 12 48 8b cb 48 8b 83 50 02 00 00 48 83
0x00007ff913b41d77:   c4 20 5b 48 ff e0 48 83 c4 20 5b c3 cc cc cc cc
0x00007ff913b41d87:   cc cc cc cc cc cc cc cc cc 83 3d d9 58 07 00 00
0x00007ff913b41d97:   75 0c 33 d2 b9 01 00 01 00 e9 fb 00 00 00 83 b9
0x00007ff913b41da7:   08 02 00 00 00 75 11 48 8d 15 1b ed 02 00 b9 0a
0x00007ff913b41db7:   00 01 00 e9 e1 00 00 00 48 ff a1 58 02 00 00 cc
0x00007ff913b41dc7:   cc cc cc cc cc cc cc cc cc 40 53 48 83 ec 20 83
0x00007ff913b41dd7:   3d 93 58 07 00 00 8b d9 75 11 33 d2 b9 01 00 01
0x00007ff913b41de7:   00 48 83 c4 20 5b e9 ae 00 00 00 48 8d 0d 1b 72
0x00007ff913b41df7:   07 00 e8 c2 97 00 00 48 85 c0 75 16 48 8d 15 16
0x00007ff913b41e07:   ed 02 00 b9 02 00 01 00 48 83 c4 20 5b e9 87 00
0x00007ff913b41e17:   00 00 8b cb 48 83 c4 20 5b 48 ff a0 60 02 00 00 


Stack slot to memory mapping:

stack at sp + 0 slots: {method} {0x0000026e8e4a3e88} 'invokePV' '(JJ)V' in 'org/lwjgl/system/JNI'
stack at sp + 1 slots: {method} {0x0000026e8e4a3e88} 'invokePV' '(JJ)V' in 'org/lwjgl/system/JNI'
stack at sp + 2 slots: 0x0000026e27496260 is a thread
stack at sp + 3 slots: 0x00007ff8d3043f61 jvm.dll
stack at sp + 4 slots: {method} {0x0000026e8e4a3e88} 'invokePV' '(JJ)V' in 'org/lwjgl/system/JNI'
stack at sp + 5 slots: 0x0000026e36d50716 is at code_begin+1974 in an Interpreter codelet
native method entry point (kind = native)  [0x0000026e36d4ff60, 0x0000026e36d51198]  4664 bytes
stack at sp + 6 slots: {method} {0x0000026e8e4a3e88} 'invokePV' '(JJ)V' in 'org/lwjgl/system/JNI'
stack at sp + 7 slots: 0x000000f36d4ff398 is pointing into the stack for thread: 0x0000026e27496260


---------------  P R O C E S S  ---------------

Threads class SMR info:
_java_thread_list=0x0000026e4c6cd7d0, length=17, elements={
0x0000026e27496260, 0x0000026e4c21f9e0, 0x0000026e4c221710, 0x0000026e4c224220,
0x0000026e4c225c90, 0x0000026e4c229160, 0x0000026e4c229bc0, 0x0000026e4c2343f0,
0x0000026e4c234aa0, 0x0000026e4c303b70, 0x0000026e4c34a490, 0x0000026e4c353180,
0x0000026e4c3b7110, 0x0000026e4c3bade0, 0x0000026e4c3bb860, 0x0000026e4c54cbb0,
0x0000026e4c5637e0
}

Java Threads: ( => current thread )
=>0x0000026e27496260 JavaThread "main"                              [_thread_in_native, id=16644, stack(0x000000f36d400000,0x000000f36d500000) (1024K)]
  0x0000026e4c21f9e0 JavaThread "Reference Handler"          daemon [_thread_blocked, id=11168, stack(0x000000f36dc00000,0x000000f36dd00000) (1024K)]
  0x0000026e4c221710 JavaThread "Finalizer"                  daemon [_thread_blocked, id=4120, stack(0x000000f36dd00000,0x000000f36de00000) (1024K)]
  0x0000026e4c224220 JavaThread "Signal Dispatcher"          daemon [_thread_blocked, id=19872, stack(0x000000f36de00000,0x000000f36df00000) (1024K)]
  0x0000026e4c225c90 JavaThread "Attach Listener"            daemon [_thread_blocked, id=22868, stack(0x000000f36df00000,0x000000f36e000000) (1024K)]
  0x0000026e4c229160 JavaThread "Service Thread"             daemon [_thread_blocked, id=7108, stack(0x000000f36e000000,0x000000f36e100000) (1024K)]
  0x0000026e4c229bc0 JavaThread "Monitor Deflation Thread"   daemon [_thread_blocked, id=15860, stack(0x000000f36e100000,0x000000f36e200000) (1024K)]
  0x0000026e4c2343f0 JavaThread "C2 CompilerThread0"         daemon [_thread_blocked, id=28884, stack(0x000000f36e200000,0x000000f36e300000) (1024K)]
  0x0000026e4c234aa0 JavaThread "C1 CompilerThread0"         daemon [_thread_blocked, id=11340, stack(0x000000f36e300000,0x000000f36e400000) (1024K)]
  0x0000026e4c303b70 JavaThread "Common-Cleaner"             daemon [_thread_blocked, id=5084, stack(0x000000f36e400000,0x000000f36e500000) (1024K)]
  0x0000026e4c34a490 JavaThread "C1 CompilerThread1"         daemon [_thread_blocked, id=10280, stack(0x000000f36e500000,0x000000f36e600000) (1024K)]
  0x0000026e4c353180 JavaThread "C1 CompilerThread2"         daemon [_thread_blocked, id=33076, stack(0x000000f36e600000,0x000000f36e700000) (1024K)]
  0x0000026e4c3b7110 JavaThread "JDWP Transport Listener: dt_socket" daemon [_thread_blocked, id=1156, stack(0x000000f36e700000,0x000000f36e800000) (1024K)]
  0x0000026e4c3bade0 JavaThread "JDWP Event Helper Thread"   daemon [_thread_blocked, id=8612, stack(0x000000f36e800000,0x000000f36e900000) (1024K)]
  0x0000026e4c3bb860 JavaThread "JDWP Command Reader"        daemon [_thread_in_native, id=20520, stack(0x000000f36e900000,0x000000f36ea00000) (1024K)]
  0x0000026e4c54cbb0 JavaThread "Notification Thread"        daemon [_thread_blocked, id=16836, stack(0x000000f36ea00000,0x000000f36eb00000) (1024K)]
  0x0000026e4c5637e0 JavaThread "C2 CompilerThread1"         daemon [_thread_blocked, id=2848, stack(0x000000f36eb00000,0x000000f36ec00000) (1024K)]
Total: 17

Other Threads:
  0x0000026e4b540c90 VMThread "VM Thread"                           [id=30960, stack(0x000000f36db00000,0x000000f36dc00000) (1024K)]
  0x0000026e4b52a270 WatcherThread "VM Periodic Task Thread"        [id=29976, stack(0x000000f36da00000,0x000000f36db00000) (1024K)]
  0x0000026e2753ff60 WorkerThread "GC Thread#0"                     [id=32720, stack(0x000000f36d500000,0x000000f36d600000) (1024K)]
  0x0000026e275532a0 ConcurrentGCThread "G1 Main Marker"            [id=17828, stack(0x000000f36d600000,0x000000f36d700000) (1024K)]
  0x0000026e27554350 WorkerThread "G1 Conc#0"                       [id=13596, stack(0x000000f36d700000,0x000000f36d800000) (1024K)]
  0x0000026e4b3ee7e0 ConcurrentGCThread "G1 Refine#0"               [id=25068, stack(0x000000f36d800000,0x000000f36d900000) (1024K)]
  0x0000026e4b3ef160 ConcurrentGCThread "G1 Service"                [id=29916, stack(0x000000f36d900000,0x000000f36da00000) (1024K)]
Total: 7

Threads with active compile tasks:
Total: 0

VM state: not at safepoint (normal execution)

VM Mutex/Monitor currently owned by a thread: None

Heap address: 0x0000000601000000, size: 8176 MB, Compressed Oops mode: Zero based, Oop shift amount: 3

CDS archive(s) mapped at: [0x0000026e4d000000-0x0000026e4dc90000-0x0000026e4dc90000), size 13172736, SharedBaseAddress: 0x0000026e4d000000, ArchiveRelocationMode: 1.
Compressed class space mapped at: 0x0000026e4e000000-0x0000026e8e000000, reserved size: 1073741824
Narrow klass base: 0x0000026e4d000000, Narrow klass shift: 0, Narrow klass range: 0x100000000

GC Precious Log:
 CardTable entry size: 512
 Card Set container configuration: InlinePtr #cards 4 size 8 Array Of Cards #cards 32 size 80 Howl #buckets 8 coarsen threshold 7372 Howl Bitmap #cards 1024 size 144 coarsen threshold 921 Card regions per heap region 1 cards per card region 8192
 CPUs: 16 total, 16 available
 Memory: 32693M
 Large Page Support: Disabled
 NUMA Support: Disabled
 Compressed Oops: Enabled (Zero based)
 Heap Region Size: 4M
 Heap Min Capacity: 8M
 Heap Initial Capacity: 512M
 Heap Max Capacity: 8176M
 Pre-touch: Disabled
 Parallel Workers: 13
 Concurrent Workers: 3
 Concurrent Refinement Workers: 13
 Periodic GC: Disabled

Heap:
 garbage-first heap   total 524288K, used 8192K [0x0000000601000000, 0x0000000800000000)
  region size 4096K, 3 young (12288K), 0 survivors (0K)
 Metaspace       used 2671K, committed 2880K, reserved 1114112K
  class space    used 192K, committed 320K, reserved 1048576K

Heap Regions: E=young(eden), S=young(survivor), O=old, HS=humongous(starts), HC=humongous(continues), CS=collection set, F=free, TAMS=top-at-mark-start, PB=parsable bottom
|   0|0x0000000601000000, 0x0000000601000000, 0x0000000601400000|  0%| F|  |TAMS 0x0000000601000000| PB 0x0000000601000000| Untracked 
|   1|0x0000000601400000, 0x0000000601400000, 0x0000000601800000|  0%| F|  |TAMS 0x0000000601400000| PB 0x0000000601400000| Untracked 
|   2|0x0000000601800000, 0x0000000601800000, 0x0000000601c00000|  0%| F|  |TAMS 0x0000000601800000| PB 0x0000000601800000| Untracked 
|   3|0x0000000601c00000, 0x0000000601c00000, 0x0000000602000000|  0%| F|  |TAMS 0x0000000601c00000| PB 0x0000000601c00000| Untracked 
|   4|0x0000000602000000, 0x0000000602000000, 0x0000000602400000|  0%| F|  |TAMS 0x0000000602000000| PB 0x0000000602000000| Untracked 
|   5|0x0000000602400000, 0x0000000602400000, 0x0000000602800000|  0%| F|  |TAMS 0x0000000602400000| PB 0x0000000602400000| Untracked 
|   6|0x0000000602800000, 0x0000000602800000, 0x0000000602c00000|  0%| F|  |TAMS 0x0000000602800000| PB 0x0000000602800000| Untracked 
|   7|0x0000000602c00000, 0x0000000602c00000, 0x0000000603000000|  0%| F|  |TAMS 0x0000000602c00000| PB 0x0000000602c00000| Untracked 
|   8|0x0000000603000000, 0x0000000603000000, 0x0000000603400000|  0%| F|  |TAMS 0x0000000603000000| PB 0x0000000603000000| Untracked 
|   9|0x0000000603400000, 0x0000000603400000, 0x0000000603800000|  0%| F|  |TAMS 0x0000000603400000| PB 0x0000000603400000| Untracked 
|  10|0x0000000603800000, 0x0000000603800000, 0x0000000603c00000|  0%| F|  |TAMS 0x0000000603800000| PB 0x0000000603800000| Untracked 
|  11|0x0000000603c00000, 0x0000000603c00000, 0x0000000604000000|  0%| F|  |TAMS 0x0000000603c00000| PB 0x0000000603c00000| Untracked 
|  12|0x0000000604000000, 0x0000000604000000, 0x0000000604400000|  0%| F|  |TAMS 0x0000000604000000| PB 0x0000000604000000| Untracked 
|  13|0x0000000604400000, 0x0000000604400000, 0x0000000604800000|  0%| F|  |TAMS 0x0000000604400000| PB 0x0000000604400000| Untracked 
|  14|0x0000000604800000, 0x0000000604800000, 0x0000000604c00000|  0%| F|  |TAMS 0x0000000604800000| PB 0x0000000604800000| Untracked 
|  15|0x0000000604c00000, 0x0000000604c00000, 0x0000000605000000|  0%| F|  |TAMS 0x0000000604c00000| PB 0x0000000604c00000| Untracked 
|  16|0x0000000605000000, 0x0000000605000000, 0x0000000605400000|  0%| F|  |TAMS 0x0000000605000000| PB 0x0000000605000000| Untracked 
|  17|0x0000000605400000, 0x0000000605400000, 0x0000000605800000|  0%| F|  |TAMS 0x0000000605400000| PB 0x0000000605400000| Untracked 
|  18|0x0000000605800000, 0x0000000605800000, 0x0000000605c00000|  0%| F|  |TAMS 0x0000000605800000| PB 0x0000000605800000| Untracked 
|  19|0x0000000605c00000, 0x0000000605c00000, 0x0000000606000000|  0%| F|  |TAMS 0x0000000605c00000| PB 0x0000000605c00000| Untracked 
|  20|0x0000000606000000, 0x0000000606000000, 0x0000000606400000|  0%| F|  |TAMS 0x0000000606000000| PB 0x0000000606000000| Untracked 
|  21|0x0000000606400000, 0x0000000606400000, 0x0000000606800000|  0%| F|  |TAMS 0x0000000606400000| PB 0x0000000606400000| Untracked 
|  22|0x0000000606800000, 0x0000000606800000, 0x0000000606c00000|  0%| F|  |TAMS 0x0000000606800000| PB 0x0000000606800000| Untracked 
|  23|0x0000000606c00000, 0x0000000606c00000, 0x0000000607000000|  0%| F|  |TAMS 0x0000000606c00000| PB 0x0000000606c00000| Untracked 
|  24|0x0000000607000000, 0x0000000607000000, 0x0000000607400000|  0%| F|  |TAMS 0x0000000607000000| PB 0x0000000607000000| Untracked 
|  25|0x0000000607400000, 0x0000000607400000, 0x0000000607800000|  0%| F|  |TAMS 0x0000000607400000| PB 0x0000000607400000| Untracked 
|  26|0x0000000607800000, 0x0000000607800000, 0x0000000607c00000|  0%| F|  |TAMS 0x0000000607800000| PB 0x0000000607800000| Untracked 
|  27|0x0000000607c00000, 0x0000000607c00000, 0x0000000608000000|  0%| F|  |TAMS 0x0000000607c00000| PB 0x0000000607c00000| Untracked 
|  28|0x0000000608000000, 0x0000000608000000, 0x0000000608400000|  0%| F|  |TAMS 0x0000000608000000| PB 0x0000000608000000| Untracked 
|  29|0x0000000608400000, 0x0000000608400000, 0x0000000608800000|  0%| F|  |TAMS 0x0000000608400000| PB 0x0000000608400000| Untracked 
|  30|0x0000000608800000, 0x0000000608800000, 0x0000000608c00000|  0%| F|  |TAMS 0x0000000608800000| PB 0x0000000608800000| Untracked 
|  31|0x0000000608c00000, 0x0000000608c00000, 0x0000000609000000|  0%| F|  |TAMS 0x0000000608c00000| PB 0x0000000608c00000| Untracked 
|  32|0x0000000609000000, 0x0000000609000000, 0x0000000609400000|  0%| F|  |TAMS 0x0000000609000000| PB 0x0000000609000000| Untracked 
|  33|0x0000000609400000, 0x0000000609400000, 0x0000000609800000|  0%| F|  |TAMS 0x0000000609400000| PB 0x0000000609400000| Untracked 
|  34|0x0000000609800000, 0x0000000609800000, 0x0000000609c00000|  0%| F|  |TAMS 0x0000000609800000| PB 0x0000000609800000| Untracked 
|  35|0x0000000609c00000, 0x0000000609c00000, 0x000000060a000000|  0%| F|  |TAMS 0x0000000609c00000| PB 0x0000000609c00000| Untracked 
|  36|0x000000060a000000, 0x000000060a000000, 0x000000060a400000|  0%| F|  |TAMS 0x000000060a000000| PB 0x000000060a000000| Untracked 
|  37|0x000000060a400000, 0x000000060a400000, 0x000000060a800000|  0%| F|  |TAMS 0x000000060a400000| PB 0x000000060a400000| Untracked 
|  38|0x000000060a800000, 0x000000060a800000, 0x000000060ac00000|  0%| F|  |TAMS 0x000000060a800000| PB 0x000000060a800000| Untracked 
|  39|0x000000060ac00000, 0x000000060ac00000, 0x000000060b000000|  0%| F|  |TAMS 0x000000060ac00000| PB 0x000000060ac00000| Untracked 
|  40|0x000000060b000000, 0x000000060b000000, 0x000000060b400000|  0%| F|  |TAMS 0x000000060b000000| PB 0x000000060b000000| Untracked 
|  41|0x000000060b400000, 0x000000060b400000, 0x000000060b800000|  0%| F|  |TAMS 0x000000060b400000| PB 0x000000060b400000| Untracked 
|  42|0x000000060b800000, 0x000000060b800000, 0x000000060bc00000|  0%| F|  |TAMS 0x000000060b800000| PB 0x000000060b800000| Untracked 
|  43|0x000000060bc00000, 0x000000060bc00000, 0x000000060c000000|  0%| F|  |TAMS 0x000000060bc00000| PB 0x000000060bc00000| Untracked 
|  44|0x000000060c000000, 0x000000060c000000, 0x000000060c400000|  0%| F|  |TAMS 0x000000060c000000| PB 0x000000060c000000| Untracked 
|  45|0x000000060c400000, 0x000000060c400000, 0x000000060c800000|  0%| F|  |TAMS 0x000000060c400000| PB 0x000000060c400000| Untracked 
|  46|0x000000060c800000, 0x000000060c800000, 0x000000060cc00000|  0%| F|  |TAMS 0x000000060c800000| PB 0x000000060c800000| Untracked 
|  47|0x000000060cc00000, 0x000000060cc00000, 0x000000060d000000|  0%| F|  |TAMS 0x000000060cc00000| PB 0x000000060cc00000| Untracked 
|  48|0x000000060d000000, 0x000000060d000000, 0x000000060d400000|  0%| F|  |TAMS 0x000000060d000000| PB 0x000000060d000000| Untracked 
|  49|0x000000060d400000, 0x000000060d400000, 0x000000060d800000|  0%| F|  |TAMS 0x000000060d400000| PB 0x000000060d400000| Untracked 
|  50|0x000000060d800000, 0x000000060d800000, 0x000000060dc00000|  0%| F|  |TAMS 0x000000060d800000| PB 0x000000060d800000| Untracked 
|  51|0x000000060dc00000, 0x000000060dc00000, 0x000000060e000000|  0%| F|  |TAMS 0x000000060dc00000| PB 0x000000060dc00000| Untracked 
|  52|0x000000060e000000, 0x000000060e000000, 0x000000060e400000|  0%| F|  |TAMS 0x000000060e000000| PB 0x000000060e000000| Untracked 
|  53|0x000000060e400000, 0x000000060e400000, 0x000000060e800000|  0%| F|  |TAMS 0x000000060e400000| PB 0x000000060e400000| Untracked 
|  54|0x000000060e800000, 0x000000060e800000, 0x000000060ec00000|  0%| F|  |TAMS 0x000000060e800000| PB 0x000000060e800000| Untracked 
|  55|0x000000060ec00000, 0x000000060ec00000, 0x000000060f000000|  0%| F|  |TAMS 0x000000060ec00000| PB 0x000000060ec00000| Untracked 
|  56|0x000000060f000000, 0x000000060f000000, 0x000000060f400000|  0%| F|  |TAMS 0x000000060f000000| PB 0x000000060f000000| Untracked 
|  57|0x000000060f400000, 0x000000060f400000, 0x000000060f800000|  0%| F|  |TAMS 0x000000060f400000| PB 0x000000060f400000| Untracked 
|  58|0x000000060f800000, 0x000000060f800000, 0x000000060fc00000|  0%| F|  |TAMS 0x000000060f800000| PB 0x000000060f800000| Untracked 
|  59|0x000000060fc00000, 0x000000060fc00000, 0x0000000610000000|  0%| F|  |TAMS 0x000000060fc00000| PB 0x000000060fc00000| Untracked 
|  60|0x0000000610000000, 0x0000000610000000, 0x0000000610400000|  0%| F|  |TAMS 0x0000000610000000| PB 0x0000000610000000| Untracked 
|  61|0x0000000610400000, 0x0000000610400000, 0x0000000610800000|  0%| F|  |TAMS 0x0000000610400000| PB 0x0000000610400000| Untracked 
|  62|0x0000000610800000, 0x0000000610800000, 0x0000000610c00000|  0%| F|  |TAMS 0x0000000610800000| PB 0x0000000610800000| Untracked 
|  63|0x0000000610c00000, 0x0000000610c00000, 0x0000000611000000|  0%| F|  |TAMS 0x0000000610c00000| PB 0x0000000610c00000| Untracked 
|  64|0x0000000611000000, 0x0000000611000000, 0x0000000611400000|  0%| F|  |TAMS 0x0000000611000000| PB 0x0000000611000000| Untracked 
|  65|0x0000000611400000, 0x0000000611400000, 0x0000000611800000|  0%| F|  |TAMS 0x0000000611400000| PB 0x0000000611400000| Untracked 
|  66|0x0000000611800000, 0x0000000611800000, 0x0000000611c00000|  0%| F|  |TAMS 0x0000000611800000| PB 0x0000000611800000| Untracked 
|  67|0x0000000611c00000, 0x0000000611c00000, 0x0000000612000000|  0%| F|  |TAMS 0x0000000611c00000| PB 0x0000000611c00000| Untracked 
|  68|0x0000000612000000, 0x0000000612000000, 0x0000000612400000|  0%| F|  |TAMS 0x0000000612000000| PB 0x0000000612000000| Untracked 
|  69|0x0000000612400000, 0x0000000612400000, 0x0000000612800000|  0%| F|  |TAMS 0x0000000612400000| PB 0x0000000612400000| Untracked 
|  70|0x0000000612800000, 0x0000000612800000, 0x0000000612c00000|  0%| F|  |TAMS 0x0000000612800000| PB 0x0000000612800000| Untracked 
|  71|0x0000000612c00000, 0x0000000612c00000, 0x0000000613000000|  0%| F|  |TAMS 0x0000000612c00000| PB 0x0000000612c00000| Untracked 
|  72|0x0000000613000000, 0x0000000613000000, 0x0000000613400000|  0%| F|  |TAMS 0x0000000613000000| PB 0x0000000613000000| Untracked 
|  73|0x0000000613400000, 0x0000000613400000, 0x0000000613800000|  0%| F|  |TAMS 0x0000000613400000| PB 0x0000000613400000| Untracked 
|  74|0x0000000613800000, 0x0000000613800000, 0x0000000613c00000|  0%| F|  |TAMS 0x0000000613800000| PB 0x0000000613800000| Untracked 
|  75|0x0000000613c00000, 0x0000000613c00000, 0x0000000614000000|  0%| F|  |TAMS 0x0000000613c00000| PB 0x0000000613c00000| Untracked 
|  76|0x0000000614000000, 0x0000000614000000, 0x0000000614400000|  0%| F|  |TAMS 0x0000000614000000| PB 0x0000000614000000| Untracked 
|  77|0x0000000614400000, 0x0000000614400000, 0x0000000614800000|  0%| F|  |TAMS 0x0000000614400000| PB 0x0000000614400000| Untracked 
|  78|0x0000000614800000, 0x0000000614800000, 0x0000000614c00000|  0%| F|  |TAMS 0x0000000614800000| PB 0x0000000614800000| Untracked 
|  79|0x0000000614c00000, 0x0000000614c00000, 0x0000000615000000|  0%| F|  |TAMS 0x0000000614c00000| PB 0x0000000614c00000| Untracked 
|  80|0x0000000615000000, 0x0000000615000000, 0x0000000615400000|  0%| F|  |TAMS 0x0000000615000000| PB 0x0000000615000000| Untracked 
|  81|0x0000000615400000, 0x0000000615400000, 0x0000000615800000|  0%| F|  |TAMS 0x0000000615400000| PB 0x0000000615400000| Untracked 
|  82|0x0000000615800000, 0x0000000615800000, 0x0000000615c00000|  0%| F|  |TAMS 0x0000000615800000| PB 0x0000000615800000| Untracked 
|  83|0x0000000615c00000, 0x0000000615c00000, 0x0000000616000000|  0%| F|  |TAMS 0x0000000615c00000| PB 0x0000000615c00000| Untracked 
|  84|0x0000000616000000, 0x0000000616000000, 0x0000000616400000|  0%| F|  |TAMS 0x0000000616000000| PB 0x0000000616000000| Untracked 
|  85|0x0000000616400000, 0x0000000616400000, 0x0000000616800000|  0%| F|  |TAMS 0x0000000616400000| PB 0x0000000616400000| Untracked 
|  86|0x0000000616800000, 0x0000000616800000, 0x0000000616c00000|  0%| F|  |TAMS 0x0000000616800000| PB 0x0000000616800000| Untracked 
|  87|0x0000000616c00000, 0x0000000616c00000, 0x0000000617000000|  0%| F|  |TAMS 0x0000000616c00000| PB 0x0000000616c00000| Untracked 
|  88|0x0000000617000000, 0x0000000617000000, 0x0000000617400000|  0%| F|  |TAMS 0x0000000617000000| PB 0x0000000617000000| Untracked 
|  89|0x0000000617400000, 0x0000000617400000, 0x0000000617800000|  0%| F|  |TAMS 0x0000000617400000| PB 0x0000000617400000| Untracked 
|  90|0x0000000617800000, 0x0000000617800000, 0x0000000617c00000|  0%| F|  |TAMS 0x0000000617800000| PB 0x0000000617800000| Untracked 
|  91|0x0000000617c00000, 0x0000000617c00000, 0x0000000618000000|  0%| F|  |TAMS 0x0000000617c00000| PB 0x0000000617c00000| Untracked 
|  92|0x0000000618000000, 0x0000000618000000, 0x0000000618400000|  0%| F|  |TAMS 0x0000000618000000| PB 0x0000000618000000| Untracked 
|  93|0x0000000618400000, 0x0000000618400000, 0x0000000618800000|  0%| F|  |TAMS 0x0000000618400000| PB 0x0000000618400000| Untracked 
|  94|0x0000000618800000, 0x0000000618800000, 0x0000000618c00000|  0%| F|  |TAMS 0x0000000618800000| PB 0x0000000618800000| Untracked 
|  95|0x0000000618c00000, 0x0000000618c00000, 0x0000000619000000|  0%| F|  |TAMS 0x0000000618c00000| PB 0x0000000618c00000| Untracked 
|  96|0x0000000619000000, 0x0000000619000000, 0x0000000619400000|  0%| F|  |TAMS 0x0000000619000000| PB 0x0000000619000000| Untracked 
|  97|0x0000000619400000, 0x0000000619400000, 0x0000000619800000|  0%| F|  |TAMS 0x0000000619400000| PB 0x0000000619400000| Untracked 
|  98|0x0000000619800000, 0x0000000619800000, 0x0000000619c00000|  0%| F|  |TAMS 0x0000000619800000| PB 0x0000000619800000| Untracked 
|  99|0x0000000619c00000, 0x0000000619c00000, 0x000000061a000000|  0%| F|  |TAMS 0x0000000619c00000| PB 0x0000000619c00000| Untracked 
| 100|0x000000061a000000, 0x000000061a000000, 0x000000061a400000|  0%| F|  |TAMS 0x000000061a000000| PB 0x000000061a000000| Untracked 
| 101|0x000000061a400000, 0x000000061a400000, 0x000000061a800000|  0%| F|  |TAMS 0x000000061a400000| PB 0x000000061a400000| Untracked 
| 102|0x000000061a800000, 0x000000061a800000, 0x000000061ac00000|  0%| F|  |TAMS 0x000000061a800000| PB 0x000000061a800000| Untracked 
| 103|0x000000061ac00000, 0x000000061ac00000, 0x000000061b000000|  0%| F|  |TAMS 0x000000061ac00000| PB 0x000000061ac00000| Untracked 
| 104|0x000000061b000000, 0x000000061b000000, 0x000000061b400000|  0%| F|  |TAMS 0x000000061b000000| PB 0x000000061b000000| Untracked 
| 105|0x000000061b400000, 0x000000061b400000, 0x000000061b800000|  0%| F|  |TAMS 0x000000061b400000| PB 0x000000061b400000| Untracked 
| 106|0x000000061b800000, 0x000000061b800000, 0x000000061bc00000|  0%| F|  |TAMS 0x000000061b800000| PB 0x000000061b800000| Untracked 
| 107|0x000000061bc00000, 0x000000061bc00000, 0x000000061c000000|  0%| F|  |TAMS 0x000000061bc00000| PB 0x000000061bc00000| Untracked 
| 108|0x000000061c000000, 0x000000061c000000, 0x000000061c400000|  0%| F|  |TAMS 0x000000061c000000| PB 0x000000061c000000| Untracked 
| 109|0x000000061c400000, 0x000000061c400000, 0x000000061c800000|  0%| F|  |TAMS 0x000000061c400000| PB 0x000000061c400000| Untracked 
| 110|0x000000061c800000, 0x000000061c800000, 0x000000061cc00000|  0%| F|  |TAMS 0x000000061c800000| PB 0x000000061c800000| Untracked 
| 111|0x000000061cc00000, 0x000000061cc00000, 0x000000061d000000|  0%| F|  |TAMS 0x000000061cc00000| PB 0x000000061cc00000| Untracked 
| 112|0x000000061d000000, 0x000000061d000000, 0x000000061d400000|  0%| F|  |TAMS 0x000000061d000000| PB 0x000000061d000000| Untracked 
| 113|0x000000061d400000, 0x000000061d400000, 0x000000061d800000|  0%| F|  |TAMS 0x000000061d400000| PB 0x000000061d400000| Untracked 
| 114|0x000000061d800000, 0x000000061d800000, 0x000000061dc00000|  0%| F|  |TAMS 0x000000061d800000| PB 0x000000061d800000| Untracked 
| 115|0x000000061dc00000, 0x000000061dc00000, 0x000000061e000000|  0%| F|  |TAMS 0x000000061dc00000| PB 0x000000061dc00000| Untracked 
| 116|0x000000061e000000, 0x000000061e000000, 0x000000061e400000|  0%| F|  |TAMS 0x000000061e000000| PB 0x000000061e000000| Untracked 
| 117|0x000000061e400000, 0x000000061e400000, 0x000000061e800000|  0%| F|  |TAMS 0x000000061e400000| PB 0x000000061e400000| Untracked 
| 118|0x000000061e800000, 0x000000061e800000, 0x000000061ec00000|  0%| F|  |TAMS 0x000000061e800000| PB 0x000000061e800000| Untracked 
| 119|0x000000061ec00000, 0x000000061ec00000, 0x000000061f000000|  0%| F|  |TAMS 0x000000061ec00000| PB 0x000000061ec00000| Untracked 
| 120|0x000000061f000000, 0x000000061f000000, 0x000000061f400000|  0%| F|  |TAMS 0x000000061f000000| PB 0x000000061f000000| Untracked 
| 121|0x000000061f400000, 0x000000061f400000, 0x000000061f800000|  0%| F|  |TAMS 0x000000061f400000| PB 0x000000061f400000| Untracked 
| 122|0x000000061f800000, 0x000000061f800000, 0x000000061fc00000|  0%| F|  |TAMS 0x000000061f800000| PB 0x000000061f800000| Untracked 
| 123|0x000000061fc00000, 0x000000061fc00000, 0x0000000620000000|  0%| F|  |TAMS 0x000000061fc00000| PB 0x000000061fc00000| Untracked 
| 124|0x0000000620000000, 0x0000000620000000, 0x0000000620400000|  0%| F|  |TAMS 0x0000000620000000| PB 0x0000000620000000| Untracked 
| 125|0x0000000620400000, 0x00000006205fa208, 0x0000000620800000| 49%| E|  |TAMS 0x0000000620400000| PB 0x0000000620400000| Complete 
| 126|0x0000000620800000, 0x0000000620c00000, 0x0000000620c00000|100%| E|CS|TAMS 0x0000000620800000| PB 0x0000000620800000| Complete 
| 127|0x0000000620c00000, 0x0000000621000000, 0x0000000621000000|100%| E|CS|TAMS 0x0000000620c00000| PB 0x0000000620c00000| Complete 

Card table byte_map: [0x0000026e40170000,0x0000026e41170000] _byte_map_base: 0x0000026e3d168000

Marking Bits: (CMBitMap*) 0x0000026e27541880
 Bits: [0x0000026e41170000, 0x0000026e49130000)

Polling page: 0x0000026e25310000

Metaspace:

Usage:
  Non-class:      2.42 MB used.
      Class:    192.88 KB used.
       Both:      2.61 MB used.

Virtual space:
  Non-class space:       64.00 MB reserved,       2.50 MB (  4%) committed,  1 nodes.
      Class space:        1.00 GB reserved,     320.00 KB ( <1%) committed,  1 nodes.
             Both:        1.06 GB reserved,       2.81 MB ( <1%) committed. 

Chunk freelists:
   Non-Class:  11.12 MB
       Class:  15.66 MB
        Both:  26.79 MB

MaxMetaspaceSize: unlimited
CompressedClassSpaceSize: 1.00 GB
Initial GC threshold: 21.00 MB
Current GC threshold: 21.00 MB
CDS: on
 - commit_granule_bytes: 65536.
 - commit_granule_words: 8192.
 - virtual_space_node_default_size: 8388608.
 - enlarge_chunks_in_place: 1.
 - use_allocation_guard: 0.


Internal statistics:

num_allocs_failed_limit: 0.
num_arena_births: 74.
num_arena_deaths: 0.
num_vsnodes_births: 2.
num_vsnodes_deaths: 0.
num_space_committed: 45.
num_space_uncommitted: 0.
num_chunks_returned_to_freelist: 0.
num_chunks_taken_from_freelist: 122.
num_chunk_merges: 0.
num_chunk_splits: 83.
num_chunks_enlarged: 55.
num_inconsistent_stats: 0.

CodeHeap 'non-profiled nmethods': size=119168Kb used=201Kb max_used=201Kb free=118966Kb
 bounds [0x0000026e37490000, 0x0000026e37700000, 0x0000026e3e8f0000]
CodeHeap 'profiled nmethods': size=119104Kb used=982Kb max_used=982Kb free=118121Kb
 bounds [0x0000026e2f8f0000, 0x0000026e2fb60000, 0x0000026e36d40000]
CodeHeap 'non-nmethods': size=7488Kb used=3216Kb max_used=3216Kb free=4271Kb
 bounds [0x0000026e36d40000, 0x0000026e37070000, 0x0000026e37490000]
 total_blobs=1650 nmethods=641 adapters=912
 compilation: enabled
              stopped_count=0, restarted_count=0
 full_count=0

Compilation events (20 events):
Event: 0.207 Thread 0x0000026e4c34a490  632       3       sun.misc.Unsafe::putInt (11 bytes)
Event: 0.207 Thread 0x0000026e4c34a490 nmethod 632 0x0000026e2f9e1b90 code [0x0000026e2f9e1d20, 0x0000026e2f9e1e30]
Event: 0.208 Thread 0x0000026e4c353180  633       3       org.lwjgl.system.MemoryUtil::encodeASCIIUnsafe (53 bytes)
Event: 0.208 Thread 0x0000026e4c353180 nmethod 633 0x0000026e2f9e1f10 code [0x0000026e2f9e2100, 0x0000026e2f9e2518]
Event: 0.208 Thread 0x0000026e4c353180  634       3       java.util.WeakHashMap::maskNull (12 bytes)
Event: 0.208 Thread 0x0000026e4c34a490  635       3       java.util.WeakHashMap::hash (28 bytes)
Event: 0.208 Thread 0x0000026e4c234aa0  636       3       java.util.WeakHashMap::getTable (9 bytes)
Event: 0.208 Thread 0x0000026e4c353180 nmethod 634 0x0000026e2f9e2690 code [0x0000026e2f9e2820, 0x0000026e2f9e2968]
Event: 0.208 Thread 0x0000026e4c353180  637   !   3       java.util.WeakHashMap::expungeStaleEntries (139 bytes)
Event: 0.208 Thread 0x0000026e4c34a490 nmethod 635 0x0000026e2f9e2a10 code [0x0000026e2f9e2bc0, 0x0000026e2f9e2dc8]
Event: 0.208 Thread 0x0000026e4c34a490  638       3       java.util.WeakHashMap::indexFor (6 bytes)
Event: 0.208 Thread 0x0000026e4c234aa0 nmethod 636 0x0000026e2f9e2e90 code [0x0000026e2f9e3040, 0x0000026e2f9e3190]
Event: 0.208 Thread 0x0000026e4c34a490 nmethod 638 0x0000026e2f9e3210 code [0x0000026e2f9e33a0, 0x0000026e2f9e3498]
Event: 0.208 Thread 0x0000026e4c234aa0  639       3       java.lang.String::regionMatches (150 bytes)
Event: 0.208 Thread 0x0000026e4c34a490  640       3       java.lang.StringLatin1::regionMatchesCI (45 bytes)
Event: 0.208 Thread 0x0000026e4c353180 nmethod 637 0x0000026e2f9e3510 code [0x0000026e2f9e3720, 0x0000026e2f9e4008]
Event: 0.208 Thread 0x0000026e4c34a490 nmethod 640 0x0000026e2f9e4410 code [0x0000026e2f9e45e0, 0x0000026e2f9e48c0]
Event: 0.208 Thread 0x0000026e4c353180  641       1       java.security.CodeSource::getLocationNoFragString (5 bytes)
Event: 0.208 Thread 0x0000026e4c353180 nmethod 641 0x0000026e374c2490 code [0x0000026e374c2620, 0x0000026e374c26f0]
Event: 0.208 Thread 0x0000026e4c234aa0 nmethod 639 0x0000026e2f9e4a90 code [0x0000026e2f9e4ce0, 0x0000026e2f9e5558]

GC Heap History (0 events):
No events

Dll operation events (9 events):
Event: 0.005 Loaded shared library C:\Program Files\Java\jdk-21\bin\java.dll
Event: 0.007 Loaded shared library C:\Program Files\Java\jdk-21\bin\zip.dll
Event: 0.025 Loaded shared library C:\Program Files\Java\jdk-21\bin\jsvml.dll
Event: 0.072 Loaded shared library C:\Program Files\Java\jdk-21\bin\instrument.dll
Event: 0.089 Loaded shared library C:\Program Files\Java\jdk-21\bin\net.dll
Event: 0.090 Loaded shared library C:\Program Files\Java\jdk-21\bin\nio.dll
Event: 0.093 Loaded shared library C:\Program Files\Java\jdk-21\bin\zip.dll
Event: 0.131 Loaded shared library C:\Program Files\Java\jdk-21\bin\jimage.dll
Event: 0.148 Loaded shared library C:\Users\chris\AppData\Local\Temp\lwjgl_chris\3.3.3+5\x64\lwjgl.dll

Deoptimization events (20 events):
Event: 0.147 Thread 0x0000026e27496260 Uncommon trap: trap_request=0xffffff45 fr.pc=0x0000026e374b4070 relative=0x0000000000000050
Event: 0.147 Thread 0x0000026e27496260 Uncommon trap: reason=unstable_if action=reinterpret pc=0x0000026e374b4070 method=sun.nio.fs.WindowsPathParser.isSlash(C)Z @ 9 c2
Event: 0.147 Thread 0x0000026e27496260 DEOPT PACKING pc=0x0000026e374b4070 sp=0x000000f36d4fd450
Event: 0.147 Thread 0x0000026e27496260 DEOPT UNPACKING pc=0x0000026e36d946a2 sp=0x000000f36d4fd3e8 mode 2
Event: 0.172 Thread 0x0000026e27496260 Uncommon trap: trap_request=0xffffff45 fr.pc=0x0000026e3749fdec relative=0x0000000000000c0c
Event: 0.172 Thread 0x0000026e27496260 Uncommon trap: reason=unstable_if action=reinterpret pc=0x0000026e3749fdec method=java.util.HashMap.putVal(ILjava/lang/Object;Ljava/lang/Object;ZZ)Ljava/lang/Object; @ 181 c2
Event: 0.172 Thread 0x0000026e27496260 DEOPT PACKING pc=0x0000026e3749fdec sp=0x000000f36d4fd2e0
Event: 0.172 Thread 0x0000026e27496260 DEOPT UNPACKING pc=0x0000026e36d946a2 sp=0x000000f36d4fd2b0 mode 2
Event: 0.182 Thread 0x0000026e27496260 DEOPT PACKING pc=0x0000026e2f9bc65a sp=0x000000f36d4fd470
Event: 0.182 Thread 0x0000026e27496260 DEOPT UNPACKING pc=0x0000026e36d94e42 sp=0x000000f36d4fc908 mode 0
Event: 0.182 Thread 0x0000026e27496260 DEOPT PACKING pc=0x0000026e2f9bc65a sp=0x000000f36d4fd470
Event: 0.182 Thread 0x0000026e27496260 DEOPT UNPACKING pc=0x0000026e36d94e42 sp=0x000000f36d4fc908 mode 0
Event: 0.183 Thread 0x0000026e27496260 DEOPT PACKING pc=0x0000026e2f9bc65a sp=0x000000f36d4fd470
Event: 0.183 Thread 0x0000026e27496260 DEOPT UNPACKING pc=0x0000026e36d94e42 sp=0x000000f36d4fc908 mode 0
Event: 0.183 Thread 0x0000026e27496260 DEOPT PACKING pc=0x0000026e2f9bc65a sp=0x000000f36d4fd470
Event: 0.183 Thread 0x0000026e27496260 DEOPT UNPACKING pc=0x0000026e36d94e42 sp=0x000000f36d4fc908 mode 0
Event: 0.184 Thread 0x0000026e27496260 DEOPT PACKING pc=0x0000026e2f9bc65a sp=0x000000f36d4fd470
Event: 0.184 Thread 0x0000026e27496260 DEOPT UNPACKING pc=0x0000026e36d94e42 sp=0x000000f36d4fc908 mode 0
Event: 0.184 Thread 0x0000026e27496260 DEOPT PACKING pc=0x0000026e2f9bc65a sp=0x000000f36d4fd470
Event: 0.184 Thread 0x0000026e27496260 DEOPT UNPACKING pc=0x0000026e36d94e42 sp=0x000000f36d4fc908 mode 0

Classes loaded (20 events):
Event: 0.200 Loading class org/lwjgl/system/MemoryStack
Event: 0.200 Loading class org/lwjgl/system/MemoryStack done
Event: 0.201 Loading class org/lwjgl/system/MemoryStack$DebugMemoryStack
Event: 0.201 Loading class org/lwjgl/system/MemoryStack$DebugMemoryStack done
Event: 0.201 Loading class org/lwjgl/system/MemoryStack
Event: 0.201 Loading class org/lwjgl/system/MemoryStack done
Event: 0.201 Loading class org/lwjgl/system/MemoryStack
Event: 0.201 Loading class org/lwjgl/system/MemoryStack done
Event: 0.202 Loading class org/lwjgl/BufferUtils
Event: 0.202 Loading class org/lwjgl/BufferUtils done
Event: 0.202 Loading class org/lwjgl/system/windows/WinBase
Event: 0.202 Loading class org/lwjgl/system/windows/WinBase done
Event: 0.202 Loading class org/lwjgl/system/ThreadLocalUtil
Event: 0.202 Loading class org/lwjgl/system/ThreadLocalUtil done
Event: 0.206 Loading class org/lwjgl/glfw/GLFW$Functions
Event: 0.206 Loading class org/lwjgl/glfw/GLFW$Functions done
Event: 0.208 Loading class org/lwjgl/glfw/EventLoop
Event: 0.208 Loading class org/lwjgl/glfw/EventLoop done
Event: 0.208 Loading class org/lwjgl/system/JNI
Event: 0.208 Loading class org/lwjgl/system/JNI done

Classes unloaded (0 events):
No events

Classes redefined (0 events):
No events

Internal exceptions (19 events):
Event: 0.072 Thread 0x0000026e27496260 Exception <a 'java/lang/NoSuchMethodError'{0x0000000620f24d18}: 'void java.lang.invoke.DirectMethodHandle$Holder.invokeStatic(java.lang.Object, java.lang.Object, java.lang.Object)'> (0x0000000620f24d18) 
thrown [s\open\src\hotspot\share\interpreter\linkResolver.cpp, line 773]
Event: 0.075 Thread 0x0000026e27496260 Exception <a 'java/lang/NoSuchMethodError'{0x0000000620f3c220}: 'java.lang.Object java.lang.invoke.Invokers$Holder.invokeExact_MT(java.lang.Object, java.lang.Object, java.lang.Object, java.lang.Object, java.lang.Object)'> (0x0000000620f3c220) 
thrown [s\open\src\hotspot\share\interpreter\linkResolver.cpp, line 773]
Event: 0.124 Thread 0x0000026e27496260 Exception <a 'java/lang/NoSuchMethodError'{0x0000000620ac2280}: 'void java.lang.invoke.DirectMethodHandle$Holder.invokeStatic(java.lang.Object, java.lang.Object)'> (0x0000000620ac2280) 
thrown [s\open\src\hotspot\share\interpreter\linkResolver.cpp, line 773]
Event: 0.124 Thread 0x0000026e27496260 Exception <a 'java/lang/NoSuchMethodError'{0x0000000620acc8e8}: 'void java.lang.System.load(java.lang.String, java.lang.Class)'> (0x0000000620acc8e8) 
thrown [s\open\src\hotspot\share\interpreter\linkResolver.cpp, line 773]
Event: 0.124 Thread 0x0000026e27496260 Exception <a 'java/lang/NoSuchMethodError'{0x0000000620acd2b8}: 'void java.lang.invoke.DirectMethodHandle$Holder.invokeSpecial(java.lang.Object, java.lang.Object, java.lang.Object)'> (0x0000000620acd2b8) 
thrown [s\open\src\hotspot\share\interpreter\linkResolver.cpp, line 773]
Event: 0.125 Thread 0x0000026e27496260 Exception <a 'java/lang/NoSuchMethodError'{0x0000000620ae0b20}: 'java.lang.Object java.lang.invoke.DirectMethodHandle$Holder.invokeStatic(java.lang.Object, java.lang.Object, int)'> (0x0000000620ae0b20) 
thrown [s\open\src\hotspot\share\interpreter\linkResolver.cpp, line 773]
Event: 0.126 Thread 0x0000026e27496260 Exception <a 'java/lang/NoSuchMethodError'{0x0000000620aec088}: 'void java.lang.invoke.DelegatingMethodHandle$Holder.delegate(java.lang.Object, java.lang.Object, int, java.lang.Object)'> (0x0000000620aec088) 
thrown [s\open\src\hotspot\share\interpreter\linkResolver.cpp, line 773]
Event: 0.126 Thread 0x0000026e27496260 Exception <a 'java/lang/NoSuchMethodError'{0x0000000620aefd18}: 'int java.lang.invoke.DirectMethodHandle$Holder.invokeSpecial(java.lang.Object, java.lang.Object, java.lang.Object)'> (0x0000000620aefd18) 
thrown [s\open\src\hotspot\share\interpreter\linkResolver.cpp, line 773]
Event: 0.129 Thread 0x0000026e27496260 Exception <a 'java/lang/NoSuchMethodError'{0x0000000620b0c940}: 'void java.lang.System.loadLibrary(java.lang.String, java.lang.Class)'> (0x0000000620b0c940) 
thrown [s\open\src\hotspot\share\interpreter\linkResolver.cpp, line 773]
Event: 0.147 Thread 0x0000026e27496260 Exception <a 'sun/nio/fs/WindowsException'{0x0000000620bc6888}> (0x0000000620bc6888) 
thrown [s\open\src\hotspot\share\prims\jni.cpp, line 520]
Event: 0.147 Thread 0x0000026e27496260 Exception <a 'sun/nio/fs/WindowsException'{0x0000000620bc7e90}> (0x0000000620bc7e90) 
thrown [s\open\src\hotspot\share\prims\jni.cpp, line 520]
Event: 0.189 Thread 0x0000026e27496260 Exception <a 'sun/nio/fs/WindowsException'{0x00000006204b3010}> (0x00000006204b3010) 
thrown [s\open\src\hotspot\share\prims\jni.cpp, line 520]
Event: 0.189 Thread 0x0000026e27496260 Exception <a 'sun/nio/fs/WindowsException'{0x00000006204b3370}> (0x00000006204b3370) 
thrown [s\open\src\hotspot\share\prims\jni.cpp, line 520]
Event: 0.196 Thread 0x0000026e27496260 Exception <a 'java/lang/NoSuchMethodError'{0x000000062052d220}: 'int java.lang.invoke.DirectMethodHandle$Holder.invokeStaticInit(java.lang.Object, java.lang.Object, int, long)'> (0x000000062052d220) 
thrown [s\open\src\hotspot\share\interpreter\linkResolver.cpp, line 773]
Event: 0.197 Thread 0x0000026e27496260 Exception <a 'java/lang/NoSuchMethodError'{0x0000000620532280}: 'java.lang.Object java.lang.invoke.DirectMethodHandle$Holder.newInvokeSpecial(java.lang.Object, java.lang.Object, int)'> (0x0000000620532280) 
thrown [s\open\src\hotspot\share\interpreter\linkResolver.cpp, line 773]
Event: 0.198 Thread 0x0000026e27496260 Exception <a 'java/lang/NoSuchMethodError'{0x0000000620547a60}: 'int java.lang.invoke.DirectMethodHandle$Holder.invokeStaticInit(java.lang.Object, java.lang.Object, long, long)'> (0x0000000620547a60) 
thrown [s\open\src\hotspot\share\interpreter\linkResolver.cpp, line 773]
Event: 0.199 Thread 0x0000026e27496260 Exception <a 'java/lang/NoSuchMethodError'{0x000000062054d2c8}: 'java.lang.Object java.lang.invoke.DirectMethodHandle$Holder.newInvokeSpecial(java.lang.Object, java.lang.Object, long)'> (0x000000062054d2c8) 
thrown [s\open\src\hotspot\share\interpreter\linkResolver.cpp, line 773]
Event: 0.199 Thread 0x0000026e27496260 Exception <a 'java/lang/NoSuchMethodError'{0x0000000620551330}: 'java.lang.Object java.lang.invoke.Invokers$Holder.linkToTargetMethod(java.lang.Object, long, java.lang.Object)'> (0x0000000620551330) 
thrown [s\open\src\hotspot\share\interpreter\linkResolver.cpp, line 773]
Event: 0.199 Thread 0x0000026e27496260 Exception <a 'java/lang/NoSuchMethodError'{0x00000006205583b8}: 'int java.lang.invoke.DirectMethodHandle$Holder.invokeStaticInit(java.lang.Object, java.lang.Object, java.lang.Object, long)'> (0x00000006205583b8) 
thrown [s\open\src\hotspot\share\interpreter\linkResolver.cpp, line 773]

ZGC Phase Switch (0 events):
No events

VM Operations (8 events):
Event: 0.056 Executing VM operation: HandshakeAllThreads (Deoptimize)
Event: 0.056 Executing VM operation: HandshakeAllThreads (Deoptimize) done
Event: 0.070 Executing VM operation: ChangeBreakpoints
Event: 0.070 Executing VM operation: ChangeBreakpoints done
Event: 0.070 Executing VM operation: ChangeBreakpoints
Event: 0.070 Executing VM operation: ChangeBreakpoints done
Event: 0.142 Executing VM operation: HandshakeAllThreads (Deoptimize)
Event: 0.143 Executing VM operation: HandshakeAllThreads (Deoptimize) done

Events (17 events):
Event: 0.016 Thread 0x0000026e27496260 Thread added: 0x0000026e27496260
Event: 0.024 Thread 0x0000026e4c21f9e0 Thread added: 0x0000026e4c21f9e0
Event: 0.024 Thread 0x0000026e4c221710 Thread added: 0x0000026e4c221710
Event: 0.024 Thread 0x0000026e4c224220 Thread added: 0x0000026e4c224220
Event: 0.024 Thread 0x0000026e4c225c90 Thread added: 0x0000026e4c225c90
Event: 0.024 Thread 0x0000026e4c229160 Thread added: 0x0000026e4c229160
Event: 0.024 Thread 0x0000026e4c229bc0 Thread added: 0x0000026e4c229bc0
Event: 0.024 Thread 0x0000026e4c2343f0 Thread added: 0x0000026e4c2343f0
Event: 0.024 Thread 0x0000026e4c234aa0 Thread added: 0x0000026e4c234aa0
Event: 0.052 Thread 0x0000026e4c303b70 Thread added: 0x0000026e4c303b70
Event: 0.056 Thread 0x0000026e4c34a490 Thread added: 0x0000026e4c34a490
Event: 0.056 Thread 0x0000026e4c353180 Thread added: 0x0000026e4c353180
Event: 0.064 Thread 0x0000026e4c3b7110 Thread added: 0x0000026e4c3b7110
Event: 0.064 Thread 0x0000026e4c3bade0 Thread added: 0x0000026e4c3bade0
Event: 0.065 Thread 0x0000026e4c3bb860 Thread added: 0x0000026e4c3bb860
Event: 0.079 Thread 0x0000026e4c54cbb0 Thread added: 0x0000026e4c54cbb0
Event: 0.110 Thread 0x0000026e4c5637e0 Thread added: 0x0000026e4c5637e0


Dynamic libraries:
0x00007ff7cec40000 - 0x00007ff7cec50000 	C:\Program Files\Java\jdk-21\bin\java.exe
0x00007ff941a10000 - 0x00007ff941c08000 	C:\Windows\SYSTEM32\ntdll.dll
0x00007ff940890000 - 0x00007ff940952000 	C:\Windows\System32\KERNEL32.DLL
0x00007ff93f0b0000 - 0x00007ff93f3ae000 	C:\Windows\System32\KERNELBASE.dll
0x00007ff93f3b0000 - 0x00007ff93f4b0000 	C:\Windows\System32\ucrtbase.dll
0x00007ff922530000 - 0x00007ff92254b000 	C:\Program Files\Java\jdk-21\bin\VCRUNTIME140.dll
0x00007ff91fd80000 - 0x00007ff91fd99000 	C:\Program Files\Java\jdk-21\bin\jli.dll
0x00007ff940730000 - 0x00007ff9407e1000 	C:\Windows\System32\ADVAPI32.dll
0x00007ff9407f0000 - 0x00007ff94088e000 	C:\Windows\System32\msvcrt.dll
0x00007ff941720000 - 0x00007ff9417bf000 	C:\Windows\System32\sechost.dll
0x00007ff93fa30000 - 0x00007ff93fb53000 	C:\Windows\System32\RPCRT4.dll
0x00007ff93f620000 - 0x00007ff93f647000 	C:\Windows\System32\bcrypt.dll
0x00007ff940c40000 - 0x00007ff940ddd000 	C:\Windows\System32\USER32.dll
0x00007ff93f650000 - 0x00007ff93f672000 	C:\Windows\System32\win32u.dll
0x00007ff9243f0000 - 0x00007ff92468a000 	C:\Windows\WinSxS\amd64_microsoft.windows.common-controls_6595b64144ccf1df_6.0.19041.4355_none_60b8b9eb71f62e16\COMCTL32.dll
0x00007ff940de0000 - 0x00007ff940e0b000 	C:\Windows\System32\GDI32.dll
0x00007ff93f500000 - 0x00007ff93f617000 	C:\Windows\System32\gdi32full.dll
0x00007ff93f710000 - 0x00007ff93f7ad000 	C:\Windows\System32\msvcp_win.dll
0x00007ff931db0000 - 0x00007ff931dba000 	C:\Windows\SYSTEM32\VERSION.dll
0x00007ff93fc30000 - 0x00007ff93fc5f000 	C:\Windows\System32\IMM32.DLL
0x00007ff931550000 - 0x00007ff93155c000 	C:\Program Files\Java\jdk-21\bin\vcruntime140_1.dll
0x00007ff90f7f0000 - 0x00007ff90f87e000 	C:\Program Files\Java\jdk-21\bin\msvcp140.dll
0x00007ff8d2c70000 - 0x00007ff8d3985000 	C:\Program Files\Java\jdk-21\bin\server\jvm.dll
0x00007ff9414c0000 - 0x00007ff94152b000 	C:\Windows\System32\WS2_32.dll
0x00007ff93ea70000 - 0x00007ff93eabb000 	C:\Windows\SYSTEM32\POWRPROF.dll
0x00007ff931e70000 - 0x00007ff931e97000 	C:\Windows\SYSTEM32\WINMM.dll
0x00007ff93ea20000 - 0x00007ff93ea32000 	C:\Windows\SYSTEM32\UMPDC.dll
0x00007ff93cf50000 - 0x00007ff93cf62000 	C:\Windows\SYSTEM32\kernel.appcore.dll
0x00007ff92a520000 - 0x00007ff92a52a000 	C:\Program Files\Java\jdk-21\bin\jimage.dll
0x00007ff938410000 - 0x00007ff9385f4000 	C:\Windows\SYSTEM32\DBGHELP.DLL
0x00007ff92c390000 - 0x00007ff92c3c4000 	C:\Windows\SYSTEM32\dbgcore.DLL
0x00007ff93f680000 - 0x00007ff93f702000 	C:\Windows\System32\bcryptPrimitives.dll
0x00007ff919650000 - 0x00007ff91968c000 	C:\Program Files\Java\jdk-21\bin\jdwp.dll
0x00007ff929680000 - 0x00007ff92968f000 	C:\Program Files\Java\jdk-21\bin\instrument.dll
0x00007ff91f270000 - 0x00007ff91f28f000 	C:\Program Files\Java\jdk-21\bin\java.dll
0x00007ff91f1f0000 - 0x00007ff91f208000 	C:\Program Files\Java\jdk-21\bin\zip.dll
0x00007ff93ffc0000 - 0x00007ff94072d000 	C:\Windows\System32\SHELL32.dll
0x00007ff93d150000 - 0x00007ff93d8f4000 	C:\Windows\SYSTEM32\windows.storage.dll
0x00007ff93fc60000 - 0x00007ff93ffb3000 	C:\Windows\System32\combase.dll
0x00007ff93eae0000 - 0x00007ff93eb0e000 	C:\Windows\SYSTEM32\Wldp.dll
0x00007ff941390000 - 0x00007ff94145d000 	C:\Windows\System32\OLEAUT32.dll
0x00007ff93fb60000 - 0x00007ff93fc0d000 	C:\Windows\System32\SHCORE.dll
0x00007ff9416c0000 - 0x00007ff941715000 	C:\Windows\System32\shlwapi.dll
0x00007ff93efe0000 - 0x00007ff93f004000 	C:\Windows\SYSTEM32\profapi.dll
0x00007ff907f40000 - 0x00007ff908017000 	C:\Program Files\Java\jdk-21\bin\jsvml.dll
0x00007ff93c160000 - 0x00007ff93c16c000 	C:\Program Files\Java\jdk-21\bin\dt_socket.dll
0x00007ff93e450000 - 0x00007ff93e48b000 	C:\Windows\SYSTEM32\IPHLPAPI.DLL
0x00007ff93e7d0000 - 0x00007ff93e83a000 	C:\Windows\system32\mswsock.dll
0x00007ff9279d0000 - 0x00007ff9279e0000 	C:\Program Files\Java\jdk-21\bin\net.dll
0x00007ff9394c0000 - 0x00007ff9395cd000 	C:\Windows\SYSTEM32\WINHTTP.dll
0x00007ff91ee30000 - 0x00007ff91ee46000 	C:\Program Files\Java\jdk-21\bin\nio.dll
0x00007ff9164f0000 - 0x00007ff91656b000 	C:\Users\chris\AppData\Local\Temp\lwjgl_chris\3.3.3+5\x64\lwjgl.dll
0x00007ff913b40000 - 0x00007ff913bc2000 	C:\Users\chris\AppData\Local\Temp\lwjgl_chris\3.3.3+5\x64\glfw.dll
0x00007ff916320000 - 0x00007ff916365000 	C:\Windows\SYSTEM32\dinput8.dll
0x00007ff92a530000 - 0x00007ff92a541000 	C:\Windows\SYSTEM32\xinput1_4.dll
0x00007ff93f4b0000 - 0x00007ff93f4fe000 	C:\Windows\System32\cfgmgr32.dll
0x00007ff93ee40000 - 0x00007ff93ee73000 	C:\Windows\SYSTEM32\DEVOBJ.dll
0x00007ff93cd70000 - 0x00007ff93cd9f000 	C:\Windows\SYSTEM32\dwmapi.dll
0x00007ff926510000 - 0x00007ff926662000 	C:\Windows\SYSTEM32\inputhost.dll
0x00007ff93b2e0000 - 0x00007ff93b437000 	C:\Windows\SYSTEM32\wintypes.dll
0x00007ff93be60000 - 0x00007ff93bf52000 	C:\Windows\SYSTEM32\CoreMessaging.dll
0x00007ff93a010000 - 0x00007ff93a106000 	C:\Windows\SYSTEM32\PROPSYS.dll
0x00007ff93bac0000 - 0x00007ff93be1b000 	C:\Windows\SYSTEM32\CoreUIComponents.dll
0x00007ff93e2e0000 - 0x00007ff93e313000 	C:\Windows\SYSTEM32\ntmarta.dll
0x00007ff93ca60000 - 0x00007ff93cafe000 	C:\Windows\system32\uxtheme.dll
0x00007ff941850000 - 0x00007ff941965000 	C:\Windows\System32\MSCTF.dll

dbghelp: loaded successfully - version: 4.0.5 - missing functions: none
symbol engine: initialized successfully - sym options: 0x614 - pdb path: .;C:\Program Files\Java\jdk-21\bin;C:\Windows\SYSTEM32;C:\Windows\WinSxS\amd64_microsoft.windows.common-controls_6595b64144ccf1df_6.0.19041.4355_none_60b8b9eb71f62e16;C:\Program Files\Java\jdk-21\bin\server;C:\Users\chris\AppData\Local\Temp\lwjgl_chris\3.3.3+5\x64

VM Arguments:
jvm_args: -Ddebugger.agent.enable.coroutines=true -Dkotlinx.coroutines.debug.enable.creation.stack.trace=false -agentlib:jdwp=transport=dt_socket,server=n,suspend=y,address=127.0.0.1:58513 -javaagent:C:\Users\chris\AppData\Local\JetBrains\IntelliJIdea2024.2\captureAgent\debugger-agent.jar -Dfile.encoding=UTF-8 -Duser.country=US -Duser.language=en -Duser.variant 
java_command: pkgDriver.Driver
java_class_path (initial): C:\Users\chris\IdeaProjects\Assignment7 (2)\Assignment7\build\classes\java\main;C:\Users\chris\IdeaProjects\Assignment7 (2)\Assignment7\build\resources\main;C:\Users\chris\.gradle\caches\modules-2\files-2.1\org.lwjgl\lwjgl-assimp\3.3.3\c2c34011cbda30ed8cf98bc5cbf97b49afe5279a\lwjgl-assimp-3.3.3.jar;C:\Users\chris\.gradle\caches\modules-2\files-2.1\org.lwjgl\lwjgl-assimp\3.3.3\d90ccdade594716062975cffd1431d387f770ac4\lwjgl-assimp-3.3.3-natives-windows.jar;C:\Users\chris\.gradle\caches\modules-2\files-2.1\org.lwjgl\lwjgl-cuda\3.3.3\e2de3beeba3e4c826317e31519a40f0585160acf\lwjgl-cuda-3.3.3.jar;C:\Users\chris\.gradle\caches\modules-2\files-2.1\org.lwjgl\lwjgl-freetype\3.3.3\a0db6c84a8becc8ca05f9dbfa985edc348a824c7\lwjgl-freetype-3.3.3.jar;C:\Users\chris\.gradle\caches\modules-2\files-2.1\org.lwjgl\lwjgl-freetype\3.3.3\81091b006dbb43fab04c8c638e9ac87c51b4096d\lwjgl-freetype-3.3.3-natives-windows.jar;C:\Users\chris\.gradle\caches\modules-2\files-2.1\org.lwjgl\lwjgl-glfw\3.3.3\efa1eb78c5ccd840e9f329717109b5e892d72f8e\lwjgl-glfw-3.3.3.jar;C:\Users\chris\.gradle\caches\modules-2\files-2.1\org.lwjgl\lwjgl-glfw\3.3.3\e449e28b4891fc423c54c85fbc5bb0b9efece67a\lwjgl-glfw-3.3.3-natives-windows.jar;C:\Users\chris\.gradle\caches\modules-2\files-2.1\org.lwjgl\lwjgl-hwloc\3.3.3\68333a022d5842b7bff95c70e4c3e1b2f126e783\lwjgl-hwloc-3.3.3.jar;C:\Users\chris\.gradle\caches\modules-2\files-2.1\org.lwjgl\lwjgl-hwloc\3.3.3\ea032ea737568d700f43cc9f052d51384ce20ebe\lwjgl-hwloc-3.3.3-natives-windows.jar;C:\Users\chris\.gradle\caches\modules-2\files-2.1\org.lwjgl\lwjgl-jawt\3.3.3\15479071013804d88cc810856fcc2548b457376c\lwjgl-jawt-3.3.3.jar;C:\Users\chris\.gradle\caches\modules-2\files-2.1\org.lwjgl\lwjgl-nanovg\3.3.3\37f0b9fc142948c3b2c6cd563db7233b14b9640c\lwjgl-nanovg-3.3.3.jar;C:\Users\chris\.gradle\caches\modules-2\files-2.1\org.lwjgl\lwjgl-nanovg\3.3.3\ccfbc346c4ce0737b7fe758d6337a3741af2f256\lwjgl-nanovg-3.3.3-natives-windows.jar;C:\Users\chris\.gradle\caches\modules-2\files-2.1\org.lwjgl\lwjgl-nfd\3.3.3\f1b41d3a0a2f5cd2a55a6a59a618c87d0348681c\lwjgl-nfd-3.3.3.jar;C:\Users\chris\.gradle\caches\modules-2\files-2.1\org.lwjgl\lwjgl-nfd\3.3.3\3a39132eef695dcb7631adc1d02e493527940d10\lwjgl-nfd-3.3.3-natives-windows.jar;C:\Users\chris\.gradle\caches\modules-2\files-2.1\org.lwjgl\lwjgl-nuklear\3.3.3\d120a8ab01987e285f83f43f862bef728011d97d\lwjgl-nuklear-3.3.3.jar;C:\Users\chris\.gradle\caches\modules-2\files-2.1\org.lwjgl\lwjgl-nuklear\3.3.3\3132690c8cbbdd7c948eb233610151b6a6c62b9a\lwjgl-nuklear-3.3.3-natives-windows.jar;C:\Users\chris\.gradle\caches\modules-2\files-2.1\org.lwjgl\lwjgl-odbc\3.3.3\1719d4813fba2b4272afddcf30db98ec32e8bd37\lwjgl-odbc-3.3.3.jar;C:\Users\chris\.gradle\caches\modules-2\files-2.1\org.lwjgl\lwjgl-openal\3.3.3\daada81ceb5fc0c291fbfdd4433cb8d9423577f2\lwjgl-openal-3.3.3.jar;C:\Users\chris\.gradle\caches\modules-2\files-2.1\org.lwjgl\lwjgl-openal\3.3.3\cf83862ae95d98496b26915024c7e666d8ab1c8f\lwjgl-openal-3.3.3-natives-windows.jar;C:\Users\chris\.gradle\caches\modules-2\files-2.1\org.lwjgl\lwjgl-opencl\3.3.3\fdf4a5cce0b7499914ac96a87d75fa895a4e0699\lwjgl-opencl-3.3.3.jar;C:\Users\chris\.gradle\caches\modules-2\files-2.1\org.lwjgl\lwjgl-opengl\3.3.3\2f6b0147078396a58979125a4c947664e98293a\lwjgl-opengl-3.3.3.jar;C:\Users\chris\.gradle\caches\modules-2\files-2.1\org.lwjgl\lwjgl-opengl\3.3.3\e6c1eec8be8a71951b830a4d69efc01c6531900c\lwjgl-opengl-3.3.3-natives-windows.jar;C:\Users\chris\.gradle\caches\modules-2\files-2.1\org.lwjgl\lwjgl-shaderc\3.3.3\ae740d58fdc809c4350358a872b076bacbec27c1\lwjgl-shaderc-3.3.3.jar;C:\Users\chris\.gradle\caches\modules-2\files-2.1\org.lwjgl\lwjgl-shaderc\3.3.3\2bdcb9d4c1a8debf8c82dcb6968c3f23f126af6b\lwjgl-shaderc-3.3.3-natives-windows.jar;C:\Users\chris\.gradle\caches\modules-2\files-2.1\org.lwjgl\lwjgl-stb\3.3.3\25dd6161988d7e65f71d5065c99902402ee32746\lwjgl-stb-3.3.3.jar;C:\Users\chris\.gradle\caches\modules-2\files-2.1\org.lwjgl\lwjgl-stb\3.3.3\1d9facdf6541de114b0f963be33505b7679c78cb\lwjgl-stb-3.3.3-natives-windows.jar;C:\Users\chris\.gradle\caches\modules-2\files-2.1\org.lwjgl\lwjgl-tootle\3.3.3\c6989921add57a1f59936bc4544431df4b837c8b\lwjgl-tootle-3.3.3.jar;C:\Users\chris\.gradle\caches\modules-2\files-2.1\org.lwjgl\lwjgl-tootle\3.3.3\6de41fb81ea077cb3829b25c6636987f011997fc\lwjgl-tootle-3.3.3-natives-windows.jar;C:\Users\chris\.gradle\caches\modules-2\files-2.1\org.lwjgl\lwjgl\3.3.3\29589b5f87ed335a6c7e7ee6a5775f81f97ecb84\lwjgl-3.3.3.jar;C:\Users\chris\.gradle\caches\modules-2\files-2.1\org.lwjgl\lwjgl\3.3.3\a5ed18a2b82fc91b81f40d717cb1f64c9dcb0540\lwjgl-3.3.3-natives-windows.jar;C:\Users\chris\.gradle\caches\modules-2\files-2.1\org.joml\joml\1.10.5\22566d58af70ad3d72308bab63b8339906deb649\joml-1.10.5.jar
Launcher Type: SUN_STANDARD

[Global flags]
     intx CICompilerCount                          = 12                                        {product} {ergonomic}
     uint ConcGCThreads                            = 3                                         {product} {ergonomic}
     uint G1ConcRefinementThreads                  = 13                                        {product} {ergonomic}
   size_t G1HeapRegionSize                         = 4194304                                   {product} {ergonomic}
    uintx GCDrainStackTargetSize                   = 64                                        {product} {ergonomic}
   size_t InitialHeapSize                          = 536870912                                 {product} {ergonomic}
   size_t MarkStackSize                            = 4194304                                   {product} {ergonomic}
   size_t MaxHeapSize                              = 8573157376                                {product} {ergonomic}
   size_t MaxNewSize                               = 5142216704                                {product} {ergonomic}
   size_t MinHeapDeltaBytes                        = 4194304                                   {product} {ergonomic}
   size_t MinHeapSize                              = 8388608                                   {product} {ergonomic}
    uintx NonNMethodCodeHeapSize                   = 7602480                                {pd product} {ergonomic}
    uintx NonProfiledCodeHeapSize                  = 122027880                              {pd product} {ergonomic}
    uintx ProfiledCodeHeapSize                     = 122027880                              {pd product} {ergonomic}
    uintx ReservedCodeCacheSize                    = 251658240                              {pd product} {ergonomic}
     bool SegmentedCodeCache                       = true                                      {product} {ergonomic}
   size_t SoftMaxHeapSize                          = 8573157376                             {manageable} {ergonomic}
     bool UseCompressedOops                        = true                           {product lp64_product} {ergonomic}
     bool UseG1GC                                  = true                                      {product} {ergonomic}
     bool UseLargePagesIndividualAllocation        = false                                  {pd product} {ergonomic}

Logging:
Log output configuration:
 #0: stdout all=warning uptime,level,tags foldmultilines=false
 #1: stderr all=off uptime,level,tags foldmultilines=false

Environment Variables:
PATH=C:\Program Files\Common Files\Oracle\Java\javapath;C:\Windows\system32;C:\Windows;C:\Windows\System32\Wbem;C:\Windows\System32\WindowsPowerShell\v1.0\;C:\Windows\System32\OpenSSH\;C:\Program Files (x86)\NVIDIA Corporation\PhysX\Common;F:\CSCI50\PuTTY\;C:\Program Files\Git\bin;C:\Program Files\nodejs\;C:\Program Files\Git\cmd;C:\Program Files\MySQL\MySQL Shell 8.0\bin\;C:\Users\chris\AppData\Local\Programs\Python\Python310\Scripts\;C:\Users\chris\AppData\Local\Programs\Python\Python310\;C:\Users\chris\AppData\Local\Microsoft\WindowsApps;;F:\Microsoft VS Code\bin;C:\Users\chris\AppData\Roaming\npm
USERNAME=chris
OS=Windows_NT
PROCESSOR_IDENTIFIER=AMD64 Family 25 Model 33 Stepping 0, AuthenticAMD
TMP=C:\Users\chris\AppData\Local\Temp
TEMP=C:\Users\chris\AppData\Local\Temp




Periodic native trim disabled

---------------  S Y S T E M  ---------------

OS:
 Windows 10 , 64 bit Build 19041 (10.0.19041.5072)
OS uptime: 11 days 23:32 hours

CPU: total 16 (initial active 16) (16 cores per cpu, 2 threads per core) family 25 model 33 stepping 0 microcode 0x0, cx8, cmov, fxsr, ht, mmx, 3dnowpref, sse, sse2, sse3, ssse3, sse4a, sse4.1, sse4.2, popcnt, lzcnt, tsc, tscinvbit, avx, avx2, aes, erms, clmul, bmi1, bmi2, adx, sha, fma, vzeroupper, clflush, clflushopt, rdtscp, rdpid, fsrm, f16c, pku, cet_ss
Processor Information for all 16 processors :
  Max Mhz: 3801, Current Mhz: 3801, Mhz Limit: 3801

Memory: 4k page, system-wide physical 32693M (21426M free)
TotalPageFile size 45065M (AvailPageFile size 19227M)
current process WorkingSet (physical memory assigned to process): 57M, peak: 57M
current process commit charge ("private bytes"): 621M, peak: 621M

vm_info: Java HotSpot(TM) 64-Bit Server VM (21.0.1+12-LTS-29) for windows-amd64 JRE (21.0.1+12-LTS-29), built on 2023-10-05T13:27:09Z by "mach5one" with MS VC++ 17.1 (VS2022)

END.
