#
# A fatal error has been detected by the Java Runtime Environment:
#
#  EXCEPTION_ACCESS_VIOLATION (0xc0000005) at pc=0x00007ff8b884ba25, pid=8612, tid=3784
#
# JRE version: Java(TM) SE Runtime Environment (21.0.1+12) (build 21.0.1+12-LTS-29)
# Java VM: Java HotSpot(TM) 64-Bit Server VM (21.0.1+12-LTS-29, mixed mode, sharing, tiered, compressed oops, compressed class ptrs, g1 gc, windows-amd64)
# Problematic frame:
# C  [atio6axx.dll+0xfba25]
#
# No core dump will be written. Minidumps are not enabled by default on client versions of Windows
#
# If you would like to submit a bug report, please visit:
#   https://bugreport.java.com/bugreport/crash.jsp
# The crash happened outside the Java Virtual Machine in native code.
# See problematic frame for where to report the bug.
#

---------------  S U M M A R Y ------------

Command Line: -Dfile.encoding=UTF-8 -Duser.country=US -Duser.language=en -Duser.variant pkgDriver.Driver

Host: AMD Ryzen 7 5800X 8-Core Processor             , 16 cores, 31G,  Windows 10 , 64 bit Build 19041 (10.0.19041.5072)
Time: Tue Nov 26 17:26:42 2024 Pacific Standard Time elapsed time: 0.521822 seconds (0d 0h 0m 0s)

---------------  T H R E A D  ---------------

Current thread (0x000001c037207160):  JavaThread "main"             [_thread_in_native, id=3784, stack(0x0000005678000000,0x0000005678100000) (1024K)]

Stack: [0x0000005678000000,0x0000005678100000],  sp=0x00000056780ff2a8,  free space=1020k
Native frames: (J=compiled Java code, j=interpreted, Vv=VM code, C=native code)
C  [atio6axx.dll+0xfba25]

Java frames: (J=compiled Java code, j=interpreted, Vv=VM code)
j  org.lwjgl.opengl.GL11C.nglDrawElements(IIIJ)V+0
j  org.lwjgl.opengl.GL11C.glDrawElements(IIIJ)V+4
j  org.lwjgl.opengl.GL11.glDrawElements(IIIJ)V+4
j  pkgSlRenderEngine.SlRenderer.renderGrid()V+41
j  pkgDriver.Driver.main([Ljava/lang/String;)V+43
v  ~StubRoutines::call_stub 0x000001c048e0100d

siginfo: EXCEPTION_ACCESS_VIOLATION (0xc0000005), reading address 0x0000000000000000


Registers:
RAX=0x00007ff8b884ba25, RBX=0x000001c0b13cfe98, RCX=0x000001c0b13cfec0, RDX=0x0000000000000000
RSP=0x00000056780ff2a8, RBP=0x000001c0b121dfc0, RSI=0x000001c0b10da080, RDI=0x000001c0b026f9c8
R8 =0x0000000000000018, R9 =0x00007ff8b8750000, R10=0x0000000000008000, R11=0x00000056780fef60
R12=0x0000000000000000, R13=0x0000000000000018, R14=0x0000000000000000, R15=0x0000000000000018
RIP=0x00007ff8b884ba25, EFLAGS=0x0000000000010202


Register to memory mapping:

RAX=0x00007ff8b884ba25 atio6axx.dll
RBX=0x000001c0b13cfe98 points into unknown readable memory: 0x0000000000000000 | 00 00 00 00 00 00 00 00
RCX=0x000001c0b13cfec0 points into unknown readable memory: 0x0000000000000000 | 00 00 00 00 00 00 00 00
RDX=0x0 is null
RSP=0x00000056780ff2a8 is pointing into the stack for thread: 0x000001c037207160
RBP=0x000001c0b121dfc0 points into unknown readable memory: 0x000001c0b13bf040 | 40 f0 3b b1 c0 01 00 00
RSI=0x000001c0b10da080 points into unknown readable memory: 0x00007ff8bbe4ee18 | 18 ee e4 bb f8 7f 00 00
RDI=0x000001c0b026f9c8 points into unknown readable memory: 0x00007ff8bbe4ede0 | e0 ed e4 bb f8 7f 00 00
R8 =0x0000000000000018 is an unknown value
R9 =0x00007ff8b8750000 atio6axx.dll
R10=0x0000000000008000 is an unknown value
R11=0x00000056780fef60 is pointing into the stack for thread: 0x000001c037207160
R12=0x0 is null
R13=0x0000000000000018 is an unknown value
R14=0x0 is null
R15=0x0000000000000018 is an unknown value

Top of Stack: (sp=0x00000056780ff2a8)
0x00000056780ff2a8:   00007ff8b8d7afe7 000001c0b10da080
0x00000056780ff2b8:   0000000000000004 000001c0b07df818
0x00000056780ff2c8:   00007ff8b8c1d973 000001c0b07d3300
0x00000056780ff2d8:   000001c0b13cfec0 0000000000000040
0x00000056780ff2e8:   0000000000000006 000001c0b026f9c8
0x00000056780ff2f8:   0000000000000004 0000000000001405
0x00000056780ff308:   000000000000013a 0000000000000000
0x00000056780ff318:   000001c0b026f9c8 0000000000000006
0x00000056780ff328:   000001c0b10da080 0000000000000000
0x00000056780ff338:   00007ff8b8e2b9c3 000001c0b13cfe98
0x00000056780ff348:   000001c000000004 000001c000000006
0x00000056780ff358:   0000000000001405 0000000000000000
0x00000056780ff368:   00007ff800000001 0000000000000000
0x00000056780ff378:   0000000000000004 000001c0b10da080
0x00000056780ff388:   0000003800000000 000001c0b026f9c8
0x00000056780ff398:   00000056780ff510 0000000000000006
0x00000056780ff3a8:   0000000000000004 000001c0a05ee8a0
0x00000056780ff3b8:   0000000000000000 00007ff8bc4dcd00
0x00000056780ff3c8:   00007ff8b887b0ff 000001c0b1890e98
0x00000056780ff3d8:   0000000000001405 000001c0b10da080
0x00000056780ff3e8:   00007ff90df578df 000001c0a05ee8a0
0x00000056780ff3f8:   000001c037207160 000001c048e00000
0x00000056780ff408:   000001c0b026f9c8 000001c0a05ee8a0
0x00000056780ff418:   000001c0a05ee8a0 000001c037207160
0x00000056780ff428:   00000056780ff510 0000000000000000
0x00000056780ff438:   000001c048e0ce0b 000001c0a05ee8a0
0x00000056780ff448:   00000056780ff4d0 0000000000000110
0x00000056780ff458:   000001c048e08846 000001c000001405
0x00000056780ff468:   0000000000000000 000001c048e08846
0x00000056780ff478:   00007ff90df578df 000001c048e0ca9f
0x00000056780ff488:   00000056780ff488 000001c0a05ee8a0
0x00000056780ff498:   0000000000000008 000001c0a05fa300 

Instructions: (pc=0x00007ff8b884ba25)
0x00007ff8b884b925:   08 c3 f2 0f 10 02 f2 0f 11 01 0f b7 42 08 66 89
0x00007ff8b884b935:   41 08 0f b6 42 0a 88 41 0a c3 f2 0f 10 02 f2 0f
0x00007ff8b884b945:   11 01 8b 42 08 89 41 08 c3 f2 0f 10 02 f2 0f 11
0x00007ff8b884b955:   01 8b 42 08 89 41 08 0f b6 42 0c 88 41 0c c3 f2
0x00007ff8b884b965:   0f 10 02 f2 0f 11 01 8b 42 08 89 41 08 0f b7 42
0x00007ff8b884b975:   0c 66 89 41 0c c3 f2 0f 10 02 f2 0f 11 01 8b 42
0x00007ff8b884b985:   08 89 41 08 0f b7 42 0c 66 89 41 0c 0f b6 42 0e
0x00007ff8b884b995:   88 41 0e c3 0f 10 02 0f 11 01 c3 0f 10 02 0f 11
0x00007ff8b884b9a5:   01 0f b6 42 10 88 41 10 c3 0f 10 02 0f 11 01 0f
0x00007ff8b884b9b5:   b7 42 10 66 89 41 10 c3 0f 10 02 0f 11 01 0f b7
0x00007ff8b884b9c5:   42 10 66 89 41 10 0f b6 42 12 88 41 12 c3 0f 10
0x00007ff8b884b9d5:   02 0f 11 01 8b 42 10 89 41 10 c3 0f 10 02 0f 11
0x00007ff8b884b9e5:   01 8b 42 10 89 41 10 0f b6 42 14 88 41 14 c3 0f
0x00007ff8b884b9f5:   10 02 0f 11 01 8b 42 10 89 41 10 0f b7 42 14 66
0x00007ff8b884ba05:   89 41 14 c3 0f 10 02 0f 11 01 8b 42 10 89 41 10
0x00007ff8b884ba15:   0f b7 42 14 66 89 41 14 0f b6 42 16 88 41 16 c3
0x00007ff8b884ba25:   0f 10 02 0f 11 01 f2 0f 10 4a 10 f2 0f 11 49 10
0x00007ff8b884ba35:   c3 0f 10 02 0f 11 01 f2 0f 10 4a 10 f2 0f 11 49
0x00007ff8b884ba45:   10 0f b6 42 18 88 41 18 c3 0f 10 02 0f 11 01 f2
0x00007ff8b884ba55:   0f 10 4a 10 f2 0f 11 49 10 0f b7 42 18 66 89 41
0x00007ff8b884ba65:   18 c3 0f 10 02 0f 11 01 f2 0f 10 4a 10 f2 0f 11
0x00007ff8b884ba75:   49 10 0f b7 42 18 66 89 41 18 0f b6 42 1a 88 41
0x00007ff8b884ba85:   1a c3 0f 10 02 0f 11 01 f2 0f 10 4a 10 f2 0f 11
0x00007ff8b884ba95:   49 10 8b 42 18 89 41 18 c3 0f 10 02 0f 11 01 f2
0x00007ff8b884baa5:   0f 10 4a 10 f2 0f 11 49 10 8b 42 18 89 41 18 0f
0x00007ff8b884bab5:   b6 42 1c 88 41 1c c3 0f 10 02 0f 11 01 f2 0f 10
0x00007ff8b884bac5:   4a 10 f2 0f 11 49 10 8b 42 18 89 41 18 0f b7 42
0x00007ff8b884bad5:   1c 66 89 41 1c c3 0f 10 02 0f 11 01 f2 0f 10 4a
0x00007ff8b884bae5:   10 f2 0f 11 49 10 8b 42 18 89 41 18 0f b7 42 1c
0x00007ff8b884baf5:   66 89 41 1c 0f b6 42 1e 88 41 1e c3 0f 10 02 0f
0x00007ff8b884bb05:   11 01 0f 10 4a 10 0f 11 49 10 c3 0f 10 02 0f 11
0x00007ff8b884bb15:   01 0f 10 4a 10 0f 11 49 10 0f b6 42 20 88 41 20 


Stack slot to memory mapping:

stack at sp + 0 slots: 0x00007ff8b8d7afe7 atio6axx.dll
stack at sp + 1 slots: 0x000001c0b10da080 points into unknown readable memory: 0x00007ff8bbe4ee18 | 18 ee e4 bb f8 7f 00 00
stack at sp + 2 slots: 0x0000000000000004 is an unknown value
stack at sp + 3 slots: 0x000001c0b07df818 points into unknown readable memory: 0x00007ff8bbe45760 | 60 57 e4 bb f8 7f 00 00
stack at sp + 4 slots: 0x00007ff8b8c1d973 atio6axx.dll
stack at sp + 5 slots: 0x000001c0b07d3300 points into unknown readable memory: 0x003fffffffffffff | ff ff ff ff ff ff 3f 00
stack at sp + 6 slots: 0x000001c0b13cfec0 points into unknown readable memory: 0x0000000000000000 | 00 00 00 00 00 00 00 00
stack at sp + 7 slots: 0x0000000000000040 is an unknown value


---------------  P R O C E S S  ---------------

Threads class SMR info:
_java_thread_list=0x000001c0ae436b30, length=13, elements={
0x000001c037207160, 0x000001c05e28e6c0, 0x000001c05e28eff0, 0x000001c05e291a60,
0x000001c05e2930e0, 0x000001c05e2a1780, 0x000001c05e2a8130, 0x000001c05e2a9630,
0x000001c05e2a9ce0, 0x000001c05e3d2300, 0x000001c05e3f4de0, 0x000001c05e2a59d0,
0x000001c05e2a66f0
}

Java Threads: ( => current thread )
=>0x000001c037207160 JavaThread "main"                              [_thread_in_native, id=3784, stack(0x0000005678000000,0x0000005678100000) (1024K)]
  0x000001c05e28e6c0 JavaThread "Reference Handler"          daemon [_thread_blocked, id=4052, stack(0x0000005678800000,0x0000005678900000) (1024K)]
  0x000001c05e28eff0 JavaThread "Finalizer"                  daemon [_thread_blocked, id=17720, stack(0x0000005678900000,0x0000005678a00000) (1024K)]
  0x000001c05e291a60 JavaThread "Signal Dispatcher"          daemon [_thread_blocked, id=4116, stack(0x0000005678a00000,0x0000005678b00000) (1024K)]
  0x000001c05e2930e0 JavaThread "Attach Listener"            daemon [_thread_blocked, id=14576, stack(0x0000005678b00000,0x0000005678c00000) (1024K)]
  0x000001c05e2a1780 JavaThread "Service Thread"             daemon [_thread_blocked, id=11352, stack(0x0000005678c00000,0x0000005678d00000) (1024K)]
  0x000001c05e2a8130 JavaThread "Monitor Deflation Thread"   daemon [_thread_blocked, id=8732, stack(0x0000005678d00000,0x0000005678e00000) (1024K)]
  0x000001c05e2a9630 JavaThread "C2 CompilerThread0"         daemon [_thread_blocked, id=14736, stack(0x0000005678e00000,0x0000005678f00000) (1024K)]
  0x000001c05e2a9ce0 JavaThread "C1 CompilerThread0"         daemon [_thread_blocked, id=10444, stack(0x0000005678f00000,0x0000005679000000) (1024K)]
  0x000001c05e3d2300 JavaThread "C1 CompilerThread1"         daemon [_thread_blocked, id=11024, stack(0x0000005679000000,0x0000005679100000) (1024K)]
  0x000001c05e3f4de0 JavaThread "C1 CompilerThread2"         daemon [_thread_blocked, id=2360, stack(0x0000005679100000,0x0000005679200000) (1024K)]
  0x000001c05e2a59d0 JavaThread "Notification Thread"        daemon [_thread_blocked, id=14324, stack(0x0000005679200000,0x0000005679300000) (1024K)]
  0x000001c05e2a66f0 JavaThread "Common-Cleaner"             daemon [_thread_blocked, id=15712, stack(0x0000005679300000,0x0000005679400000) (1024K)]
Total: 13

Other Threads:
  0x000001c05d5c0040 VMThread "VM Thread"                           [id=6088, stack(0x0000005678700000,0x0000005678800000) (1024K)]
  0x000001c05d5a7f80 WatcherThread "VM Periodic Task Thread"        [id=4696, stack(0x0000005678600000,0x0000005678700000) (1024K)]
  0x000001c0395f9ca0 WorkerThread "GC Thread#0"                     [id=16464, stack(0x0000005678100000,0x0000005678200000) (1024K)]
  0x000001c03960c3e0 ConcurrentGCThread "G1 Main Marker"            [id=9720, stack(0x0000005678200000,0x0000005678300000) (1024K)]
  0x000001c03960d490 WorkerThread "G1 Conc#0"                       [id=16236, stack(0x0000005678300000,0x0000005678400000) (1024K)]
  0x000001c05d46bae0 ConcurrentGCThread "G1 Refine#0"               [id=17716, stack(0x0000005678400000,0x0000005678500000) (1024K)]
  0x000001c05d46c070 ConcurrentGCThread "G1 Service"                [id=4676, stack(0x0000005678500000,0x0000005678600000) (1024K)]
Total: 7

Threads with active compile tasks:
Total: 0

VM state: not at safepoint (normal execution)

VM Mutex/Monitor currently owned by a thread: None

Heap address: 0x0000000601000000, size: 8176 MB, Compressed Oops mode: Zero based, Oop shift amount: 3

CDS archive(s) mapped at: [0x000001c05f000000-0x000001c05fc90000-0x000001c05fc90000), size 13172736, SharedBaseAddress: 0x000001c05f000000, ArchiveRelocationMode: 1.
Compressed class space mapped at: 0x000001c060000000-0x000001c0a0000000, reserved size: 1073741824
Narrow klass base: 0x000001c05f000000, Narrow klass shift: 0, Narrow klass range: 0x100000000

GC Precious Log:
 CardTable entry size: 512
 Card Set container configuration: InlinePtr #cards 4 size 8 Array Of Cards #cards 32 size 80 Howl #buckets 8 coarsen threshold 7372 Howl Bitmap #cards 1024 size 144 coarsen threshold 921 Card regions per heap region 1 cards per card region 8192
 CPUs: 16 total, 16 available
 Memory: 32693M
 Large Page Support: Disabled
 NUMA Support: Disabled
 Compressed Oops: Enabled (Zero based)
 Heap Region Size: 4M
 Heap Min Capacity: 8M
 Heap Initial Capacity: 512M
 Heap Max Capacity: 8176M
 Pre-touch: Disabled
 Parallel Workers: 13
 Concurrent Workers: 3
 Concurrent Refinement Workers: 13
 Periodic GC: Disabled

Heap:
 garbage-first heap   total 524288K, used 4096K [0x0000000601000000, 0x0000000800000000)
  region size 4096K, 3 young (12288K), 0 survivors (0K)
 Metaspace       used 3726K, committed 3904K, reserved 1114112K
  class space    used 189K, committed 256K, reserved 1048576K

Heap Regions: E=young(eden), S=young(survivor), O=old, HS=humongous(starts), HC=humongous(continues), CS=collection set, F=free, TAMS=top-at-mark-start, PB=parsable bottom
|   0|0x0000000601000000, 0x0000000601000000, 0x0000000601400000|  0%| F|  |TAMS 0x0000000601000000| PB 0x0000000601000000| Untracked 
|   1|0x0000000601400000, 0x0000000601400000, 0x0000000601800000|  0%| F|  |TAMS 0x0000000601400000| PB 0x0000000601400000| Untracked 
|   2|0x0000000601800000, 0x0000000601800000, 0x0000000601c00000|  0%| F|  |TAMS 0x0000000601800000| PB 0x0000000601800000| Untracked 
|   3|0x0000000601c00000, 0x0000000601c00000, 0x0000000602000000|  0%| F|  |TAMS 0x0000000601c00000| PB 0x0000000601c00000| Untracked 
|   4|0x0000000602000000, 0x0000000602000000, 0x0000000602400000|  0%| F|  |TAMS 0x0000000602000000| PB 0x0000000602000000| Untracked 
|   5|0x0000000602400000, 0x0000000602400000, 0x0000000602800000|  0%| F|  |TAMS 0x0000000602400000| PB 0x0000000602400000| Untracked 
|   6|0x0000000602800000, 0x0000000602800000, 0x0000000602c00000|  0%| F|  |TAMS 0x0000000602800000| PB 0x0000000602800000| Untracked 
|   7|0x0000000602c00000, 0x0000000602c00000, 0x0000000603000000|  0%| F|  |TAMS 0x0000000602c00000| PB 0x0000000602c00000| Untracked 
|   8|0x0000000603000000, 0x0000000603000000, 0x0000000603400000|  0%| F|  |TAMS 0x0000000603000000| PB 0x0000000603000000| Untracked 
|   9|0x0000000603400000, 0x0000000603400000, 0x0000000603800000|  0%| F|  |TAMS 0x0000000603400000| PB 0x0000000603400000| Untracked 
|  10|0x0000000603800000, 0x0000000603800000, 0x0000000603c00000|  0%| F|  |TAMS 0x0000000603800000| PB 0x0000000603800000| Untracked 
|  11|0x0000000603c00000, 0x0000000603c00000, 0x0000000604000000|  0%| F|  |TAMS 0x0000000603c00000| PB 0x0000000603c00000| Untracked 
|  12|0x0000000604000000, 0x0000000604000000, 0x0000000604400000|  0%| F|  |TAMS 0x0000000604000000| PB 0x0000000604000000| Untracked 
|  13|0x0000000604400000, 0x0000000604400000, 0x0000000604800000|  0%| F|  |TAMS 0x0000000604400000| PB 0x0000000604400000| Untracked 
|  14|0x0000000604800000, 0x0000000604800000, 0x0000000604c00000|  0%| F|  |TAMS 0x0000000604800000| PB 0x0000000604800000| Untracked 
|  15|0x0000000604c00000, 0x0000000604c00000, 0x0000000605000000|  0%| F|  |TAMS 0x0000000604c00000| PB 0x0000000604c00000| Untracked 
|  16|0x0000000605000000, 0x0000000605000000, 0x0000000605400000|  0%| F|  |TAMS 0x0000000605000000| PB 0x0000000605000000| Untracked 
|  17|0x0000000605400000, 0x0000000605400000, 0x0000000605800000|  0%| F|  |TAMS 0x0000000605400000| PB 0x0000000605400000| Untracked 
|  18|0x0000000605800000, 0x0000000605800000, 0x0000000605c00000|  0%| F|  |TAMS 0x0000000605800000| PB 0x0000000605800000| Untracked 
|  19|0x0000000605c00000, 0x0000000605c00000, 0x0000000606000000|  0%| F|  |TAMS 0x0000000605c00000| PB 0x0000000605c00000| Untracked 
|  20|0x0000000606000000, 0x0000000606000000, 0x0000000606400000|  0%| F|  |TAMS 0x0000000606000000| PB 0x0000000606000000| Untracked 
|  21|0x0000000606400000, 0x0000000606400000, 0x0000000606800000|  0%| F|  |TAMS 0x0000000606400000| PB 0x0000000606400000| Untracked 
|  22|0x0000000606800000, 0x0000000606800000, 0x0000000606c00000|  0%| F|  |TAMS 0x0000000606800000| PB 0x0000000606800000| Untracked 
|  23|0x0000000606c00000, 0x0000000606c00000, 0x0000000607000000|  0%| F|  |TAMS 0x0000000606c00000| PB 0x0000000606c00000| Untracked 
|  24|0x0000000607000000, 0x0000000607000000, 0x0000000607400000|  0%| F|  |TAMS 0x0000000607000000| PB 0x0000000607000000| Untracked 
|  25|0x0000000607400000, 0x0000000607400000, 0x0000000607800000|  0%| F|  |TAMS 0x0000000607400000| PB 0x0000000607400000| Untracked 
|  26|0x0000000607800000, 0x0000000607800000, 0x0000000607c00000|  0%| F|  |TAMS 0x0000000607800000| PB 0x0000000607800000| Untracked 
|  27|0x0000000607c00000, 0x0000000607c00000, 0x0000000608000000|  0%| F|  |TAMS 0x0000000607c00000| PB 0x0000000607c00000| Untracked 
|  28|0x0000000608000000, 0x0000000608000000, 0x0000000608400000|  0%| F|  |TAMS 0x0000000608000000| PB 0x0000000608000000| Untracked 
|  29|0x0000000608400000, 0x0000000608400000, 0x0000000608800000|  0%| F|  |TAMS 0x0000000608400000| PB 0x0000000608400000| Untracked 
|  30|0x0000000608800000, 0x0000000608800000, 0x0000000608c00000|  0%| F|  |TAMS 0x0000000608800000| PB 0x0000000608800000| Untracked 
|  31|0x0000000608c00000, 0x0000000608c00000, 0x0000000609000000|  0%| F|  |TAMS 0x0000000608c00000| PB 0x0000000608c00000| Untracked 
|  32|0x0000000609000000, 0x0000000609000000, 0x0000000609400000|  0%| F|  |TAMS 0x0000000609000000| PB 0x0000000609000000| Untracked 
|  33|0x0000000609400000, 0x0000000609400000, 0x0000000609800000|  0%| F|  |TAMS 0x0000000609400000| PB 0x0000000609400000| Untracked 
|  34|0x0000000609800000, 0x0000000609800000, 0x0000000609c00000|  0%| F|  |TAMS 0x0000000609800000| PB 0x0000000609800000| Untracked 
|  35|0x0000000609c00000, 0x0000000609c00000, 0x000000060a000000|  0%| F|  |TAMS 0x0000000609c00000| PB 0x0000000609c00000| Untracked 
|  36|0x000000060a000000, 0x000000060a000000, 0x000000060a400000|  0%| F|  |TAMS 0x000000060a000000| PB 0x000000060a000000| Untracked 
|  37|0x000000060a400000, 0x000000060a400000, 0x000000060a800000|  0%| F|  |TAMS 0x000000060a400000| PB 0x000000060a400000| Untracked 
|  38|0x000000060a800000, 0x000000060a800000, 0x000000060ac00000|  0%| F|  |TAMS 0x000000060a800000| PB 0x000000060a800000| Untracked 
|  39|0x000000060ac00000, 0x000000060ac00000, 0x000000060b000000|  0%| F|  |TAMS 0x000000060ac00000| PB 0x000000060ac00000| Untracked 
|  40|0x000000060b000000, 0x000000060b000000, 0x000000060b400000|  0%| F|  |TAMS 0x000000060b000000| PB 0x000000060b000000| Untracked 
|  41|0x000000060b400000, 0x000000060b400000, 0x000000060b800000|  0%| F|  |TAMS 0x000000060b400000| PB 0x000000060b400000| Untracked 
|  42|0x000000060b800000, 0x000000060b800000, 0x000000060bc00000|  0%| F|  |TAMS 0x000000060b800000| PB 0x000000060b800000| Untracked 
|  43|0x000000060bc00000, 0x000000060bc00000, 0x000000060c000000|  0%| F|  |TAMS 0x000000060bc00000| PB 0x000000060bc00000| Untracked 
|  44|0x000000060c000000, 0x000000060c000000, 0x000000060c400000|  0%| F|  |TAMS 0x000000060c000000| PB 0x000000060c000000| Untracked 
|  45|0x000000060c400000, 0x000000060c400000, 0x000000060c800000|  0%| F|  |TAMS 0x000000060c400000| PB 0x000000060c400000| Untracked 
|  46|0x000000060c800000, 0x000000060c800000, 0x000000060cc00000|  0%| F|  |TAMS 0x000000060c800000| PB 0x000000060c800000| Untracked 
|  47|0x000000060cc00000, 0x000000060cc00000, 0x000000060d000000|  0%| F|  |TAMS 0x000000060cc00000| PB 0x000000060cc00000| Untracked 
|  48|0x000000060d000000, 0x000000060d000000, 0x000000060d400000|  0%| F|  |TAMS 0x000000060d000000| PB 0x000000060d000000| Untracked 
|  49|0x000000060d400000, 0x000000060d400000, 0x000000060d800000|  0%| F|  |TAMS 0x000000060d400000| PB 0x000000060d400000| Untracked 
|  50|0x000000060d800000, 0x000000060d800000, 0x000000060dc00000|  0%| F|  |TAMS 0x000000060d800000| PB 0x000000060d800000| Untracked 
|  51|0x000000060dc00000, 0x000000060dc00000, 0x000000060e000000|  0%| F|  |TAMS 0x000000060dc00000| PB 0x000000060dc00000| Untracked 
|  52|0x000000060e000000, 0x000000060e000000, 0x000000060e400000|  0%| F|  |TAMS 0x000000060e000000| PB 0x000000060e000000| Untracked 
|  53|0x000000060e400000, 0x000000060e400000, 0x000000060e800000|  0%| F|  |TAMS 0x000000060e400000| PB 0x000000060e400000| Untracked 
|  54|0x000000060e800000, 0x000000060e800000, 0x000000060ec00000|  0%| F|  |TAMS 0x000000060e800000| PB 0x000000060e800000| Untracked 
|  55|0x000000060ec00000, 0x000000060ec00000, 0x000000060f000000|  0%| F|  |TAMS 0x000000060ec00000| PB 0x000000060ec00000| Untracked 
|  56|0x000000060f000000, 0x000000060f000000, 0x000000060f400000|  0%| F|  |TAMS 0x000000060f000000| PB 0x000000060f000000| Untracked 
|  57|0x000000060f400000, 0x000000060f400000, 0x000000060f800000|  0%| F|  |TAMS 0x000000060f400000| PB 0x000000060f400000| Untracked 
|  58|0x000000060f800000, 0x000000060f800000, 0x000000060fc00000|  0%| F|  |TAMS 0x000000060f800000| PB 0x000000060f800000| Untracked 
|  59|0x000000060fc00000, 0x000000060fc00000, 0x0000000610000000|  0%| F|  |TAMS 0x000000060fc00000| PB 0x000000060fc00000| Untracked 
|  60|0x0000000610000000, 0x0000000610000000, 0x0000000610400000|  0%| F|  |TAMS 0x0000000610000000| PB 0x0000000610000000| Untracked 
|  61|0x0000000610400000, 0x0000000610400000, 0x0000000610800000|  0%| F|  |TAMS 0x0000000610400000| PB 0x0000000610400000| Untracked 
|  62|0x0000000610800000, 0x0000000610800000, 0x0000000610c00000|  0%| F|  |TAMS 0x0000000610800000| PB 0x0000000610800000| Untracked 
|  63|0x0000000610c00000, 0x0000000610c00000, 0x0000000611000000|  0%| F|  |TAMS 0x0000000610c00000| PB 0x0000000610c00000| Untracked 
|  64|0x0000000611000000, 0x0000000611000000, 0x0000000611400000|  0%| F|  |TAMS 0x0000000611000000| PB 0x0000000611000000| Untracked 
|  65|0x0000000611400000, 0x0000000611400000, 0x0000000611800000|  0%| F|  |TAMS 0x0000000611400000| PB 0x0000000611400000| Untracked 
|  66|0x0000000611800000, 0x0000000611800000, 0x0000000611c00000|  0%| F|  |TAMS 0x0000000611800000| PB 0x0000000611800000| Untracked 
|  67|0x0000000611c00000, 0x0000000611c00000, 0x0000000612000000|  0%| F|  |TAMS 0x0000000611c00000| PB 0x0000000611c00000| Untracked 
|  68|0x0000000612000000, 0x0000000612000000, 0x0000000612400000|  0%| F|  |TAMS 0x0000000612000000| PB 0x0000000612000000| Untracked 
|  69|0x0000000612400000, 0x0000000612400000, 0x0000000612800000|  0%| F|  |TAMS 0x0000000612400000| PB 0x0000000612400000| Untracked 
|  70|0x0000000612800000, 0x0000000612800000, 0x0000000612c00000|  0%| F|  |TAMS 0x0000000612800000| PB 0x0000000612800000| Untracked 
|  71|0x0000000612c00000, 0x0000000612c00000, 0x0000000613000000|  0%| F|  |TAMS 0x0000000612c00000| PB 0x0000000612c00000| Untracked 
|  72|0x0000000613000000, 0x0000000613000000, 0x0000000613400000|  0%| F|  |TAMS 0x0000000613000000| PB 0x0000000613000000| Untracked 
|  73|0x0000000613400000, 0x0000000613400000, 0x0000000613800000|  0%| F|  |TAMS 0x0000000613400000| PB 0x0000000613400000| Untracked 
|  74|0x0000000613800000, 0x0000000613800000, 0x0000000613c00000|  0%| F|  |TAMS 0x0000000613800000| PB 0x0000000613800000| Untracked 
|  75|0x0000000613c00000, 0x0000000613c00000, 0x0000000614000000|  0%| F|  |TAMS 0x0000000613c00000| PB 0x0000000613c00000| Untracked 
|  76|0x0000000614000000, 0x0000000614000000, 0x0000000614400000|  0%| F|  |TAMS 0x0000000614000000| PB 0x0000000614000000| Untracked 
|  77|0x0000000614400000, 0x0000000614400000, 0x0000000614800000|  0%| F|  |TAMS 0x0000000614400000| PB 0x0000000614400000| Untracked 
|  78|0x0000000614800000, 0x0000000614800000, 0x0000000614c00000|  0%| F|  |TAMS 0x0000000614800000| PB 0x0000000614800000| Untracked 
|  79|0x0000000614c00000, 0x0000000614c00000, 0x0000000615000000|  0%| F|  |TAMS 0x0000000614c00000| PB 0x0000000614c00000| Untracked 
|  80|0x0000000615000000, 0x0000000615000000, 0x0000000615400000|  0%| F|  |TAMS 0x0000000615000000| PB 0x0000000615000000| Untracked 
|  81|0x0000000615400000, 0x0000000615400000, 0x0000000615800000|  0%| F|  |TAMS 0x0000000615400000| PB 0x0000000615400000| Untracked 
|  82|0x0000000615800000, 0x0000000615800000, 0x0000000615c00000|  0%| F|  |TAMS 0x0000000615800000| PB 0x0000000615800000| Untracked 
|  83|0x0000000615c00000, 0x0000000615c00000, 0x0000000616000000|  0%| F|  |TAMS 0x0000000615c00000| PB 0x0000000615c00000| Untracked 
|  84|0x0000000616000000, 0x0000000616000000, 0x0000000616400000|  0%| F|  |TAMS 0x0000000616000000| PB 0x0000000616000000| Untracked 
|  85|0x0000000616400000, 0x0000000616400000, 0x0000000616800000|  0%| F|  |TAMS 0x0000000616400000| PB 0x0000000616400000| Untracked 
|  86|0x0000000616800000, 0x0000000616800000, 0x0000000616c00000|  0%| F|  |TAMS 0x0000000616800000| PB 0x0000000616800000| Untracked 
|  87|0x0000000616c00000, 0x0000000616c00000, 0x0000000617000000|  0%| F|  |TAMS 0x0000000616c00000| PB 0x0000000616c00000| Untracked 
|  88|0x0000000617000000, 0x0000000617000000, 0x0000000617400000|  0%| F|  |TAMS 0x0000000617000000| PB 0x0000000617000000| Untracked 
|  89|0x0000000617400000, 0x0000000617400000, 0x0000000617800000|  0%| F|  |TAMS 0x0000000617400000| PB 0x0000000617400000| Untracked 
|  90|0x0000000617800000, 0x0000000617800000, 0x0000000617c00000|  0%| F|  |TAMS 0x0000000617800000| PB 0x0000000617800000| Untracked 
|  91|0x0000000617c00000, 0x0000000617c00000, 0x0000000618000000|  0%| F|  |TAMS 0x0000000617c00000| PB 0x0000000617c00000| Untracked 
|  92|0x0000000618000000, 0x0000000618000000, 0x0000000618400000|  0%| F|  |TAMS 0x0000000618000000| PB 0x0000000618000000| Untracked 
|  93|0x0000000618400000, 0x0000000618400000, 0x0000000618800000|  0%| F|  |TAMS 0x0000000618400000| PB 0x0000000618400000| Untracked 
|  94|0x0000000618800000, 0x0000000618800000, 0x0000000618c00000|  0%| F|  |TAMS 0x0000000618800000| PB 0x0000000618800000| Untracked 
|  95|0x0000000618c00000, 0x0000000618c00000, 0x0000000619000000|  0%| F|  |TAMS 0x0000000618c00000| PB 0x0000000618c00000| Untracked 
|  96|0x0000000619000000, 0x0000000619000000, 0x0000000619400000|  0%| F|  |TAMS 0x0000000619000000| PB 0x0000000619000000| Untracked 
|  97|0x0000000619400000, 0x0000000619400000, 0x0000000619800000|  0%| F|  |TAMS 0x0000000619400000| PB 0x0000000619400000| Untracked 
|  98|0x0000000619800000, 0x0000000619800000, 0x0000000619c00000|  0%| F|  |TAMS 0x0000000619800000| PB 0x0000000619800000| Untracked 
|  99|0x0000000619c00000, 0x0000000619c00000, 0x000000061a000000|  0%| F|  |TAMS 0x0000000619c00000| PB 0x0000000619c00000| Untracked 
| 100|0x000000061a000000, 0x000000061a000000, 0x000000061a400000|  0%| F|  |TAMS 0x000000061a000000| PB 0x000000061a000000| Untracked 
| 101|0x000000061a400000, 0x000000061a400000, 0x000000061a800000|  0%| F|  |TAMS 0x000000061a400000| PB 0x000000061a400000| Untracked 
| 102|0x000000061a800000, 0x000000061a800000, 0x000000061ac00000|  0%| F|  |TAMS 0x000000061a800000| PB 0x000000061a800000| Untracked 
| 103|0x000000061ac00000, 0x000000061ac00000, 0x000000061b000000|  0%| F|  |TAMS 0x000000061ac00000| PB 0x000000061ac00000| Untracked 
| 104|0x000000061b000000, 0x000000061b000000, 0x000000061b400000|  0%| F|  |TAMS 0x000000061b000000| PB 0x000000061b000000| Untracked 
| 105|0x000000061b400000, 0x000000061b400000, 0x000000061b800000|  0%| F|  |TAMS 0x000000061b400000| PB 0x000000061b400000| Untracked 
| 106|0x000000061b800000, 0x000000061b800000, 0x000000061bc00000|  0%| F|  |TAMS 0x000000061b800000| PB 0x000000061b800000| Untracked 
| 107|0x000000061bc00000, 0x000000061bc00000, 0x000000061c000000|  0%| F|  |TAMS 0x000000061bc00000| PB 0x000000061bc00000| Untracked 
| 108|0x000000061c000000, 0x000000061c000000, 0x000000061c400000|  0%| F|  |TAMS 0x000000061c000000| PB 0x000000061c000000| Untracked 
| 109|0x000000061c400000, 0x000000061c400000, 0x000000061c800000|  0%| F|  |TAMS 0x000000061c400000| PB 0x000000061c400000| Untracked 
| 110|0x000000061c800000, 0x000000061c800000, 0x000000061cc00000|  0%| F|  |TAMS 0x000000061c800000| PB 0x000000061c800000| Untracked 
| 111|0x000000061cc00000, 0x000000061cc00000, 0x000000061d000000|  0%| F|  |TAMS 0x000000061cc00000| PB 0x000000061cc00000| Untracked 
| 112|0x000000061d000000, 0x000000061d000000, 0x000000061d400000|  0%| F|  |TAMS 0x000000061d000000| PB 0x000000061d000000| Untracked 
| 113|0x000000061d400000, 0x000000061d400000, 0x000000061d800000|  0%| F|  |TAMS 0x000000061d400000| PB 0x000000061d400000| Untracked 
| 114|0x000000061d800000, 0x000000061d800000, 0x000000061dc00000|  0%| F|  |TAMS 0x000000061d800000| PB 0x000000061d800000| Untracked 
| 115|0x000000061dc00000, 0x000000061dc00000, 0x000000061e000000|  0%| F|  |TAMS 0x000000061dc00000| PB 0x000000061dc00000| Untracked 
| 116|0x000000061e000000, 0x000000061e000000, 0x000000061e400000|  0%| F|  |TAMS 0x000000061e000000| PB 0x000000061e000000| Untracked 
| 117|0x000000061e400000, 0x000000061e400000, 0x000000061e800000|  0%| F|  |TAMS 0x000000061e400000| PB 0x000000061e400000| Untracked 
| 118|0x000000061e800000, 0x000000061e800000, 0x000000061ec00000|  0%| F|  |TAMS 0x000000061e800000| PB 0x000000061e800000| Untracked 
| 119|0x000000061ec00000, 0x000000061ec00000, 0x000000061f000000|  0%| F|  |TAMS 0x000000061ec00000| PB 0x000000061ec00000| Untracked 
| 120|0x000000061f000000, 0x000000061f000000, 0x000000061f400000|  0%| F|  |TAMS 0x000000061f000000| PB 0x000000061f000000| Untracked 
| 121|0x000000061f400000, 0x000000061f400000, 0x000000061f800000|  0%| F|  |TAMS 0x000000061f400000| PB 0x000000061f400000| Untracked 
| 122|0x000000061f800000, 0x000000061f800000, 0x000000061fc00000|  0%| F|  |TAMS 0x000000061f800000| PB 0x000000061f800000| Untracked 
| 123|0x000000061fc00000, 0x000000061fc00000, 0x0000000620000000|  0%| F|  |TAMS 0x000000061fc00000| PB 0x000000061fc00000| Untracked 
| 124|0x0000000620000000, 0x0000000620000000, 0x0000000620400000|  0%| F|  |TAMS 0x0000000620000000| PB 0x0000000620000000| Untracked 
| 125|0x0000000620400000, 0x0000000620689760, 0x0000000620800000| 63%| E|  |TAMS 0x0000000620400000| PB 0x0000000620400000| Complete 
| 126|0x0000000620800000, 0x0000000620c00000, 0x0000000620c00000|100%| E|  |TAMS 0x0000000620800000| PB 0x0000000620800000| Complete 
| 127|0x0000000620c00000, 0x0000000621000000, 0x0000000621000000|100%| E|CS|TAMS 0x0000000620c00000| PB 0x0000000620c00000| Complete 

Card table byte_map: [0x000001c052120000,0x000001c053120000] _byte_map_base: 0x000001c04f118000

Marking Bits: (CMBitMap*) 0x000001c0395fa1b0
 Bits: [0x000001c053120000, 0x000001c05b0e0000)

Polling page: 0x000001c0371a0000

Metaspace:

Usage:
  Non-class:      3.45 MB used.
      Class:    189.04 KB used.
       Both:      3.64 MB used.

Virtual space:
  Non-class space:       64.00 MB reserved,       3.56 MB (  6%) committed,  1 nodes.
      Class space:        1.00 GB reserved,     256.00 KB ( <1%) committed,  1 nodes.
             Both:        1.06 GB reserved,       3.81 MB ( <1%) committed. 

Chunk freelists:
   Non-Class:  9.91 MB
       Class:  15.66 MB
        Both:  25.57 MB

MaxMetaspaceSize: unlimited
CompressedClassSpaceSize: 1.00 GB
Initial GC threshold: 21.00 MB
Current GC threshold: 21.00 MB
CDS: on
 - commit_granule_bytes: 65536.
 - commit_granule_words: 8192.
 - virtual_space_node_default_size: 8388608.
 - enlarge_chunks_in_place: 1.
 - use_allocation_guard: 0.


Internal statistics:

num_allocs_failed_limit: 0.
num_arena_births: 62.
num_arena_deaths: 0.
num_vsnodes_births: 2.
num_vsnodes_deaths: 0.
num_space_committed: 59.
num_space_uncommitted: 0.
num_chunks_returned_to_freelist: 0.
num_chunks_taken_from_freelist: 155.
num_chunk_merges: 0.
num_chunk_splits: 106.
num_chunks_enlarged: 73.
num_inconsistent_stats: 0.

CodeHeap 'non-profiled nmethods': size=119168Kb used=192Kb max_used=192Kb free=118975Kb
 bounds [0x000001c049550000, 0x000001c0497c0000, 0x000001c0509b0000]
CodeHeap 'profiled nmethods': size=119104Kb used=1058Kb max_used=1058Kb free=118045Kb
 bounds [0x000001c0419b0000, 0x000001c041c20000, 0x000001c048e00000]
CodeHeap 'non-nmethods': size=7488Kb used=3199Kb max_used=3213Kb free=4288Kb
 bounds [0x000001c048e00000, 0x000001c049130000, 0x000001c049550000]
 total_blobs=1726 nmethods=677 adapters=952
 compilation: enabled
              stopped_count=0, restarted_count=0
 full_count=0

Compilation events (20 events):
Event: 0.482 Thread 0x000001c05e2a9ce0  668       1       java.security.CodeSource::getLocation (5 bytes)
Event: 0.482 Thread 0x000001c05e2a9ce0 nmethod 668 0x000001c04957f190 code [0x000001c04957f320, 0x000001c04957f3f0]
Event: 0.483 Thread 0x000001c05e2a9630  669       4       java.util.zip.ZipFile::ensureOpen (40 bytes)
Event: 0.483 Thread 0x000001c05e3d2300  670       3       java.util.Arrays::rangeCheck (74 bytes)
Event: 0.483 Thread 0x000001c05e3f4de0  671       3       java.lang.String::equalsIgnoreCase (45 bytes)
Event: 0.483 Thread 0x000001c05e3f4de0 nmethod 671 0x000001c041ab5e10 code [0x000001c041ab6000, 0x000001c041ab6568]
Event: 0.483 Thread 0x000001c05e3d2300 nmethod 670 0x000001c041ab6790 code [0x000001c041ab6a40, 0x000001c041ab7390]
Event: 0.483 Thread 0x000001c05e2a9630 nmethod 669 0x000001c04957f490 code [0x000001c04957f620, 0x000001c04957f700]
Event: 0.489 Thread 0x000001c05e3f4de0  672       3       java.io.RandomAccessFile::readFully (45 bytes)
Event: 0.489 Thread 0x000001c05e2a9ce0  673       3       java.util.ArrayDeque::inc (12 bytes)
Event: 0.489 Thread 0x000001c05e2a9ce0 nmethod 673 0x000001c041ab7790 code [0x000001c041ab7920, 0x000001c041ab7a50]
Event: 0.489 Thread 0x000001c05e3f4de0 nmethod 672 0x000001c041ab7b10 code [0x000001c041ab7ce0, 0x000001c041ab8060]
Event: 0.490 Thread 0x000001c05e3f4de0  674       1       java.lang.NamedPackage::module (5 bytes)
Event: 0.490 Thread 0x000001c05e3f4de0 nmethod 674 0x000001c04957f810 code [0x000001c04957f9a0, 0x000001c04957fa70]
Event: 0.501 Thread 0x000001c05e3f4de0  675       3       java.lang.String::endsWith (15 bytes)
Event: 0.501 Thread 0x000001c05e3f4de0 nmethod 675 0x000001c041ab8210 code [0x000001c041ab83e0, 0x000001c041ab8728]
Event: 0.504 Thread 0x000001c05e2a9630  676       4       java.lang.AbstractStringBuilder::newCapacity (59 bytes)
Event: 0.504 Thread 0x000001c05e2a9630 nmethod 676 0x000001c04957fb10 code [0x000001c04957fca0, 0x000001c04957fdb8]
Event: 0.506 Thread 0x000001c05e2a9630  677       4       java.lang.StringLatin1::lastIndexOf (40 bytes)
Event: 0.507 Thread 0x000001c05e2a9630 nmethod 677 0x000001c04957fe90 code [0x000001c049580020, 0x000001c0495801c0]

GC Heap History (0 events):
No events

Dll operation events (8 events):
Event: 0.004 Loaded shared library C:\Program Files\Java\jdk-21\bin\java.dll
Event: 0.023 Loaded shared library C:\Program Files\Java\jdk-21\bin\jsvml.dll
Event: 0.053 Loaded shared library C:\Program Files\Java\jdk-21\bin\net.dll
Event: 0.054 Loaded shared library C:\Program Files\Java\jdk-21\bin\nio.dll
Event: 0.057 Loaded shared library C:\Program Files\Java\jdk-21\bin\zip.dll
Event: 0.095 Loaded shared library C:\Program Files\Java\jdk-21\bin\jimage.dll
Event: 0.109 Loaded shared library C:\Users\chris\AppData\Local\Temp\lwjgl_chris\3.3.3+5\x64\lwjgl.dll
Event: 0.279 Loaded shared library C:\Users\chris\AppData\Local\Temp\lwjgl_chris\3.3.3+5\x64\lwjgl_opengl.dll

Deoptimization events (20 events):
Event: 0.073 Thread 0x000001c037207160 DEOPT PACKING pc=0x000001c0419ce099 sp=0x00000056780fa140
Event: 0.073 Thread 0x000001c037207160 DEOPT UNPACKING pc=0x000001c048e54e42 sp=0x00000056780f9560 mode 0
Event: 0.081 Thread 0x000001c037207160 Uncommon trap: trap_request=0xffffff45 fr.pc=0x000001c049556878 relative=0x00000000000002b8
Event: 0.081 Thread 0x000001c037207160 Uncommon trap: reason=unstable_if action=reinterpret pc=0x000001c049556878 method=java.lang.StringLatin1.hashCode([B)I @ 2 c2
Event: 0.081 Thread 0x000001c037207160 DEOPT PACKING pc=0x000001c049556878 sp=0x00000056780fb360
Event: 0.081 Thread 0x000001c037207160 DEOPT UNPACKING pc=0x000001c048e546a2 sp=0x00000056780fb298 mode 2
Event: 0.091 Thread 0x000001c037207160 DEOPT PACKING pc=0x000001c0419bab61 sp=0x00000056780fa910
Event: 0.091 Thread 0x000001c037207160 DEOPT UNPACKING pc=0x000001c048e54e42 sp=0x00000056780f9d78 mode 0
Event: 0.104 Thread 0x000001c037207160 Uncommon trap: trap_request=0xffffff45 fr.pc=0x000001c049557b10 relative=0x0000000000000070
Event: 0.104 Thread 0x000001c037207160 Uncommon trap: reason=unstable_if action=reinterpret pc=0x000001c049557b10 method=java.io.WinNTFileSystem.isSlash(C)Z @ 9 c2
Event: 0.104 Thread 0x000001c037207160 DEOPT PACKING pc=0x000001c049557b10 sp=0x00000056780fd520
Event: 0.104 Thread 0x000001c037207160 DEOPT UNPACKING pc=0x000001c048e546a2 sp=0x00000056780fd4a8 mode 2
Event: 0.285 Thread 0x000001c037207160 Uncommon trap: trap_request=0xffffff54 fr.pc=0x000001c04957b310 relative=0x0000000000000070
Event: 0.285 Thread 0x000001c037207160 Uncommon trap: reason=speculate_null_assert action=make_not_entrant pc=0x000001c04957b310 method=sun.misc.Unsafe.putLong(Ljava/lang/Object;JJ)V @ 7 c2
Event: 0.285 Thread 0x000001c037207160 DEOPT PACKING pc=0x000001c04957b310 sp=0x00000056780ff1a0
Event: 0.285 Thread 0x000001c037207160 DEOPT UNPACKING pc=0x000001c048e546a2 sp=0x00000056780ff118 mode 2
Event: 0.380 Thread 0x000001c037207160 Uncommon trap: trap_request=0xffffff54 fr.pc=0x000001c04957d68c relative=0x000000000000006c
Event: 0.380 Thread 0x000001c037207160 Uncommon trap: reason=speculate_null_assert action=make_not_entrant pc=0x000001c04957d68c method=sun.misc.Unsafe.getLong(Ljava/lang/Object;J)J @ 5 c2
Event: 0.380 Thread 0x000001c037207160 DEOPT PACKING pc=0x000001c04957d68c sp=0x00000056780ff030
Event: 0.380 Thread 0x000001c037207160 DEOPT UNPACKING pc=0x000001c048e546a2 sp=0x00000056780fefb8 mode 2

Classes loaded (20 events):
Event: 0.151 Loading class java/nio/DirectFloatBufferU
Event: 0.151 Loading class java/nio/DirectFloatBufferU done
Event: 0.151 Loading class java/nio/DirectDoubleBufferU
Event: 0.151 Loading class java/nio/DirectDoubleBufferU done
Event: 0.151 Loading class sun/misc/Unsafe
Event: 0.151 Loading class sun/misc/Unsafe done
Event: 0.152 Loading class java/lang/invoke/DirectMethodHandle$StaticAccessor
Event: 0.152 Loading class java/lang/invoke/DirectMethodHandle$StaticAccessor done
Event: 0.153 Loading class java/util/function/LongPredicate
Event: 0.153 Loading class java/util/function/LongPredicate done
Event: 0.154 Loading class java/lang/foreign/MemorySegment
Event: 0.154 Loading class java/lang/foreign/MemorySegment done
Event: 0.156 Loading class java/nio/InvalidMarkException
Event: 0.156 Loading class java/nio/InvalidMarkException done
Event: 0.156 Loading class java/nio/BufferUnderflowException
Event: 0.156 Loading class java/nio/BufferUnderflowException done
Event: 0.158 Loading class java/lang/IndexOutOfBoundsException
Event: 0.158 Loading class java/lang/IndexOutOfBoundsException done
Event: 0.283 Loading class java/util/Formatter$FixedString
Event: 0.283 Loading class java/util/Formatter$FixedString done

Classes unloaded (0 events):
No events

Classes redefined (0 events):
No events

Internal exceptions (20 events):
Event: 0.090 Thread 0x000001c037207160 Exception <a 'java/lang/NoSuchMethodError'{0x00000006208cc868}: 'java.lang.Object java.lang.invoke.DirectMethodHandle$Holder.invokeStatic(java.lang.Object, java.lang.Object, int)'> (0x00000006208cc868) 
thrown [s\open\src\hotspot\share\interpreter\linkResolver.cpp, line 773]
Event: 0.091 Thread 0x000001c037207160 Exception <a 'java/lang/NoSuchMethodError'{0x00000006208d7d68}: 'void java.lang.invoke.DelegatingMethodHandle$Holder.delegate(java.lang.Object, java.lang.Object, int, java.lang.Object)'> (0x00000006208d7d68) 
thrown [s\open\src\hotspot\share\interpreter\linkResolver.cpp, line 773]
Event: 0.091 Thread 0x000001c037207160 Exception <a 'java/lang/NoSuchMethodError'{0x00000006208dbc50}: 'int java.lang.invoke.DirectMethodHandle$Holder.invokeSpecial(java.lang.Object, java.lang.Object, java.lang.Object)'> (0x00000006208dbc50) 
thrown [s\open\src\hotspot\share\interpreter\linkResolver.cpp, line 773]
Event: 0.093 Thread 0x000001c037207160 Exception <a 'java/lang/NoSuchMethodError'{0x00000006208f6138}: 'void java.lang.System.loadLibrary(java.lang.String, java.lang.Class)'> (0x00000006208f6138) 
thrown [s\open\src\hotspot\share\interpreter\linkResolver.cpp, line 773]
Event: 0.108 Thread 0x000001c037207160 Exception <a 'sun/nio/fs/WindowsException'{0x00000006209b0168}> (0x00000006209b0168) 
thrown [s\open\src\hotspot\share\prims\jni.cpp, line 520]
Event: 0.108 Thread 0x000001c037207160 Exception <a 'sun/nio/fs/WindowsException'{0x00000006209b0698}> (0x00000006209b0698) 
thrown [s\open\src\hotspot\share\prims\jni.cpp, line 520]
Event: 0.147 Thread 0x000001c037207160 Exception <a 'sun/nio/fs/WindowsException'{0x0000000620a339e8}> (0x0000000620a339e8) 
thrown [s\open\src\hotspot\share\prims\jni.cpp, line 520]
Event: 0.147 Thread 0x000001c037207160 Exception <a 'sun/nio/fs/WindowsException'{0x0000000620a33d48}> (0x0000000620a33d48) 
thrown [s\open\src\hotspot\share\prims\jni.cpp, line 520]
Event: 0.153 Thread 0x000001c037207160 Exception <a 'java/lang/NoSuchMethodError'{0x0000000620a8b280}: 'int java.lang.invoke.DirectMethodHandle$Holder.invokeStaticInit(java.lang.Object, java.lang.Object, int, long)'> (0x0000000620a8b280) 
thrown [s\open\src\hotspot\share\interpreter\linkResolver.cpp, line 773]
Event: 0.153 Thread 0x000001c037207160 Exception <a 'java/lang/NoSuchMethodError'{0x0000000620a902a8}: 'java.lang.Object java.lang.invoke.DirectMethodHandle$Holder.newInvokeSpecial(java.lang.Object, java.lang.Object, int)'> (0x0000000620a902a8) 
thrown [s\open\src\hotspot\share\interpreter\linkResolver.cpp, line 773]
Event: 0.155 Thread 0x000001c037207160 Exception <a 'java/lang/NoSuchMethodError'{0x0000000620aa0b58}: 'int java.lang.invoke.DirectMethodHandle$Holder.invokeStaticInit(java.lang.Object, java.lang.Object, long, long)'> (0x0000000620aa0b58) 
thrown [s\open\src\hotspot\share\interpreter\linkResolver.cpp, line 773]
Event: 0.155 Thread 0x000001c037207160 Exception <a 'java/lang/NoSuchMethodError'{0x0000000620aa63c0}: 'java.lang.Object java.lang.invoke.DirectMethodHandle$Holder.newInvokeSpecial(java.lang.Object, java.lang.Object, long)'> (0x0000000620aa63c0) 
thrown [s\open\src\hotspot\share\interpreter\linkResolver.cpp, line 773]
Event: 0.155 Thread 0x000001c037207160 Exception <a 'java/lang/NoSuchMethodError'{0x0000000620aaa428}: 'java.lang.Object java.lang.invoke.Invokers$Holder.linkToTargetMethod(java.lang.Object, long, java.lang.Object)'> (0x0000000620aaa428) 
thrown [s\open\src\hotspot\share\interpreter\linkResolver.cpp, line 773]
Event: 0.156 Thread 0x000001c037207160 Exception <a 'java/lang/NoSuchMethodError'{0x0000000620ab14e8}: 'int java.lang.invoke.DirectMethodHandle$Holder.invokeStaticInit(java.lang.Object, java.lang.Object, java.lang.Object, long)'> (0x0000000620ab14e8) 
thrown [s\open\src\hotspot\share\interpreter\linkResolver.cpp, line 773]
Event: 0.274 Thread 0x000001c037207160 Exception <a 'java/lang/NoSuchMethodError'{0x0000000620b435b0}: 'void java.lang.System.load(java.lang.String, java.lang.Class)'> (0x0000000620b435b0) 
thrown [s\open\src\hotspot\share\interpreter\linkResolver.cpp, line 773]
Event: 0.275 Thread 0x000001c037207160 Exception <a 'java/lang/NoSuchMethodError'{0x0000000620b45f50}: 'void java.lang.System.loadLibrary(java.lang.String, java.lang.Class)'> (0x0000000620b45f50) 
thrown [s\open\src\hotspot\share\interpreter\linkResolver.cpp, line 773]
Event: 0.278 Thread 0x000001c037207160 Exception <a 'sun/nio/fs/WindowsException'{0x0000000620b560f8}> (0x0000000620b560f8) 
thrown [s\open\src\hotspot\share\prims\jni.cpp, line 520]
Event: 0.278 Thread 0x000001c037207160 Exception <a 'sun/nio/fs/WindowsException'{0x0000000620b56498}> (0x0000000620b56498) 
thrown [s\open\src\hotspot\share\prims\jni.cpp, line 520]
Event: 0.281 Thread 0x000001c037207160 Exception <a 'sun/nio/fs/WindowsException'{0x0000000620b60fd0}> (0x0000000620b60fd0) 
thrown [s\open\src\hotspot\share\prims\jni.cpp, line 520]
Event: 0.281 Thread 0x000001c037207160 Exception <a 'sun/nio/fs/WindowsException'{0x0000000620b612a0}> (0x0000000620b612a0) 
thrown [s\open\src\hotspot\share\prims\jni.cpp, line 520]

ZGC Phase Switch (0 events):
No events

VM Operations (4 events):
Event: 0.057 Executing VM operation: HandshakeAllThreads (Deoptimize)
Event: 0.057 Executing VM operation: HandshakeAllThreads (Deoptimize) done
Event: 0.104 Executing VM operation: HandshakeAllThreads (Deoptimize)
Event: 0.104 Executing VM operation: HandshakeAllThreads (Deoptimize) done

Events (15 events):
Event: 0.013 Thread 0x000001c037207160 Thread added: 0x000001c037207160
Event: 0.022 Thread 0x000001c05e28e6c0 Thread added: 0x000001c05e28e6c0
Event: 0.022 Thread 0x000001c05e28eff0 Thread added: 0x000001c05e28eff0
Event: 0.022 Thread 0x000001c05e291a60 Thread added: 0x000001c05e291a60
Event: 0.022 Thread 0x000001c05e2930e0 Thread added: 0x000001c05e2930e0
Event: 0.022 Thread 0x000001c05e2a1780 Thread added: 0x000001c05e2a1780
Event: 0.022 Thread 0x000001c05e2a8130 Thread added: 0x000001c05e2a8130
Event: 0.022 Thread 0x000001c05e2a9630 Thread added: 0x000001c05e2a9630
Event: 0.022 Thread 0x000001c05e2a9ce0 Thread added: 0x000001c05e2a9ce0
Event: 0.046 Thread 0x000001c05e3d2300 Thread added: 0x000001c05e3d2300
Event: 0.046 Thread 0x000001c05e3f4de0 Thread added: 0x000001c05e3f4de0
Event: 0.047 Thread 0x000001c05e2a59d0 Thread added: 0x000001c05e2a59d0
Event: 0.049 Thread 0x000001c05e2a66f0 Thread added: 0x000001c05e2a66f0
Event: 0.070 Thread 0x000001c05e4c27b0 Thread added: 0x000001c05e4c27b0
Event: 0.273 Thread 0x000001c05e4c27b0 Thread exited: 0x000001c05e4c27b0


Dynamic libraries:
0x00007ff798720000 - 0x00007ff798730000 	C:\Program Files\Java\jdk-21\bin\java.exe
0x00007ff941a10000 - 0x00007ff941c08000 	C:\Windows\SYSTEM32\ntdll.dll
0x00007ff940890000 - 0x00007ff940952000 	C:\Windows\System32\KERNEL32.DLL
0x00007ff93f0b0000 - 0x00007ff93f3ae000 	C:\Windows\System32\KERNELBASE.dll
0x00007ff93f3b0000 - 0x00007ff93f4b0000 	C:\Windows\System32\ucrtbase.dll
0x00007ff91fa90000 - 0x00007ff91faa9000 	C:\Program Files\Java\jdk-21\bin\jli.dll
0x00007ff91f720000 - 0x00007ff91f73b000 	C:\Program Files\Java\jdk-21\bin\VCRUNTIME140.dll
0x00007ff940730000 - 0x00007ff9407e1000 	C:\Windows\System32\ADVAPI32.dll
0x00007ff9407f0000 - 0x00007ff94088e000 	C:\Windows\System32\msvcrt.dll
0x00007ff941720000 - 0x00007ff9417bf000 	C:\Windows\System32\sechost.dll
0x00007ff93fa30000 - 0x00007ff93fb53000 	C:\Windows\System32\RPCRT4.dll
0x00007ff93f620000 - 0x00007ff93f647000 	C:\Windows\System32\bcrypt.dll
0x00007ff940c40000 - 0x00007ff940ddd000 	C:\Windows\System32\USER32.dll
0x00007ff93f650000 - 0x00007ff93f672000 	C:\Windows\System32\win32u.dll
0x00007ff925b40000 - 0x00007ff925dda000 	C:\Windows\WinSxS\amd64_microsoft.windows.common-controls_6595b64144ccf1df_6.0.19041.4355_none_60b8b9eb71f62e16\COMCTL32.dll
0x00007ff940de0000 - 0x00007ff940e0b000 	C:\Windows\System32\GDI32.dll
0x00007ff93f500000 - 0x00007ff93f617000 	C:\Windows\System32\gdi32full.dll
0x00007ff93f710000 - 0x00007ff93f7ad000 	C:\Windows\System32\msvcp_win.dll
0x00007ff931db0000 - 0x00007ff931dba000 	C:\Windows\SYSTEM32\VERSION.dll
0x00007ff93fc30000 - 0x00007ff93fc5f000 	C:\Windows\System32\IMM32.DLL
0x00007ff921c70000 - 0x00007ff921c7c000 	C:\Program Files\Java\jdk-21\bin\vcruntime140_1.dll
0x00007ff913930000 - 0x00007ff9139be000 	C:\Program Files\Java\jdk-21\bin\msvcp140.dll
0x00007ff90d8e0000 - 0x00007ff90e5f5000 	C:\Program Files\Java\jdk-21\bin\server\jvm.dll
0x00007ff9414c0000 - 0x00007ff94152b000 	C:\Windows\System32\WS2_32.dll
0x00007ff93ea70000 - 0x00007ff93eabb000 	C:\Windows\SYSTEM32\POWRPROF.dll
0x00007ff931e70000 - 0x00007ff931e97000 	C:\Windows\SYSTEM32\WINMM.dll
0x00007ff93ea20000 - 0x00007ff93ea32000 	C:\Windows\SYSTEM32\UMPDC.dll
0x00007ff93cf50000 - 0x00007ff93cf62000 	C:\Windows\SYSTEM32\kernel.appcore.dll
0x00007ff9219b0000 - 0x00007ff9219ba000 	C:\Program Files\Java\jdk-21\bin\jimage.dll
0x00007ff938410000 - 0x00007ff9385f4000 	C:\Windows\SYSTEM32\DBGHELP.DLL
0x00007ff92c390000 - 0x00007ff92c3c4000 	C:\Windows\SYSTEM32\dbgcore.DLL
0x00007ff93f680000 - 0x00007ff93f702000 	C:\Windows\System32\bcryptPrimitives.dll
0x00007ff91f700000 - 0x00007ff91f71f000 	C:\Program Files\Java\jdk-21\bin\java.dll
0x00007ff93ffc0000 - 0x00007ff94072d000 	C:\Windows\System32\SHELL32.dll
0x00007ff93d150000 - 0x00007ff93d8f4000 	C:\Windows\SYSTEM32\windows.storage.dll
0x00007ff93fc60000 - 0x00007ff93ffb3000 	C:\Windows\System32\combase.dll
0x00007ff93eae0000 - 0x00007ff93eb0e000 	C:\Windows\SYSTEM32\Wldp.dll
0x00007ff941390000 - 0x00007ff94145d000 	C:\Windows\System32\OLEAUT32.dll
0x00007ff93fb60000 - 0x00007ff93fc0d000 	C:\Windows\System32\SHCORE.dll
0x00007ff9416c0000 - 0x00007ff941715000 	C:\Windows\System32\shlwapi.dll
0x00007ff93efe0000 - 0x00007ff93f004000 	C:\Windows\SYSTEM32\profapi.dll
0x00007ff912570000 - 0x00007ff912647000 	C:\Program Files\Java\jdk-21\bin\jsvml.dll
0x00007ff91fce0000 - 0x00007ff91fcf0000 	C:\Program Files\Java\jdk-21\bin\net.dll
0x00007ff9394c0000 - 0x00007ff9395cd000 	C:\Windows\SYSTEM32\WINHTTP.dll
0x00007ff93e7d0000 - 0x00007ff93e83a000 	C:\Windows\system32\mswsock.dll
0x00007ff91f530000 - 0x00007ff91f546000 	C:\Program Files\Java\jdk-21\bin\nio.dll
0x00007ff91f550000 - 0x00007ff91f568000 	C:\Program Files\Java\jdk-21\bin\zip.dll
0x00007ff916220000 - 0x00007ff91629b000 	C:\Users\chris\AppData\Local\Temp\lwjgl_chris\3.3.3+5\x64\lwjgl.dll
0x00007ff913ea0000 - 0x00007ff913f22000 	C:\Users\chris\AppData\Local\Temp\lwjgl_chris\3.3.3+5\x64\glfw.dll
0x00007ff91d270000 - 0x00007ff91d2b5000 	C:\Windows\SYSTEM32\dinput8.dll
0x00007ff91f570000 - 0x00007ff91f581000 	C:\Windows\SYSTEM32\xinput1_4.dll
0x00007ff93f4b0000 - 0x00007ff93f4fe000 	C:\Windows\System32\cfgmgr32.dll
0x00007ff93ee40000 - 0x00007ff93ee73000 	C:\Windows\SYSTEM32\DEVOBJ.dll
0x00007ff93cd70000 - 0x00007ff93cd9f000 	C:\Windows\SYSTEM32\dwmapi.dll
0x00007ff926b20000 - 0x00007ff926c72000 	C:\Windows\SYSTEM32\inputhost.dll
0x00007ff93be60000 - 0x00007ff93bf52000 	C:\Windows\SYSTEM32\CoreMessaging.dll
0x00007ff93b2e0000 - 0x00007ff93b437000 	C:\Windows\SYSTEM32\wintypes.dll
0x00007ff93bac0000 - 0x00007ff93be1b000 	C:\Windows\SYSTEM32\CoreUIComponents.dll
0x00007ff93a010000 - 0x00007ff93a106000 	C:\Windows\SYSTEM32\PROPSYS.dll
0x00007ff93e2e0000 - 0x00007ff93e313000 	C:\Windows\SYSTEM32\ntmarta.dll
0x00007ff93ca60000 - 0x00007ff93cafe000 	C:\Windows\system32\uxtheme.dll
0x00007ff941850000 - 0x00007ff941965000 	C:\Windows\System32\MSCTF.dll
0x00007ff903500000 - 0x00007ff903628000 	C:\Windows\SYSTEM32\opengl32.dll
0x00007ff907a80000 - 0x00007ff907aac000 	C:\Windows\SYSTEM32\GLU32.dll
0x00007ff941610000 - 0x00007ff9416b9000 	C:\Windows\System32\clbcatq.dll
0x00007ff906560000 - 0x00007ff906590000 	C:\Windows\System32\DriverStore\FileRepository\u0409016.inf_amd64_2b8774c9217183cc\B408421\atig6pxx.dll
0x00007ff8b8750000 - 0x00007ff8bc776000 	C:\Windows\System32\DriverStore\FileRepository\u0409016.inf_amd64_2b8774c9217183cc\B408421\atio6axx.dll
0x00007ff940e20000 - 0x00007ff94128e000 	C:\Windows\System32\SETUPAPI.dll
0x00007ff940960000 - 0x00007ff940a8b000 	C:\Windows\System32\ole32.dll
0x00007ff93f9c0000 - 0x00007ff93fa29000 	C:\Windows\System32\WINTRUST.dll
0x00007ff93f7b0000 - 0x00007ff93f90c000 	C:\Windows\System32\CRYPT32.dll
0x00007ff93ec70000 - 0x00007ff93ec82000 	C:\Windows\SYSTEM32\MSASN1.dll
0x00007ff9316b0000 - 0x00007ff9316e9000 	C:\Windows\System32\DriverStore\FileRepository\u0409016.inf_amd64_2b8774c9217183cc\B408421\amdihk64.dll
0x00007ff926260000 - 0x00007ff926359000 	C:\Windows\SYSTEM32\textinputframework.dll
0x00007ff91b4e0000 - 0x00007ff91b53e000 	C:\Users\chris\AppData\Local\Temp\lwjgl_chris\3.3.3+5\x64\lwjgl_opengl.dll

dbghelp: loaded successfully - version: 4.0.5 - missing functions: none
symbol engine: initialized successfully - sym options: 0x614 - pdb path: .;C:\Program Files\Java\jdk-21\bin;C:\Windows\SYSTEM32;C:\Windows\WinSxS\amd64_microsoft.windows.common-controls_6595b64144ccf1df_6.0.19041.4355_none_60b8b9eb71f62e16;C:\Program Files\Java\jdk-21\bin\server;C:\Users\chris\AppData\Local\Temp\lwjgl_chris\3.3.3+5\x64;C:\Windows\System32\DriverStore\FileRepository\u0409016.inf_amd64_2b8774c9217183cc\B408421

VM Arguments:
jvm_args: -Dfile.encoding=UTF-8 -Duser.country=US -Duser.language=en -Duser.variant 
java_command: pkgDriver.Driver
java_class_path (initial): C:\Users\chris\IdeaProjects\Assignment7\build\classes\java\main;C:\Users\chris\IdeaProjects\Assignment7\build\resources\main;C:\Users\chris\.gradle\caches\modules-2\files-2.1\org.lwjgl\lwjgl-assimp\3.3.3\c2c34011cbda30ed8cf98bc5cbf97b49afe5279a\lwjgl-assimp-3.3.3.jar;C:\Users\chris\.gradle\caches\modules-2\files-2.1\org.lwjgl\lwjgl-assimp\3.3.3\d90ccdade594716062975cffd1431d387f770ac4\lwjgl-assimp-3.3.3-natives-windows.jar;C:\Users\chris\.gradle\caches\modules-2\files-2.1\org.lwjgl\lwjgl-cuda\3.3.3\e2de3beeba3e4c826317e31519a40f0585160acf\lwjgl-cuda-3.3.3.jar;C:\Users\chris\.gradle\caches\modules-2\files-2.1\org.lwjgl\lwjgl-freetype\3.3.3\a0db6c84a8becc8ca05f9dbfa985edc348a824c7\lwjgl-freetype-3.3.3.jar;C:\Users\chris\.gradle\caches\modules-2\files-2.1\org.lwjgl\lwjgl-freetype\3.3.3\81091b006dbb43fab04c8c638e9ac87c51b4096d\lwjgl-freetype-3.3.3-natives-windows.jar;C:\Users\chris\.gradle\caches\modules-2\files-2.1\org.lwjgl\lwjgl-glfw\3.3.3\efa1eb78c5ccd840e9f329717109b5e892d72f8e\lwjgl-glfw-3.3.3.jar;C:\Users\chris\.gradle\caches\modules-2\files-2.1\org.lwjgl\lwjgl-glfw\3.3.3\e449e28b4891fc423c54c85fbc5bb0b9efece67a\lwjgl-glfw-3.3.3-natives-windows.jar;C:\Users\chris\.gradle\caches\modules-2\files-2.1\org.lwjgl\lwjgl-hwloc\3.3.3\68333a022d5842b7bff95c70e4c3e1b2f126e783\lwjgl-hwloc-3.3.3.jar;C:\Users\chris\.gradle\caches\modules-2\files-2.1\org.lwjgl\lwjgl-hwloc\3.3.3\ea032ea737568d700f43cc9f052d51384ce20ebe\lwjgl-hwloc-3.3.3-natives-windows.jar;C:\Users\chris\.gradle\caches\modules-2\files-2.1\org.lwjgl\lwjgl-jawt\3.3.3\15479071013804d88cc810856fcc2548b457376c\lwjgl-jawt-3.3.3.jar;C:\Users\chris\.gradle\caches\modules-2\files-2.1\org.lwjgl\lwjgl-nanovg\3.3.3\37f0b9fc142948c3b2c6cd563db7233b14b9640c\lwjgl-nanovg-3.3.3.jar;C:\Users\chris\.gradle\caches\modules-2\files-2.1\org.lwjgl\lwjgl-nanovg\3.3.3\ccfbc346c4ce0737b7fe758d6337a3741af2f256\lwjgl-nanovg-3.3.3-natives-windows.jar;C:\Users\chris\.gradle\caches\modules-2\files-2.1\org.lwjgl\lwjgl-nfd\3.3.3\f1b41d3a0a2f5cd2a55a6a59a618c87d0348681c\lwjgl-nfd-3.3.3.jar;C:\Users\chris\.gradle\caches\modules-2\files-2.1\org.lwjgl\lwjgl-nfd\3.3.3\3a39132eef695dcb7631adc1d02e493527940d10\lwjgl-nfd-3.3.3-natives-windows.jar;C:\Users\chris\.gradle\caches\modules-2\files-2.1\org.lwjgl\lwjgl-nuklear\3.3.3\d120a8ab01987e285f83f43f862bef728011d97d\lwjgl-nuklear-3.3.3.jar;C:\Users\chris\.gradle\caches\modules-2\files-2.1\org.lwjgl\lwjgl-nuklear\3.3.3\3132690c8cbbdd7c948eb233610151b6a6c62b9a\lwjgl-nuklear-3.3.3-natives-windows.jar;C:\Users\chris\.gradle\caches\modules-2\files-2.1\org.lwjgl\lwjgl-odbc\3.3.3\1719d4813fba2b4272afddcf30db98ec32e8bd37\lwjgl-odbc-3.3.3.jar;C:\Users\chris\.gradle\caches\modules-2\files-2.1\org.lwjgl\lwjgl-openal\3.3.3\daada81ceb5fc0c291fbfdd4433cb8d9423577f2\lwjgl-openal-3.3.3.jar;C:\Users\chris\.gradle\caches\modules-2\files-2.1\org.lwjgl\lwjgl-openal\3.3.3\cf83862ae95d98496b26915024c7e666d8ab1c8f\lwjgl-openal-3.3.3-natives-windows.jar;C:\Users\chris\.gradle\caches\modules-2\files-2.1\org.lwjgl\lwjgl-opencl\3.3.3\fdf4a5cce0b7499914ac96a87d75fa895a4e0699\lwjgl-opencl-3.3.3.jar;C:\Users\chris\.gradle\caches\modules-2\files-2.1\org.lwjgl\lwjgl-opengl\3.3.3\2f6b0147078396a58979125a4c947664e98293a\lwjgl-opengl-3.3.3.jar;C:\Users\chris\.gradle\caches\modules-2\files-2.1\org.lwjgl\lwjgl-opengl\3.3.3\e6c1eec8be8a71951b830a4d69efc01c6531900c\lwjgl-opengl-3.3.3-natives-windows.jar;C:\Users\chris\.gradle\caches\modules-2\files-2.1\org.lwjgl\lwjgl-shaderc\3.3.3\ae740d58fdc809c4350358a872b076bacbec27c1\lwjgl-shaderc-3.3.3.jar;C:\Users\chris\.gradle\caches\modules-2\files-2.1\org.lwjgl\lwjgl-shaderc\3.3.3\2bdcb9d4c1a8debf8c82dcb6968c3f23f126af6b\lwjgl-shaderc-3.3.3-natives-windows.jar;C:\Users\chris\.gradle\caches\modules-2\files-2.1\org.lwjgl\lwjgl-stb\3.3.3\25dd6161988d7e65f71d5065c99902402ee32746\lwjgl-stb-3.3.3.jar;C:\Users\chris\.gradle\caches\modules-2\files-2.1\org.lwjgl\lwjgl-stb\3.3.3\1d9facdf6541de114b0f963be33505b7679c78cb\lwjgl-stb-3.3.3-natives-windows.jar;C:\Users\chris\.gradle\caches\modules-2\files-2.1\org.lwjgl\lwjgl-tootle\3.3.3\c6989921add57a1f59936bc4544431df4b837c8b\lwjgl-tootle-3.3.3.jar;C:\Users\chris\.gradle\caches\modules-2\files-2.1\org.lwjgl\lwjgl-tootle\3.3.3\6de41fb81ea077cb3829b25c6636987f011997fc\lwjgl-tootle-3.3.3-natives-windows.jar;C:\Users\chris\.gradle\caches\modules-2\files-2.1\org.lwjgl\lwjgl\3.3.3\29589b5f87ed335a6c7e7ee6a5775f81f97ecb84\lwjgl-3.3.3.jar;C:\Users\chris\.gradle\caches\modules-2\files-2.1\org.lwjgl\lwjgl\3.3.3\a5ed18a2b82fc91b81f40d717cb1f64c9dcb0540\lwjgl-3.3.3-natives-windows.jar;C:\Users\chris\.gradle\caches\modules-2\files-2.1\org.joml\joml\1.10.5\22566d58af70ad3d72308bab63b8339906deb649\joml-1.10.5.jar
Launcher Type: SUN_STANDARD

[Global flags]
     intx CICompilerCount                          = 12                                        {product} {ergonomic}
     uint ConcGCThreads                            = 3                                         {product} {ergonomic}
     uint G1ConcRefinementThreads                  = 13                                        {product} {ergonomic}
   size_t G1HeapRegionSize                         = 4194304                                   {product} {ergonomic}
    uintx GCDrainStackTargetSize                   = 64                                        {product} {ergonomic}
   size_t InitialHeapSize                          = 536870912                                 {product} {ergonomic}
   size_t MarkStackSize                            = 4194304                                   {product} {ergonomic}
   size_t MaxHeapSize                              = 8573157376                                {product} {ergonomic}
   size_t MaxNewSize                               = 5142216704                                {product} {ergonomic}
   size_t MinHeapDeltaBytes                        = 4194304                                   {product} {ergonomic}
   size_t MinHeapSize                              = 8388608                                   {product} {ergonomic}
    uintx NonNMethodCodeHeapSize                   = 7602480                                {pd product} {ergonomic}
    uintx NonProfiledCodeHeapSize                  = 122027880                              {pd product} {ergonomic}
    uintx ProfiledCodeHeapSize                     = 122027880                              {pd product} {ergonomic}
    uintx ReservedCodeCacheSize                    = 251658240                              {pd product} {ergonomic}
     bool SegmentedCodeCache                       = true                                      {product} {ergonomic}
   size_t SoftMaxHeapSize                          = 8573157376                             {manageable} {ergonomic}
     bool UseCompressedOops                        = true                           {product lp64_product} {ergonomic}
     bool UseG1GC                                  = true                                      {product} {ergonomic}
     bool UseLargePagesIndividualAllocation        = false                                  {pd product} {ergonomic}

Logging:
Log output configuration:
 #0: stdout all=warning uptime,level,tags foldmultilines=false
 #1: stderr all=off uptime,level,tags foldmultilines=false

Environment Variables:
PATH=C:\Program Files\Common Files\Oracle\Java\javapath;C:\Windows\system32;C:\Windows;C:\Windows\System32\Wbem;C:\Windows\System32\WindowsPowerShell\v1.0\;C:\Windows\System32\OpenSSH\;C:\Program Files (x86)\NVIDIA Corporation\PhysX\Common;F:\CSCI50\PuTTY\;C:\Program Files\Git\bin;C:\Program Files\nodejs\;C:\Program Files\Git\cmd;C:\Program Files\MySQL\MySQL Shell 8.0\bin\;C:\Users\chris\AppData\Local\Programs\Python\Python310\Scripts\;C:\Users\chris\AppData\Local\Programs\Python\Python310\;C:\Users\chris\AppData\Local\Microsoft\WindowsApps;;F:\Microsoft VS Code\bin;C:\Users\chris\AppData\Roaming\npm
USERNAME=chris
OS=Windows_NT
PROCESSOR_IDENTIFIER=AMD64 Family 25 Model 33 Stepping 0, AuthenticAMD
TMP=C:\Users\chris\AppData\Local\Temp
TEMP=C:\Users\chris\AppData\Local\Temp




Periodic native trim disabled

---------------  S Y S T E M  ---------------

OS:
 Windows 10 , 64 bit Build 19041 (10.0.19041.5072)
OS uptime: 0 days 22:05 hours

CPU: total 16 (initial active 16) (16 cores per cpu, 2 threads per core) family 25 model 33 stepping 0 microcode 0x0, cx8, cmov, fxsr, ht, mmx, 3dnowpref, sse, sse2, sse3, ssse3, sse4a, sse4.1, sse4.2, popcnt, lzcnt, tsc, tscinvbit, avx, avx2, aes, erms, clmul, bmi1, bmi2, adx, sha, fma, vzeroupper, clflush, clflushopt, rdtscp, rdpid, fsrm, f16c, pku, cet_ss
Processor Information for all 16 processors :
  Max Mhz: 3801, Current Mhz: 3801, Mhz Limit: 3801

Memory: 4k page, system-wide physical 32693M (18818M free)
TotalPageFile size 37557M (AvailPageFile size 18540M)
current process WorkingSet (physical memory assigned to process): 128M, peak: 128M
current process commit charge ("private bytes"): 714M, peak: 714M

vm_info: Java HotSpot(TM) 64-Bit Server VM (21.0.1+12-LTS-29) for windows-amd64 JRE (21.0.1+12-LTS-29), built on 2023-10-05T13:27:09Z by "mach5one" with MS VC++ 17.1 (VS2022)

END.
