#
# A fatal error has been detected by the Java Runtime Environment:
#
#  EXCEPTION_ACCESS_VIOLATION (0xc0000005) at pc=0x00007ff91b4ee2ca, pid=13040, tid=10020
#
# JRE version: Java(TM) SE Runtime Environment (21.0.1+12) (build 21.0.1+12-LTS-29)
# Java VM: Java HotSpot(TM) 64-Bit Server VM (21.0.1+12-LTS-29, mixed mode, sharing, tiered, compressed oops, compressed class ptrs, g1 gc, windows-amd64)
# Problematic frame:
# C  [lwjgl_opengl.dll+0xe2ca]
#
# No core dump will be written. Minidumps are not enabled by default on client versions of Windows
#
# If you would like to submit a bug report, please visit:
#   https://bugreport.java.com/bugreport/crash.jsp
# The crash happened outside the Java Virtual Machine in native code.
# See problematic frame for where to report the bug.
#

---------------  S U M M A R Y ------------

Command Line: -Dfile.encoding=UTF-8 -Duser.country=US -Duser.language=en -Duser.variant pkgDriver.Driver

Host: AMD Ryzen 7 5800X 8-Core Processor             , 16 cores, 31G,  Windows 10 , 64 bit Build 19041 (10.0.19041.5072)
Time: Tue Nov 26 17:28:30 2024 Pacific Standard Time elapsed time: 0.295869 seconds (0d 0h 0m 0s)

---------------  T H R E A D  ---------------

Current thread (0x00000221d6b41590):  JavaThread "main"             [_thread_in_native, id=10020, stack(0x000000698f200000,0x000000698f300000) (1024K)]

Stack: [0x000000698f200000,0x000000698f300000],  sp=0x000000698f2ff4d8,  free space=1021k
Native frames: (J=compiled Java code, j=interpreted, Vv=VM code, C=native code)
C  [lwjgl_opengl.dll+0xe2ca]

Java frames: (J=compiled Java code, j=interpreted, Vv=VM code)
j  org.lwjgl.opengl.GL20C.glUseProgram(I)V+0
j  org.lwjgl.opengl.GL20.glUseProgram(I)V+1
j  pkgSlRenderEngine.SlRenderer.renderGrid()V+4
j  pkgDriver.Driver.main([Ljava/lang/String;)V+33
v  ~StubRoutines::call_stub 0x00000221e857100d

siginfo: EXCEPTION_ACCESS_VIOLATION (0xc0000005), reading address 0x0000000000000e78


Registers:
RAX=0x00000221fdf4e980, RBX=0x00000221c156b228, RCX=0x0000000000000000, RDX=0x0000000000000000
RSP=0x000000698f2ff4d8, RBP=0x000000698f2ff550, RSI=0x0000000000000000, RDI=0x00000221e857896e
R8 =0x0000000000000000, R9 =0x0000000000000002, R10=0x00000221e857cddc, R11=0x0000000620569018
R12=0x0000000000000000, R13=0x00000221c156b220, R14=0x000000698f2ff570, R15=0x00000221d6b41590
RIP=0x00007ff91b4ee2ca, EFLAGS=0x0000000000010206


Register to memory mapping:

RAX=0x00000221fdf4e980 points into unknown readable memory: 0x0000000000000000 | 00 00 00 00 00 00 00 00
RBX={method} {0x00000221c156b230} 'glUseProgram' '(I)V' in 'org/lwjgl/opengl/GL20C'
RCX=0x0 is null
RDX=0x0 is null
RSP=0x000000698f2ff4d8 is pointing into the stack for thread: 0x00000221d6b41590
RBP=0x000000698f2ff550 is pointing into the stack for thread: 0x00000221d6b41590
RSI=0x0 is null
RDI=0x00000221e857896e is at code_begin+1454 in an Interpreter codelet
return entry points  [0x00000221e85783c0, 0x00000221e8578f18]  2904 bytes
R8 =0x0 is null
R9 =0x0000000000000002 is an unknown value
R10=0x00000221e857cddc is at code_begin+1020 in an Interpreter codelet
native method entry point (kind = native)  [0x00000221e857c9e0, 0x00000221e857d508]  2856 bytes
R11=0x0000000620569018 is an oop: java.lang.Class 
{0x0000000620569018} - klass: 'java/lang/Class'
 - ---- fields (total size 54 words):
 - private volatile transient 'classRedefinedCount' 'I' @12  0 (0x00000000)
 - injected 'klass' 'J' @16  2342921532688 (0x0000022181017510)
 - injected 'array_klass' 'J' @24  0 (0x0000000000000000)
 - injected 'oop_size' 'I' @32  54 (0x00000036)
 - injected 'static_oop_field_count' 'I' @36  0 (0x00000000)
 - private volatile transient 'cachedConstructor' 'Ljava/lang/reflect/Constructor;' @40  null (0x00000000)
 - private transient 'name' 'Ljava/lang/String;' @44  "org.lwjgl.opengl.GL20C"{0x00000006205691c8} (0xc40ad239)
 - private transient 'module' 'Ljava/lang/Module;' @48  a 'java/lang/Module'{0x0000000620c70f40} (0xc418e1e8)
 - private final 'classLoader' 'Ljava/lang/ClassLoader;' @52  a 'jdk/internal/loader/ClassLoaders$AppClassLoader'{0x0000000620c70d80} (0xc418e1b0)
 - private transient 'classData' 'Ljava/lang/Object;' @56  null (0x00000000)
 - private transient 'packageName' 'Ljava/lang/String;' @60  "org.lwjgl.opengl"{0x0000000620ba61c0} (0xc4174c38)
 - private final 'componentType' 'Ljava/lang/Class;' @64  null (0x00000000)
 - private volatile transient 'reflectionData' 'Ljava/lang/ref/SoftReference;' @68  null (0x00000000)
 - private volatile transient 'genericInfo' 'Lsun/reflect/generics/repository/ClassRepository;' @72  null (0x00000000)
 - private volatile transient 'enumConstants' '[Ljava/lang/Object;' @76  null (0x00000000)
 - private volatile transient 'enumConstantDirectory' 'Ljava/util/Map;' @80  null (0x00000000)
 - private volatile transient 'annotationData' 'Ljava/lang/Class$AnnotationData;' @84  null (0x00000000)
 - private volatile transient 'annotationType' 'Lsun/reflect/annotation/AnnotationType;' @88  null (0x00000000)
 - transient 'classValueMap' 'Ljava/lang/ClassValue$ClassValueMap;' @92  null (0x00000000)
 - injected 'protection_domain' 'Ljava/lang/Object;' @96  a 'java/security/ProtectionDomain'{0x0000000620bb9778} (0xc41772ef)
 - injected 'signers_name' 'Ljava/lang/Object;' @100  null (0x00000000)
 - injected 'source_file' 'Ljava/lang/Object;' @104  null (0x00000000)
 - signature: Lorg/lwjgl/opengl/GL20C;
 - ---- static fields (0):
 - public static final 'GL_SHADING_LANGUAGE_VERSION' 'I' @112  35724 (0x00008b8c)
 - public static final 'GL_CURRENT_PROGRAM' 'I' @116  35725 (0x00008b8d)
 - public static final 'GL_SHADER_TYPE' 'I' @120  35663 (0x00008b4f)
 - public static final 'GL_DELETE_STATUS' 'I' @124  35712 (0x00008b80)
 - public static final 'GL_COMPILE_STATUS' 'I' @128  35713 (0x00008b81)
 - public static final 'GL_LINK_STATUS' 'I' @132  35714 (0x00008b82)
 - public static final 'GL_VALIDATE_STATUS' 'I' @136  35715 (0x00008b83)
 - public static final 'GL_INFO_LOG_LENGTH' 'I' @140  35716 (0x00008b84)
 - public static final 'GL_ATTACHED_SHADERS' 'I' @144  35717 (0x00008b85)
 - public static final 'GL_ACTIVE_UNIFORMS' 'I' @148  35718 (0x00008b86)
 - public static final 'GL_ACTIVE_UNIFORM_MAX_LENGTH' 'I' @152  35719 (0x00008b87)
 - public static final 'GL_ACTIVE_ATTRIBUTES' 'I' @156  35721 (0x00008b89)
 - public static final 'GL_ACTIVE_ATTRIBUTE_MAX_LENGTH' 'I' @160  35722 (0x00008b8a)
 - public static final 'GL_SHADER_SOURCE_LENGTH' 'I' @164  35720 (0x00008b88)
 - public static final 'GL_FLOAT_VEC2' 'I' @168  35664 (0x00008b50)
 - public static final 'GL_FLOAT_VEC3' 'I' @172  35665 (0x00008b51)
 - public static final 'GL_FLOAT_VEC4' 'I' @176  35666 (0x00008b52)
 - public static final 'GL_INT_VEC2' 'I' @180  35667 (0x00008b53)
 - public static final 'GL_INT_VEC3' 'I' @184  35668 (0x00008b54)
 - public static final 'GL_INT_VEC4' 'I' @188  35669 (0x00008b55)
 - public static final 'GL_BOOL' 'I' @192  35670 (0x00008b56)
 - public static final 'GL_BOOL_VEC2' 'I' @196  35671 (0x00008b57)
 - public static final 'GL_BOOL_VEC3' 'I' @200  35672 (0x00008b58)
 - public static final 'GL_BOOL_VEC4' 'I' @204  35673 (0x00008b59)
 - public static final 'GL_FLOAT_MAT2' 'I' @208  35674 (0x00008b5a)
 - public static final 'GL_FLOAT_MAT3' 'I' @212  35675 (0x00008b5b)
 - public static final 'GL_FLOAT_MAT4' 'I' @216  35676 (0x00008b5c)
 - public static final 'GL_SAMPLER_1D' 'I' @220  35677 (0x00008b5d)
 - public static final 'GL_SAMPLER_2D' 'I' @224  35678 (0x00008b5e)
 - public static final 'GL_SAMPLER_3D' 'I' @228  35679 (0x00008b5f)
 - public static final 'GL_SAMPLER_CUBE' 'I' @232  35680 (0x00008b60)
 - public static final 'GL_SAMPLER_1D_SHADOW' 'I' @236  35681 (0x00008b61)
 - public static final 'GL_SAMPLER_2D_SHADOW' 'I' @240  35682 (0x00008b62)
 - public static final 'GL_VERTEX_SHADER' 'I' @244  35633 (0x00008b31)
 - public static final 'GL_MAX_VERTEX_UNIFORM_COMPONENTS' 'I' @248  35658 (0x00008b4a)
 - public static final 'GL_MAX_VARYING_FLOATS' 'I' @252  35659 (0x00008b4b)
 - public static final 'GL_MAX_VERTEX_ATTRIBS' 'I' @256  34921 (0x00008869)
 - public static final 'GL_MAX_TEXTURE_IMAGE_UNITS' 'I' @260  34930 (0x00008872)
 - public static final 'GL_MAX_VERTEX_TEXTURE_IMAGE_UNITS' 'I' @264  35660 (0x00008b4c)
 - public static final 'GL_MAX_COMBINED_TEXTURE_IMAGE_UNITS' 'I' @268  35661 (0x00008b4d)
 - public static final 'GL_VERTEX_PROGRAM_POINT_SIZE' 'I' @272  34370 (0x00008642)
 - public static final 'GL_VERTEX_ATTRIB_ARRAY_ENABLED' 'I' @276  34338 (0x00008622)
 - public static final 'GL_VERTEX_ATTRIB_ARRAY_SIZE' 'I' @280  34339 (0x00008623)
 - public static final 'GL_VERTEX_ATTRIB_ARRAY_STRIDE' 'I' @284  34340 (0x00008624)
 - public static final 'GL_VERTEX_ATTRIB_ARRAY_TYPE' 'I' @288  34341 (0x00008625)
 - public static final 'GL_VERTEX_ATTRIB_ARRAY_NORMALIZED' 'I' @292  34922 (0x0000886a)
 - public static final 'GL_CURRENT_VERTEX_ATTRIB' 'I' @296  34342 (0x00008626)
 - public static final 'GL_VERTEX_ATTRIB_ARRAY_POINTER' 'I' @300  34373 (0x00008645)
 - public static final 'GL_FRAGMENT_SHADER' 'I' @304  35632 (0x00008b30)
 - public static final 'GL_MAX_FRAGMENT_UNIFORM_COMPONENTS' 'I' @308  35657 (0x00008b49)
 - public static final 'GL_FRAGMENT_SHADER_DERIVATIVE_HINT' 'I' @312  35723 (0x00008b8b)
 - public static final 'GL_MAX_DRAW_BUFFERS' 'I' @316  34852 (0x00008824)
 - public static final 'GL_DRAW_BUFFER0' 'I' @320  34853 (0x00008825)
 - public static final 'GL_DRAW_BUFFER1' 'I' @324  34854 (0x00008826)
 - public static final 'GL_DRAW_BUFFER2' 'I' @328  34855 (0x00008827)
 - public static final 'GL_DRAW_BUFFER3' 'I' @332  34856 (0x00008828)
 - public static final 'GL_DRAW_BUFFER4' 'I' @336  34857 (0x00008829)
 - public static final 'GL_DRAW_BUFFER5' 'I' @340  34858 (0x0000882a)
 - public static final 'GL_DRAW_BUFFER6' 'I' @344  34859 (0x0000882b)
 - public static final 'GL_DRAW_BUFFER7' 'I' @348  34860 (0x0000882c)
 - public static final 'GL_DRAW_BUFFER8' 'I' @352  34861 (0x0000882d)
 - public static final 'GL_DRAW_BUFFER9' 'I' @356  34862 (0x0000882e)
 - public static final 'GL_DRAW_BUFFER10' 'I' @360  34863 (0x0000882f)
 - public static final 'GL_DRAW_BUFFER11' 'I' @364  34864 (0x00008830)
 - public static final 'GL_DRAW_BUFFER12' 'I' @368  34865 (0x00008831)
 - public static final 'GL_DRAW_BUFFER13' 'I' @372  34866 (0x00008832)
 - public static final 'GL_DRAW_BUFFER14' 'I' @376  34867 (0x00008833)
 - public static final 'GL_DRAW_BUFFER15' 'I' @380  34868 (0x00008834)
 - public static final 'GL_POINT_SPRITE_COORD_ORIGIN' 'I' @384  36000 (0x00008ca0)
 - public static final 'GL_LOWER_LEFT' 'I' @388  36001 (0x00008ca1)
 - public static final 'GL_UPPER_LEFT' 'I' @392  36002 (0x00008ca2)
 - public static final 'GL_BLEND_EQUATION_RGB' 'I' @396  32777 (0x00008009)
 - public static final 'GL_BLEND_EQUATION_ALPHA' 'I' @400  34877 (0x0000883d)
 - public static final 'GL_STENCIL_BACK_FUNC' 'I' @404  34816 (0x00008800)
 - public static final 'GL_STENCIL_BACK_FAIL' 'I' @408  34817 (0x00008801)
 - public static final 'GL_STENCIL_BACK_PASS_DEPTH_FAIL' 'I' @412  34818 (0x00008802)
 - public static final 'GL_STENCIL_BACK_PASS_DEPTH_PASS' 'I' @416  34819 (0x00008803)
 - public static final 'GL_STENCIL_BACK_REF' 'I' @420  36003 (0x00008ca3)
 - public static final 'GL_STENCIL_BACK_VALUE_MASK' 'I' @424  36004 (0x00008ca4)
 - public static final 'GL_STENCIL_BACK_WRITEMASK' 'I' @428  36005 (0x00008ca5)
R12=0x0 is null
R13=0x00000221c156b220 is pointing into metadata
R14=0x000000698f2ff570 is pointing into the stack for thread: 0x00000221d6b41590
R15=0x00000221d6b41590 is a thread

Top of Stack: (sp=0x000000698f2ff4d8)
0x000000698f2ff4d8:   00000221e857ce0b 00000221c156b228
0x000000698f2ff4e8:   0000000000000000 0000000000000000
0x000000698f2ff4f8:   00007ff90df5e389 00000221e857ca9f
0x000000698f2ff508:   000000698f2ff508 00000221c156b220
0x000000698f2ff518:   0000000000000004 00000221c1596860
0x000000698f2ff528:   0000000000000000 0000000620569018
0x000000698f2ff538:   00000221c156b228 0000000000000000
0x000000698f2ff548:   000000698f2ff570 000000698f2ff5c0
0x000000698f2ff558:   00000221e8578846 0000000620569018
0x000000698f2ff568:   00000221e857a397 0000000000000000
0x000000698f2ff578:   000000698f2ff578 00000221c14f7b71
0x000000698f2ff588:   0000000000000002 00000221c1558b18
0x000000698f2ff598:   0000000000000000 0000000620477200
0x000000698f2ff5a8:   00000221c14f7b98 000000698f2ff570
0x000000698f2ff5b8:   000000698f2ff5d0 000000698f2ff620
0x000000698f2ff5c8:   00000221e8578846 0000000000000000
0x000000698f2ff5d8:   000000698f2ff5d8 00000221c14d384c
0x000000698f2ff5e8:   0000000000000004 00000221c14d3a48
0x000000698f2ff5f8:   0000000000000000 0000000620ba3ff0
0x000000698f2ff608:   00000221c14d38c0 000000698f2ff5d0
0x000000698f2ff618:   000000698f2ff640 000000698f2ff690
0x000000698f2ff628:   00000221e8578846 0000000000000000
0x000000698f2ff638:   0000000000000000 0000000620ba4108
0x000000698f2ff648:   000000698f2ff648 00000221c14003a9
0x000000698f2ff658:   0000000000000004 00000221c1400480
0x000000698f2ff668:   0000000000000000 0000000620e122f0
0x000000698f2ff678:   00000221c14003f0 000000698f2ff640
0x000000698f2ff688:   000000698f2ff6b0 000000698f2ff890
0x000000698f2ff698:   00000221e857100d 0000000620ba4108
0x000000698f2ff6a8:   0000000620e140d8 0000000620e12990
0x000000698f2ff6b8:   00007ff941a3b86b 00000000000c00c7
0x000000698f2ff6c8:   0000000000000012 00000221fdba2f40 

Instructions: (pc=0x00007ff91b4ee2ca)
0x00007ff91b4ee1ca:   cc cc cc cc cc cc 48 8b 01 41 8b c8 48 8b 50 18
0x00007ff91b4ee1da:   48 ff a2 40 0e 00 00 cc cc cc cc cc cc cc cc cc
0x00007ff91b4ee1ea:   cc cc cc cc cc cc 48 8b 01 48 8b 48 18 48 8b 81
0x00007ff91b4ee1fa:   48 0e 00 00 41 8b c8 48 ff e0 cc cc cc cc cc cc
0x00007ff91b4ee20a:   cc cc cc cc cc cc 48 8b 01 41 8b d1 41 8b c8 4c
0x00007ff91b4ee21a:   8b 50 18 49 ff a2 50 0e 00 00 cc cc cc cc cc cc
0x00007ff91b4ee22a:   cc cc cc cc cc cc 48 8b 01 41 8b d1 41 8b c8 4c
0x00007ff91b4ee23a:   8b 50 18 49 ff a2 58 0e 00 00 cc cc cc cc cc cc
0x00007ff91b4ee24a:   cc cc cc cc cc cc 40 53 48 8b 01 41 8b d8 4c 8b
0x00007ff91b4ee25a:   44 24 30 41 8b d1 4c 8b 4c 24 38 8b cb 4c 8b 50
0x00007ff91b4ee26a:   18 5b 49 ff a2 60 0e 00 00 cc cc cc cc cc cc cc
0x00007ff91b4ee27a:   cc cc cc cc cc cc 48 8b 01 41 8b c8 48 8b 50 18
0x00007ff91b4ee28a:   48 ff a2 68 0e 00 00 cc cc cc cc cc cc cc cc cc
0x00007ff91b4ee29a:   cc cc cc cc cc cc 48 8b 01 41 8b c8 48 8b 50 18
0x00007ff91b4ee2aa:   48 ff a2 70 0e 00 00 cc cc cc cc cc cc cc cc cc
0x00007ff91b4ee2ba:   cc cc cc cc cc cc 48 8b 01 41 8b c8 48 8b 50 18
0x00007ff91b4ee2ca:   48 ff a2 78 0e 00 00 cc cc cc cc cc cc cc cc cc
0x00007ff91b4ee2da:   cc cc cc cc cc cc 48 8b 01 41 8b c8 48 8b 50 18
0x00007ff91b4ee2ea:   48 ff a2 80 0e 00 00 cc cc cc cc cc cc cc cc cc
0x00007ff91b4ee2fa:   cc cc cc cc cc cc 48 8b 01 0f 28 cb 41 8b c8 48
0x00007ff91b4ee30a:   8b 50 18 48 ff a2 88 0e 00 00 cc cc cc cc cc cc
0x00007ff91b4ee31a:   cc cc cc cc cc cc 48 8b 01 0f 28 cb f3 0f 10 54
0x00007ff91b4ee32a:   24 28 41 8b c8 48 8b 50 18 48 ff a2 90 0e 00 00
0x00007ff91b4ee33a:   cc cc cc cc cc cc 48 8b 01 0f 28 cb f3 0f 10 5c
0x00007ff91b4ee34a:   24 30 41 8b c8 f3 0f 10 54 24 28 48 8b 50 18 48
0x00007ff91b4ee35a:   ff a2 98 0e 00 00 48 8b 01 0f 28 cb f3 0f 10 44
0x00007ff91b4ee36a:   24 38 41 8b c8 f3 0f 10 5c 24 30 f3 0f 10 54 24
0x00007ff91b4ee37a:   28 48 8b 50 18 f3 0f 11 44 24 28 48 ff a2 a0 0e
0x00007ff91b4ee38a:   00 00 cc cc cc cc 48 8b 01 41 8b d1 41 8b c8 4c
0x00007ff91b4ee39a:   8b 50 18 49 ff a2 a8 0e 00 00 cc cc cc cc cc cc
0x00007ff91b4ee3aa:   cc cc cc cc cc cc 48 8b 01 45 8b d8 44 8b 44 24
0x00007ff91b4ee3ba:   28 41 8b d1 41 8b cb 4c 8b 50 18 49 ff a2 b0 0e 


Stack slot to memory mapping:

stack at sp + 0 slots: 0x00000221e857ce0b is at code_begin+1067 in an Interpreter codelet
native method entry point (kind = native)  [0x00000221e857c9e0, 0x00000221e857d508]  2856 bytes
stack at sp + 1 slots: {method} {0x00000221c156b230} 'glUseProgram' '(I)V' in 'org/lwjgl/opengl/GL20C'
stack at sp + 2 slots: 0x0 is null
stack at sp + 3 slots: 0x0 is null
stack at sp + 4 slots: 0x00007ff90df5e389 jvm.dll
stack at sp + 5 slots: 0x00000221e857ca9f is at code_begin+191 in an Interpreter codelet
native method entry point (kind = native)  [0x00000221e857c9e0, 0x00000221e857d508]  2856 bytes
stack at sp + 6 slots: 0x000000698f2ff508 is pointing into the stack for thread: 0x00000221d6b41590
stack at sp + 7 slots: 0x00000221c156b220 is pointing into metadata


---------------  P R O C E S S  ---------------

Threads class SMR info:
_java_thread_list=0x00000221fe055670, length=14, elements={
0x00000221d6b41590, 0x00000221fda58e90, 0x00000221fda59db0, 0x00000221fda5c190,
0x00000221fda60ea0, 0x00000221fda6b960, 0x00000221fda6c410, 0x00000221fda73ff0,
0x00000221fda76aa0, 0x00000221fdba9080, 0x00000221fdbab740, 0x00000221fdbabdf0,
0x00000221fda6caa0, 0x00000221fda6d7c0
}

Java Threads: ( => current thread )
=>0x00000221d6b41590 JavaThread "main"                              [_thread_in_native, id=10020, stack(0x000000698f200000,0x000000698f300000) (1024K)]
  0x00000221fda58e90 JavaThread "Reference Handler"          daemon [_thread_blocked, id=16568, stack(0x000000698fa00000,0x000000698fb00000) (1024K)]
  0x00000221fda59db0 JavaThread "Finalizer"                  daemon [_thread_blocked, id=9088, stack(0x000000698fb00000,0x000000698fc00000) (1024K)]
  0x00000221fda5c190 JavaThread "Signal Dispatcher"          daemon [_thread_blocked, id=10840, stack(0x000000698fc00000,0x000000698fd00000) (1024K)]
  0x00000221fda60ea0 JavaThread "Attach Listener"            daemon [_thread_blocked, id=9496, stack(0x000000698fd00000,0x000000698fe00000) (1024K)]
  0x00000221fda6b960 JavaThread "Service Thread"             daemon [_thread_blocked, id=5540, stack(0x000000698fe00000,0x000000698ff00000) (1024K)]
  0x00000221fda6c410 JavaThread "Monitor Deflation Thread"   daemon [_thread_blocked, id=7940, stack(0x000000698ff00000,0x0000006990000000) (1024K)]
  0x00000221fda73ff0 JavaThread "C2 CompilerThread0"         daemon [_thread_blocked, id=9472, stack(0x0000006990000000,0x0000006990100000) (1024K)]
  0x00000221fda76aa0 JavaThread "C1 CompilerThread0"         daemon [_thread_blocked, id=10188, stack(0x0000006990100000,0x0000006990200000) (1024K)]
  0x00000221fdba9080 JavaThread "C1 CompilerThread1"         daemon [_thread_blocked, id=14960, stack(0x0000006990200000,0x0000006990300000) (1024K)]
  0x00000221fdbab740 JavaThread "C1 CompilerThread2"         daemon [_thread_blocked, id=9184, stack(0x0000006990300000,0x0000006990400000) (1024K)]
  0x00000221fdbabdf0 JavaThread "C1 CompilerThread3"         daemon [_thread_blocked, id=18256, stack(0x0000006990400000,0x0000006990500000) (1024K)]
  0x00000221fda6caa0 JavaThread "Notification Thread"        daemon [_thread_blocked, id=8732, stack(0x0000006990500000,0x0000006990600000) (1024K)]
  0x00000221fda6d7c0 JavaThread "Common-Cleaner"             daemon [_thread_blocked, id=10760, stack(0x0000006990600000,0x0000006990700000) (1024K)]
Total: 14

Other Threads:
  0x00000221fce8b530 VMThread "VM Thread"                           [id=10772, stack(0x000000698f900000,0x000000698fa00000) (1024K)]
  0x00000221fce73c70 WatcherThread "VM Periodic Task Thread"        [id=17808, stack(0x000000698f800000,0x000000698f900000) (1024K)]
  0x00000221d8d68cb0 WorkerThread "GC Thread#0"                     [id=16184, stack(0x000000698f300000,0x000000698f400000) (1024K)]
  0x00000221d8d7a5d0 ConcurrentGCThread "G1 Main Marker"            [id=17484, stack(0x000000698f400000,0x000000698f500000) (1024K)]
  0x00000221d8d7b870 WorkerThread "G1 Conc#0"                       [id=15816, stack(0x000000698f500000,0x000000698f600000) (1024K)]
  0x00000221fcd384a0 ConcurrentGCThread "G1 Refine#0"               [id=5440, stack(0x000000698f600000,0x000000698f700000) (1024K)]
  0x00000221fcd39010 ConcurrentGCThread "G1 Service"                [id=10852, stack(0x000000698f700000,0x000000698f800000) (1024K)]
Total: 7

Threads with active compile tasks:
Total: 0

VM state: not at safepoint (normal execution)

VM Mutex/Monitor currently owned by a thread: None

Heap address: 0x0000000601000000, size: 8176 MB, Compressed Oops mode: Zero based, Oop shift amount: 3

CDS archive(s) mapped at: [0x0000022180000000-0x0000022180c90000-0x0000022180c90000), size 13172736, SharedBaseAddress: 0x0000022180000000, ArchiveRelocationMode: 1.
Compressed class space mapped at: 0x0000022181000000-0x00000221c1000000, reserved size: 1073741824
Narrow klass base: 0x0000022180000000, Narrow klass shift: 0, Narrow klass range: 0x100000000

GC Precious Log:
 CardTable entry size: 512
 Card Set container configuration: InlinePtr #cards 4 size 8 Array Of Cards #cards 32 size 80 Howl #buckets 8 coarsen threshold 7372 Howl Bitmap #cards 1024 size 144 coarsen threshold 921 Card regions per heap region 1 cards per card region 8192
 CPUs: 16 total, 16 available
 Memory: 32693M
 Large Page Support: Disabled
 NUMA Support: Disabled
 Compressed Oops: Enabled (Zero based)
 Heap Region Size: 4M
 Heap Min Capacity: 8M
 Heap Initial Capacity: 512M
 Heap Max Capacity: 8176M
 Pre-touch: Disabled
 Parallel Workers: 13
 Concurrent Workers: 3
 Concurrent Refinement Workers: 13
 Periodic GC: Disabled

Heap:
 garbage-first heap   total 524288K, used 8192K [0x0000000601000000, 0x0000000800000000)
  region size 4096K, 3 young (12288K), 0 survivors (0K)
 Metaspace       used 3211K, committed 3392K, reserved 1114112K
  class space    used 184K, committed 256K, reserved 1048576K

Heap Regions: E=young(eden), S=young(survivor), O=old, HS=humongous(starts), HC=humongous(continues), CS=collection set, F=free, TAMS=top-at-mark-start, PB=parsable bottom
|   0|0x0000000601000000, 0x0000000601000000, 0x0000000601400000|  0%| F|  |TAMS 0x0000000601000000| PB 0x0000000601000000| Untracked 
|   1|0x0000000601400000, 0x0000000601400000, 0x0000000601800000|  0%| F|  |TAMS 0x0000000601400000| PB 0x0000000601400000| Untracked 
|   2|0x0000000601800000, 0x0000000601800000, 0x0000000601c00000|  0%| F|  |TAMS 0x0000000601800000| PB 0x0000000601800000| Untracked 
|   3|0x0000000601c00000, 0x0000000601c00000, 0x0000000602000000|  0%| F|  |TAMS 0x0000000601c00000| PB 0x0000000601c00000| Untracked 
|   4|0x0000000602000000, 0x0000000602000000, 0x0000000602400000|  0%| F|  |TAMS 0x0000000602000000| PB 0x0000000602000000| Untracked 
|   5|0x0000000602400000, 0x0000000602400000, 0x0000000602800000|  0%| F|  |TAMS 0x0000000602400000| PB 0x0000000602400000| Untracked 
|   6|0x0000000602800000, 0x0000000602800000, 0x0000000602c00000|  0%| F|  |TAMS 0x0000000602800000| PB 0x0000000602800000| Untracked 
|   7|0x0000000602c00000, 0x0000000602c00000, 0x0000000603000000|  0%| F|  |TAMS 0x0000000602c00000| PB 0x0000000602c00000| Untracked 
|   8|0x0000000603000000, 0x0000000603000000, 0x0000000603400000|  0%| F|  |TAMS 0x0000000603000000| PB 0x0000000603000000| Untracked 
|   9|0x0000000603400000, 0x0000000603400000, 0x0000000603800000|  0%| F|  |TAMS 0x0000000603400000| PB 0x0000000603400000| Untracked 
|  10|0x0000000603800000, 0x0000000603800000, 0x0000000603c00000|  0%| F|  |TAMS 0x0000000603800000| PB 0x0000000603800000| Untracked 
|  11|0x0000000603c00000, 0x0000000603c00000, 0x0000000604000000|  0%| F|  |TAMS 0x0000000603c00000| PB 0x0000000603c00000| Untracked 
|  12|0x0000000604000000, 0x0000000604000000, 0x0000000604400000|  0%| F|  |TAMS 0x0000000604000000| PB 0x0000000604000000| Untracked 
|  13|0x0000000604400000, 0x0000000604400000, 0x0000000604800000|  0%| F|  |TAMS 0x0000000604400000| PB 0x0000000604400000| Untracked 
|  14|0x0000000604800000, 0x0000000604800000, 0x0000000604c00000|  0%| F|  |TAMS 0x0000000604800000| PB 0x0000000604800000| Untracked 
|  15|0x0000000604c00000, 0x0000000604c00000, 0x0000000605000000|  0%| F|  |TAMS 0x0000000604c00000| PB 0x0000000604c00000| Untracked 
|  16|0x0000000605000000, 0x0000000605000000, 0x0000000605400000|  0%| F|  |TAMS 0x0000000605000000| PB 0x0000000605000000| Untracked 
|  17|0x0000000605400000, 0x0000000605400000, 0x0000000605800000|  0%| F|  |TAMS 0x0000000605400000| PB 0x0000000605400000| Untracked 
|  18|0x0000000605800000, 0x0000000605800000, 0x0000000605c00000|  0%| F|  |TAMS 0x0000000605800000| PB 0x0000000605800000| Untracked 
|  19|0x0000000605c00000, 0x0000000605c00000, 0x0000000606000000|  0%| F|  |TAMS 0x0000000605c00000| PB 0x0000000605c00000| Untracked 
|  20|0x0000000606000000, 0x0000000606000000, 0x0000000606400000|  0%| F|  |TAMS 0x0000000606000000| PB 0x0000000606000000| Untracked 
|  21|0x0000000606400000, 0x0000000606400000, 0x0000000606800000|  0%| F|  |TAMS 0x0000000606400000| PB 0x0000000606400000| Untracked 
|  22|0x0000000606800000, 0x0000000606800000, 0x0000000606c00000|  0%| F|  |TAMS 0x0000000606800000| PB 0x0000000606800000| Untracked 
|  23|0x0000000606c00000, 0x0000000606c00000, 0x0000000607000000|  0%| F|  |TAMS 0x0000000606c00000| PB 0x0000000606c00000| Untracked 
|  24|0x0000000607000000, 0x0000000607000000, 0x0000000607400000|  0%| F|  |TAMS 0x0000000607000000| PB 0x0000000607000000| Untracked 
|  25|0x0000000607400000, 0x0000000607400000, 0x0000000607800000|  0%| F|  |TAMS 0x0000000607400000| PB 0x0000000607400000| Untracked 
|  26|0x0000000607800000, 0x0000000607800000, 0x0000000607c00000|  0%| F|  |TAMS 0x0000000607800000| PB 0x0000000607800000| Untracked 
|  27|0x0000000607c00000, 0x0000000607c00000, 0x0000000608000000|  0%| F|  |TAMS 0x0000000607c00000| PB 0x0000000607c00000| Untracked 
|  28|0x0000000608000000, 0x0000000608000000, 0x0000000608400000|  0%| F|  |TAMS 0x0000000608000000| PB 0x0000000608000000| Untracked 
|  29|0x0000000608400000, 0x0000000608400000, 0x0000000608800000|  0%| F|  |TAMS 0x0000000608400000| PB 0x0000000608400000| Untracked 
|  30|0x0000000608800000, 0x0000000608800000, 0x0000000608c00000|  0%| F|  |TAMS 0x0000000608800000| PB 0x0000000608800000| Untracked 
|  31|0x0000000608c00000, 0x0000000608c00000, 0x0000000609000000|  0%| F|  |TAMS 0x0000000608c00000| PB 0x0000000608c00000| Untracked 
|  32|0x0000000609000000, 0x0000000609000000, 0x0000000609400000|  0%| F|  |TAMS 0x0000000609000000| PB 0x0000000609000000| Untracked 
|  33|0x0000000609400000, 0x0000000609400000, 0x0000000609800000|  0%| F|  |TAMS 0x0000000609400000| PB 0x0000000609400000| Untracked 
|  34|0x0000000609800000, 0x0000000609800000, 0x0000000609c00000|  0%| F|  |TAMS 0x0000000609800000| PB 0x0000000609800000| Untracked 
|  35|0x0000000609c00000, 0x0000000609c00000, 0x000000060a000000|  0%| F|  |TAMS 0x0000000609c00000| PB 0x0000000609c00000| Untracked 
|  36|0x000000060a000000, 0x000000060a000000, 0x000000060a400000|  0%| F|  |TAMS 0x000000060a000000| PB 0x000000060a000000| Untracked 
|  37|0x000000060a400000, 0x000000060a400000, 0x000000060a800000|  0%| F|  |TAMS 0x000000060a400000| PB 0x000000060a400000| Untracked 
|  38|0x000000060a800000, 0x000000060a800000, 0x000000060ac00000|  0%| F|  |TAMS 0x000000060a800000| PB 0x000000060a800000| Untracked 
|  39|0x000000060ac00000, 0x000000060ac00000, 0x000000060b000000|  0%| F|  |TAMS 0x000000060ac00000| PB 0x000000060ac00000| Untracked 
|  40|0x000000060b000000, 0x000000060b000000, 0x000000060b400000|  0%| F|  |TAMS 0x000000060b000000| PB 0x000000060b000000| Untracked 
|  41|0x000000060b400000, 0x000000060b400000, 0x000000060b800000|  0%| F|  |TAMS 0x000000060b400000| PB 0x000000060b400000| Untracked 
|  42|0x000000060b800000, 0x000000060b800000, 0x000000060bc00000|  0%| F|  |TAMS 0x000000060b800000| PB 0x000000060b800000| Untracked 
|  43|0x000000060bc00000, 0x000000060bc00000, 0x000000060c000000|  0%| F|  |TAMS 0x000000060bc00000| PB 0x000000060bc00000| Untracked 
|  44|0x000000060c000000, 0x000000060c000000, 0x000000060c400000|  0%| F|  |TAMS 0x000000060c000000| PB 0x000000060c000000| Untracked 
|  45|0x000000060c400000, 0x000000060c400000, 0x000000060c800000|  0%| F|  |TAMS 0x000000060c400000| PB 0x000000060c400000| Untracked 
|  46|0x000000060c800000, 0x000000060c800000, 0x000000060cc00000|  0%| F|  |TAMS 0x000000060c800000| PB 0x000000060c800000| Untracked 
|  47|0x000000060cc00000, 0x000000060cc00000, 0x000000060d000000|  0%| F|  |TAMS 0x000000060cc00000| PB 0x000000060cc00000| Untracked 
|  48|0x000000060d000000, 0x000000060d000000, 0x000000060d400000|  0%| F|  |TAMS 0x000000060d000000| PB 0x000000060d000000| Untracked 
|  49|0x000000060d400000, 0x000000060d400000, 0x000000060d800000|  0%| F|  |TAMS 0x000000060d400000| PB 0x000000060d400000| Untracked 
|  50|0x000000060d800000, 0x000000060d800000, 0x000000060dc00000|  0%| F|  |TAMS 0x000000060d800000| PB 0x000000060d800000| Untracked 
|  51|0x000000060dc00000, 0x000000060dc00000, 0x000000060e000000|  0%| F|  |TAMS 0x000000060dc00000| PB 0x000000060dc00000| Untracked 
|  52|0x000000060e000000, 0x000000060e000000, 0x000000060e400000|  0%| F|  |TAMS 0x000000060e000000| PB 0x000000060e000000| Untracked 
|  53|0x000000060e400000, 0x000000060e400000, 0x000000060e800000|  0%| F|  |TAMS 0x000000060e400000| PB 0x000000060e400000| Untracked 
|  54|0x000000060e800000, 0x000000060e800000, 0x000000060ec00000|  0%| F|  |TAMS 0x000000060e800000| PB 0x000000060e800000| Untracked 
|  55|0x000000060ec00000, 0x000000060ec00000, 0x000000060f000000|  0%| F|  |TAMS 0x000000060ec00000| PB 0x000000060ec00000| Untracked 
|  56|0x000000060f000000, 0x000000060f000000, 0x000000060f400000|  0%| F|  |TAMS 0x000000060f000000| PB 0x000000060f000000| Untracked 
|  57|0x000000060f400000, 0x000000060f400000, 0x000000060f800000|  0%| F|  |TAMS 0x000000060f400000| PB 0x000000060f400000| Untracked 
|  58|0x000000060f800000, 0x000000060f800000, 0x000000060fc00000|  0%| F|  |TAMS 0x000000060f800000| PB 0x000000060f800000| Untracked 
|  59|0x000000060fc00000, 0x000000060fc00000, 0x0000000610000000|  0%| F|  |TAMS 0x000000060fc00000| PB 0x000000060fc00000| Untracked 
|  60|0x0000000610000000, 0x0000000610000000, 0x0000000610400000|  0%| F|  |TAMS 0x0000000610000000| PB 0x0000000610000000| Untracked 
|  61|0x0000000610400000, 0x0000000610400000, 0x0000000610800000|  0%| F|  |TAMS 0x0000000610400000| PB 0x0000000610400000| Untracked 
|  62|0x0000000610800000, 0x0000000610800000, 0x0000000610c00000|  0%| F|  |TAMS 0x0000000610800000| PB 0x0000000610800000| Untracked 
|  63|0x0000000610c00000, 0x0000000610c00000, 0x0000000611000000|  0%| F|  |TAMS 0x0000000610c00000| PB 0x0000000610c00000| Untracked 
|  64|0x0000000611000000, 0x0000000611000000, 0x0000000611400000|  0%| F|  |TAMS 0x0000000611000000| PB 0x0000000611000000| Untracked 
|  65|0x0000000611400000, 0x0000000611400000, 0x0000000611800000|  0%| F|  |TAMS 0x0000000611400000| PB 0x0000000611400000| Untracked 
|  66|0x0000000611800000, 0x0000000611800000, 0x0000000611c00000|  0%| F|  |TAMS 0x0000000611800000| PB 0x0000000611800000| Untracked 
|  67|0x0000000611c00000, 0x0000000611c00000, 0x0000000612000000|  0%| F|  |TAMS 0x0000000611c00000| PB 0x0000000611c00000| Untracked 
|  68|0x0000000612000000, 0x0000000612000000, 0x0000000612400000|  0%| F|  |TAMS 0x0000000612000000| PB 0x0000000612000000| Untracked 
|  69|0x0000000612400000, 0x0000000612400000, 0x0000000612800000|  0%| F|  |TAMS 0x0000000612400000| PB 0x0000000612400000| Untracked 
|  70|0x0000000612800000, 0x0000000612800000, 0x0000000612c00000|  0%| F|  |TAMS 0x0000000612800000| PB 0x0000000612800000| Untracked 
|  71|0x0000000612c00000, 0x0000000612c00000, 0x0000000613000000|  0%| F|  |TAMS 0x0000000612c00000| PB 0x0000000612c00000| Untracked 
|  72|0x0000000613000000, 0x0000000613000000, 0x0000000613400000|  0%| F|  |TAMS 0x0000000613000000| PB 0x0000000613000000| Untracked 
|  73|0x0000000613400000, 0x0000000613400000, 0x0000000613800000|  0%| F|  |TAMS 0x0000000613400000| PB 0x0000000613400000| Untracked 
|  74|0x0000000613800000, 0x0000000613800000, 0x0000000613c00000|  0%| F|  |TAMS 0x0000000613800000| PB 0x0000000613800000| Untracked 
|  75|0x0000000613c00000, 0x0000000613c00000, 0x0000000614000000|  0%| F|  |TAMS 0x0000000613c00000| PB 0x0000000613c00000| Untracked 
|  76|0x0000000614000000, 0x0000000614000000, 0x0000000614400000|  0%| F|  |TAMS 0x0000000614000000| PB 0x0000000614000000| Untracked 
|  77|0x0000000614400000, 0x0000000614400000, 0x0000000614800000|  0%| F|  |TAMS 0x0000000614400000| PB 0x0000000614400000| Untracked 
|  78|0x0000000614800000, 0x0000000614800000, 0x0000000614c00000|  0%| F|  |TAMS 0x0000000614800000| PB 0x0000000614800000| Untracked 
|  79|0x0000000614c00000, 0x0000000614c00000, 0x0000000615000000|  0%| F|  |TAMS 0x0000000614c00000| PB 0x0000000614c00000| Untracked 
|  80|0x0000000615000000, 0x0000000615000000, 0x0000000615400000|  0%| F|  |TAMS 0x0000000615000000| PB 0x0000000615000000| Untracked 
|  81|0x0000000615400000, 0x0000000615400000, 0x0000000615800000|  0%| F|  |TAMS 0x0000000615400000| PB 0x0000000615400000| Untracked 
|  82|0x0000000615800000, 0x0000000615800000, 0x0000000615c00000|  0%| F|  |TAMS 0x0000000615800000| PB 0x0000000615800000| Untracked 
|  83|0x0000000615c00000, 0x0000000615c00000, 0x0000000616000000|  0%| F|  |TAMS 0x0000000615c00000| PB 0x0000000615c00000| Untracked 
|  84|0x0000000616000000, 0x0000000616000000, 0x0000000616400000|  0%| F|  |TAMS 0x0000000616000000| PB 0x0000000616000000| Untracked 
|  85|0x0000000616400000, 0x0000000616400000, 0x0000000616800000|  0%| F|  |TAMS 0x0000000616400000| PB 0x0000000616400000| Untracked 
|  86|0x0000000616800000, 0x0000000616800000, 0x0000000616c00000|  0%| F|  |TAMS 0x0000000616800000| PB 0x0000000616800000| Untracked 
|  87|0x0000000616c00000, 0x0000000616c00000, 0x0000000617000000|  0%| F|  |TAMS 0x0000000616c00000| PB 0x0000000616c00000| Untracked 
|  88|0x0000000617000000, 0x0000000617000000, 0x0000000617400000|  0%| F|  |TAMS 0x0000000617000000| PB 0x0000000617000000| Untracked 
|  89|0x0000000617400000, 0x0000000617400000, 0x0000000617800000|  0%| F|  |TAMS 0x0000000617400000| PB 0x0000000617400000| Untracked 
|  90|0x0000000617800000, 0x0000000617800000, 0x0000000617c00000|  0%| F|  |TAMS 0x0000000617800000| PB 0x0000000617800000| Untracked 
|  91|0x0000000617c00000, 0x0000000617c00000, 0x0000000618000000|  0%| F|  |TAMS 0x0000000617c00000| PB 0x0000000617c00000| Untracked 
|  92|0x0000000618000000, 0x0000000618000000, 0x0000000618400000|  0%| F|  |TAMS 0x0000000618000000| PB 0x0000000618000000| Untracked 
|  93|0x0000000618400000, 0x0000000618400000, 0x0000000618800000|  0%| F|  |TAMS 0x0000000618400000| PB 0x0000000618400000| Untracked 
|  94|0x0000000618800000, 0x0000000618800000, 0x0000000618c00000|  0%| F|  |TAMS 0x0000000618800000| PB 0x0000000618800000| Untracked 
|  95|0x0000000618c00000, 0x0000000618c00000, 0x0000000619000000|  0%| F|  |TAMS 0x0000000618c00000| PB 0x0000000618c00000| Untracked 
|  96|0x0000000619000000, 0x0000000619000000, 0x0000000619400000|  0%| F|  |TAMS 0x0000000619000000| PB 0x0000000619000000| Untracked 
|  97|0x0000000619400000, 0x0000000619400000, 0x0000000619800000|  0%| F|  |TAMS 0x0000000619400000| PB 0x0000000619400000| Untracked 
|  98|0x0000000619800000, 0x0000000619800000, 0x0000000619c00000|  0%| F|  |TAMS 0x0000000619800000| PB 0x0000000619800000| Untracked 
|  99|0x0000000619c00000, 0x0000000619c00000, 0x000000061a000000|  0%| F|  |TAMS 0x0000000619c00000| PB 0x0000000619c00000| Untracked 
| 100|0x000000061a000000, 0x000000061a000000, 0x000000061a400000|  0%| F|  |TAMS 0x000000061a000000| PB 0x000000061a000000| Untracked 
| 101|0x000000061a400000, 0x000000061a400000, 0x000000061a800000|  0%| F|  |TAMS 0x000000061a400000| PB 0x000000061a400000| Untracked 
| 102|0x000000061a800000, 0x000000061a800000, 0x000000061ac00000|  0%| F|  |TAMS 0x000000061a800000| PB 0x000000061a800000| Untracked 
| 103|0x000000061ac00000, 0x000000061ac00000, 0x000000061b000000|  0%| F|  |TAMS 0x000000061ac00000| PB 0x000000061ac00000| Untracked 
| 104|0x000000061b000000, 0x000000061b000000, 0x000000061b400000|  0%| F|  |TAMS 0x000000061b000000| PB 0x000000061b000000| Untracked 
| 105|0x000000061b400000, 0x000000061b400000, 0x000000061b800000|  0%| F|  |TAMS 0x000000061b400000| PB 0x000000061b400000| Untracked 
| 106|0x000000061b800000, 0x000000061b800000, 0x000000061bc00000|  0%| F|  |TAMS 0x000000061b800000| PB 0x000000061b800000| Untracked 
| 107|0x000000061bc00000, 0x000000061bc00000, 0x000000061c000000|  0%| F|  |TAMS 0x000000061bc00000| PB 0x000000061bc00000| Untracked 
| 108|0x000000061c000000, 0x000000061c000000, 0x000000061c400000|  0%| F|  |TAMS 0x000000061c000000| PB 0x000000061c000000| Untracked 
| 109|0x000000061c400000, 0x000000061c400000, 0x000000061c800000|  0%| F|  |TAMS 0x000000061c400000| PB 0x000000061c400000| Untracked 
| 110|0x000000061c800000, 0x000000061c800000, 0x000000061cc00000|  0%| F|  |TAMS 0x000000061c800000| PB 0x000000061c800000| Untracked 
| 111|0x000000061cc00000, 0x000000061cc00000, 0x000000061d000000|  0%| F|  |TAMS 0x000000061cc00000| PB 0x000000061cc00000| Untracked 
| 112|0x000000061d000000, 0x000000061d000000, 0x000000061d400000|  0%| F|  |TAMS 0x000000061d000000| PB 0x000000061d000000| Untracked 
| 113|0x000000061d400000, 0x000000061d400000, 0x000000061d800000|  0%| F|  |TAMS 0x000000061d400000| PB 0x000000061d400000| Untracked 
| 114|0x000000061d800000, 0x000000061d800000, 0x000000061dc00000|  0%| F|  |TAMS 0x000000061d800000| PB 0x000000061d800000| Untracked 
| 115|0x000000061dc00000, 0x000000061dc00000, 0x000000061e000000|  0%| F|  |TAMS 0x000000061dc00000| PB 0x000000061dc00000| Untracked 
| 116|0x000000061e000000, 0x000000061e000000, 0x000000061e400000|  0%| F|  |TAMS 0x000000061e000000| PB 0x000000061e000000| Untracked 
| 117|0x000000061e400000, 0x000000061e400000, 0x000000061e800000|  0%| F|  |TAMS 0x000000061e400000| PB 0x000000061e400000| Untracked 
| 118|0x000000061e800000, 0x000000061e800000, 0x000000061ec00000|  0%| F|  |TAMS 0x000000061e800000| PB 0x000000061e800000| Untracked 
| 119|0x000000061ec00000, 0x000000061ec00000, 0x000000061f000000|  0%| F|  |TAMS 0x000000061ec00000| PB 0x000000061ec00000| Untracked 
| 120|0x000000061f000000, 0x000000061f000000, 0x000000061f400000|  0%| F|  |TAMS 0x000000061f000000| PB 0x000000061f000000| Untracked 
| 121|0x000000061f400000, 0x000000061f400000, 0x000000061f800000|  0%| F|  |TAMS 0x000000061f400000| PB 0x000000061f400000| Untracked 
| 122|0x000000061f800000, 0x000000061f800000, 0x000000061fc00000|  0%| F|  |TAMS 0x000000061f800000| PB 0x000000061f800000| Untracked 
| 123|0x000000061fc00000, 0x000000061fc00000, 0x0000000620000000|  0%| F|  |TAMS 0x000000061fc00000| PB 0x000000061fc00000| Untracked 
| 124|0x0000000620000000, 0x0000000620000000, 0x0000000620400000|  0%| F|  |TAMS 0x0000000620000000| PB 0x0000000620000000| Untracked 
| 125|0x0000000620400000, 0x00000006205a1fe0, 0x0000000620800000| 40%| E|  |TAMS 0x0000000620400000| PB 0x0000000620400000| Complete 
| 126|0x0000000620800000, 0x0000000620c00000, 0x0000000620c00000|100%| E|CS|TAMS 0x0000000620800000| PB 0x0000000620800000| Complete 
| 127|0x0000000620c00000, 0x0000000621000000, 0x0000000621000000|100%| E|CS|TAMS 0x0000000620c00000| PB 0x0000000620c00000| Complete 

Card table byte_map: [0x00000221f19b0000,0x00000221f29b0000] _byte_map_base: 0x00000221ee9a8000

Marking Bits: (CMBitMap*) 0x00000221d8d693b0
 Bits: [0x00000221f29b0000, 0x00000221fa970000)

Polling page: 0x00000221d6c80000

Metaspace:

Usage:
  Non-class:      2.96 MB used.
      Class:    184.30 KB used.
       Both:      3.14 MB used.

Virtual space:
  Non-class space:       64.00 MB reserved,       3.06 MB (  5%) committed,  1 nodes.
      Class space:        1.00 GB reserved,     256.00 KB ( <1%) committed,  1 nodes.
             Both:        1.06 GB reserved,       3.31 MB ( <1%) committed. 

Chunk freelists:
   Non-Class:  10.41 MB
       Class:  15.67 MB
        Both:  26.07 MB

MaxMetaspaceSize: unlimited
CompressedClassSpaceSize: 1.00 GB
Initial GC threshold: 21.00 MB
Current GC threshold: 21.00 MB
CDS: on
 - commit_granule_bytes: 65536.
 - commit_granule_words: 8192.
 - virtual_space_node_default_size: 8388608.
 - enlarge_chunks_in_place: 1.
 - use_allocation_guard: 0.


Internal statistics:

num_allocs_failed_limit: 0.
num_arena_births: 62.
num_arena_deaths: 0.
num_vsnodes_births: 2.
num_vsnodes_deaths: 0.
num_space_committed: 53.
num_space_uncommitted: 0.
num_chunks_returned_to_freelist: 0.
num_chunks_taken_from_freelist: 142.
num_chunk_merges: 0.
num_chunk_splits: 95.
num_chunks_enlarged: 67.
num_inconsistent_stats: 0.

CodeHeap 'non-profiled nmethods': size=119168Kb used=175Kb max_used=175Kb free=118992Kb
 bounds [0x00000221e8cc0000, 0x00000221e8f30000, 0x00000221f0120000]
CodeHeap 'profiled nmethods': size=119104Kb used=981Kb max_used=981Kb free=118122Kb
 bounds [0x00000221e1120000, 0x00000221e1390000, 0x00000221e8570000]
CodeHeap 'non-nmethods': size=7488Kb used=3757Kb max_used=3771Kb free=3730Kb
 bounds [0x00000221e8570000, 0x00000221e8930000, 0x00000221e8cc0000]
 total_blobs=1661 nmethods=615 adapters=948
 compilation: enabled
              stopped_count=0, restarted_count=0
 full_count=0

Compilation events (20 events):
Event: 0.288 Thread 0x00000221fdbab740  606       3       sun.misc.Unsafe::putLong (11 bytes)
Event: 0.288 Thread 0x00000221fdba9080  607       3       org.lwjgl.system.MemoryUtil::memPutAddress (29 bytes)
Event: 0.288 Thread 0x00000221fdbab740 nmethod 606 0x00000221e1212890 code [0x00000221e1212a20, 0x00000221e1212b30]
Event: 0.288 Thread 0x00000221fda73ff0  608       4       java.lang.Integer::toUnsignedLong (7 bytes)
Event: 0.288 Thread 0x00000221fdba9080 nmethod 607 0x00000221e1212c10 code [0x00000221e1212dc0, 0x00000221e1212fb8]
Event: 0.288 Thread 0x00000221fda73ff0 nmethod 608 0x00000221e8ceb090 code [0x00000221e8ceb200, 0x00000221e8ceb268]
Event: 0.288 Thread 0x00000221fda73ff0  609       4       sun.misc.Unsafe::putLong (11 bytes)
Event: 0.288 Thread 0x00000221fda73ff0 nmethod 609 0x00000221e8ceb390 code [0x00000221e8ceb520, 0x00000221e8ceb5d0]
Event: 0.289 Thread 0x00000221fda73ff0  610       4       java.util.zip.ZipFile::ensureOpen (40 bytes)
Event: 0.289 Thread 0x00000221fdbabdf0  611       3       java.util.Arrays::rangeCheck (74 bytes)
Event: 0.289 Thread 0x00000221fda76aa0  612       3       java.lang.String::equalsIgnoreCase (45 bytes)
Event: 0.289 Thread 0x00000221fdbabdf0 nmethod 611 0x00000221e1213090 code [0x00000221e1213340, 0x00000221e1213c90]
Event: 0.289 Thread 0x00000221fda76aa0 nmethod 612 0x00000221e1214090 code [0x00000221e1214280, 0x00000221e12147e8]
Event: 0.289 Thread 0x00000221fda73ff0 nmethod 610 0x00000221e8ceb690 code [0x00000221e8ceb820, 0x00000221e8ceb900]
Event: 0.289 Thread 0x00000221fda73ff0  613       4       java.lang.String::indexOf (7 bytes)
Event: 0.290 Thread 0x00000221fdbabdf0  614       3       java.io.RandomAccessFile::readFully (45 bytes)
Event: 0.290 Thread 0x00000221fdbabdf0 nmethod 614 0x00000221e1214a10 code [0x00000221e1214be0, 0x00000221e1214f60]
Event: 0.290 Thread 0x00000221fdba9080  615       3       java.util.ArrayDeque::inc (12 bytes)
Event: 0.290 Thread 0x00000221fdba9080 nmethod 615 0x00000221e1215110 code [0x00000221e12152a0, 0x00000221e12153d0]
Event: 0.290 Thread 0x00000221fda73ff0 nmethod 613 0x00000221e8ceba10 code [0x00000221e8cebba0, 0x00000221e8cebdd0]

GC Heap History (0 events):
No events

Dll operation events (8 events):
Event: 0.004 Loaded shared library C:\Program Files\Java\jdk-21\bin\java.dll
Event: 0.025 Loaded shared library C:\Program Files\Java\jdk-21\bin\jsvml.dll
Event: 0.056 Loaded shared library C:\Program Files\Java\jdk-21\bin\net.dll
Event: 0.057 Loaded shared library C:\Program Files\Java\jdk-21\bin\nio.dll
Event: 0.060 Loaded shared library C:\Program Files\Java\jdk-21\bin\zip.dll
Event: 0.100 Loaded shared library C:\Program Files\Java\jdk-21\bin\jimage.dll
Event: 0.116 Loaded shared library C:\Users\chris\AppData\Local\Temp\lwjgl_chris\3.3.3+5\x64\lwjgl.dll
Event: 0.282 Loaded shared library C:\Users\chris\AppData\Local\Temp\lwjgl_chris\3.3.3+5\x64\lwjgl_opengl.dll

Deoptimization events (12 events):
Event: 0.084 Thread 0x00000221d6b41590 Uncommon trap: trap_request=0xffffff45 fr.pc=0x00000221e8cc6e78 relative=0x00000000000002b8
Event: 0.084 Thread 0x00000221d6b41590 Uncommon trap: reason=unstable_if action=reinterpret pc=0x00000221e8cc6e78 method=java.lang.StringLatin1.hashCode([B)I @ 2 c2
Event: 0.084 Thread 0x00000221d6b41590 DEOPT PACKING pc=0x00000221e8cc6e78 sp=0x000000698f2fb320
Event: 0.084 Thread 0x00000221d6b41590 DEOPT UNPACKING pc=0x00000221e85c46a2 sp=0x000000698f2fb258 mode 2
Event: 0.096 Thread 0x00000221d6b41590 DEOPT PACKING pc=0x00000221e113d899 sp=0x000000698f2fa900
Event: 0.096 Thread 0x00000221d6b41590 DEOPT UNPACKING pc=0x00000221e85c4e42 sp=0x000000698f2f9d20 mode 0
Event: 0.110 Thread 0x00000221d6b41590 Uncommon trap: trap_request=0xffffff45 fr.pc=0x00000221e8cc7e10 relative=0x0000000000000070
Event: 0.110 Thread 0x00000221d6b41590 Uncommon trap: reason=unstable_if action=reinterpret pc=0x00000221e8cc7e10 method=java.io.WinNTFileSystem.isSlash(C)Z @ 9 c2
Event: 0.110 Thread 0x00000221d6b41590 DEOPT PACKING pc=0x00000221e8cc7e10 sp=0x000000698f2fd4e0
Event: 0.110 Thread 0x00000221d6b41590 DEOPT UNPACKING pc=0x00000221e85c46a2 sp=0x000000698f2fd468 mode 2
Event: 0.110 Thread 0x00000221d6b41590 DEOPT PACKING pc=0x00000221e112ab61 sp=0x000000698f2fd080
Event: 0.110 Thread 0x00000221d6b41590 DEOPT UNPACKING pc=0x00000221e85c4e42 sp=0x000000698f2fc4e8 mode 0

Classes loaded (20 events):
Event: 0.159 Loading class java/nio/DirectFloatBufferU
Event: 0.159 Loading class java/nio/DirectFloatBufferU done
Event: 0.159 Loading class java/nio/DirectDoubleBufferU
Event: 0.159 Loading class java/nio/DirectDoubleBufferU done
Event: 0.159 Loading class sun/misc/Unsafe
Event: 0.159 Loading class sun/misc/Unsafe done
Event: 0.159 Loading class java/lang/invoke/DirectMethodHandle$StaticAccessor
Event: 0.159 Loading class java/lang/invoke/DirectMethodHandle$StaticAccessor done
Event: 0.160 Loading class java/util/function/LongPredicate
Event: 0.160 Loading class java/util/function/LongPredicate done
Event: 0.161 Loading class java/lang/foreign/MemorySegment
Event: 0.162 Loading class java/lang/foreign/MemorySegment done
Event: 0.164 Loading class java/nio/InvalidMarkException
Event: 0.164 Loading class java/nio/InvalidMarkException done
Event: 0.164 Loading class java/nio/BufferUnderflowException
Event: 0.164 Loading class java/nio/BufferUnderflowException done
Event: 0.165 Loading class java/lang/IndexOutOfBoundsException
Event: 0.165 Loading class java/lang/IndexOutOfBoundsException done
Event: 0.286 Loading class java/util/Formatter$FixedString
Event: 0.286 Loading class java/util/Formatter$FixedString done

Classes unloaded (0 events):
No events

Classes redefined (0 events):
No events

Internal exceptions (20 events):
Event: 0.095 Thread 0x00000221d6b41590 Exception <a 'java/lang/NoSuchMethodError'{0x00000006209c3c00}: 'java.lang.Object java.lang.invoke.DirectMethodHandle$Holder.invokeStatic(java.lang.Object, java.lang.Object, int)'> (0x00000006209c3c00) 
thrown [s\open\src\hotspot\share\interpreter\linkResolver.cpp, line 773]
Event: 0.096 Thread 0x00000221d6b41590 Exception <a 'java/lang/NoSuchMethodError'{0x00000006209cf100}: 'void java.lang.invoke.DelegatingMethodHandle$Holder.delegate(java.lang.Object, java.lang.Object, int, java.lang.Object)'> (0x00000006209cf100) 
thrown [s\open\src\hotspot\share\interpreter\linkResolver.cpp, line 773]
Event: 0.096 Thread 0x00000221d6b41590 Exception <a 'java/lang/NoSuchMethodError'{0x00000006209d2fe8}: 'int java.lang.invoke.DirectMethodHandle$Holder.invokeSpecial(java.lang.Object, java.lang.Object, java.lang.Object)'> (0x00000006209d2fe8) 
thrown [s\open\src\hotspot\share\interpreter\linkResolver.cpp, line 773]
Event: 0.098 Thread 0x00000221d6b41590 Exception <a 'java/lang/NoSuchMethodError'{0x00000006209ed4d0}: 'void java.lang.System.loadLibrary(java.lang.String, java.lang.Class)'> (0x00000006209ed4d0) 
thrown [s\open\src\hotspot\share\interpreter\linkResolver.cpp, line 773]
Event: 0.114 Thread 0x00000221d6b41590 Exception <a 'sun/nio/fs/WindowsException'{0x0000000620a2c6e0}> (0x0000000620a2c6e0) 
thrown [s\open\src\hotspot\share\prims\jni.cpp, line 520]
Event: 0.115 Thread 0x00000221d6b41590 Exception <a 'sun/nio/fs/WindowsException'{0x0000000620a2cc10}> (0x0000000620a2cc10) 
thrown [s\open\src\hotspot\share\prims\jni.cpp, line 520]
Event: 0.155 Thread 0x00000221d6b41590 Exception <a 'sun/nio/fs/WindowsException'{0x0000000620aaff78}> (0x0000000620aaff78) 
thrown [s\open\src\hotspot\share\prims\jni.cpp, line 520]
Event: 0.155 Thread 0x00000221d6b41590 Exception <a 'sun/nio/fs/WindowsException'{0x0000000620ab02d8}> (0x0000000620ab02d8) 
thrown [s\open\src\hotspot\share\prims\jni.cpp, line 520]
Event: 0.161 Thread 0x00000221d6b41590 Exception <a 'java/lang/NoSuchMethodError'{0x0000000620b07800}: 'int java.lang.invoke.DirectMethodHandle$Holder.invokeStaticInit(java.lang.Object, java.lang.Object, int, long)'> (0x0000000620b07800) 
thrown [s\open\src\hotspot\share\interpreter\linkResolver.cpp, line 773]
Event: 0.161 Thread 0x00000221d6b41590 Exception <a 'java/lang/NoSuchMethodError'{0x0000000620b0c828}: 'java.lang.Object java.lang.invoke.DirectMethodHandle$Holder.newInvokeSpecial(java.lang.Object, java.lang.Object, int)'> (0x0000000620b0c828) 
thrown [s\open\src\hotspot\share\interpreter\linkResolver.cpp, line 773]
Event: 0.162 Thread 0x00000221d6b41590 Exception <a 'java/lang/NoSuchMethodError'{0x0000000620b1d0d8}: 'int java.lang.invoke.DirectMethodHandle$Holder.invokeStaticInit(java.lang.Object, java.lang.Object, long, long)'> (0x0000000620b1d0d8) 
thrown [s\open\src\hotspot\share\interpreter\linkResolver.cpp, line 773]
Event: 0.163 Thread 0x00000221d6b41590 Exception <a 'java/lang/NoSuchMethodError'{0x0000000620b22940}: 'java.lang.Object java.lang.invoke.DirectMethodHandle$Holder.newInvokeSpecial(java.lang.Object, java.lang.Object, long)'> (0x0000000620b22940) 
thrown [s\open\src\hotspot\share\interpreter\linkResolver.cpp, line 773]
Event: 0.163 Thread 0x00000221d6b41590 Exception <a 'java/lang/NoSuchMethodError'{0x0000000620b269a8}: 'java.lang.Object java.lang.invoke.Invokers$Holder.linkToTargetMethod(java.lang.Object, long, java.lang.Object)'> (0x0000000620b269a8) 
thrown [s\open\src\hotspot\share\interpreter\linkResolver.cpp, line 773]
Event: 0.163 Thread 0x00000221d6b41590 Exception <a 'java/lang/NoSuchMethodError'{0x0000000620b2da68}: 'int java.lang.invoke.DirectMethodHandle$Holder.invokeStaticInit(java.lang.Object, java.lang.Object, java.lang.Object, long)'> (0x0000000620b2da68) 
thrown [s\open\src\hotspot\share\interpreter\linkResolver.cpp, line 773]
Event: 0.277 Thread 0x00000221d6b41590 Exception <a 'java/lang/NoSuchMethodError'{0x00000006204ad5f8}: 'void java.lang.System.load(java.lang.String, java.lang.Class)'> (0x00000006204ad5f8) 
thrown [s\open\src\hotspot\share\interpreter\linkResolver.cpp, line 773]
Event: 0.278 Thread 0x00000221d6b41590 Exception <a 'java/lang/NoSuchMethodError'{0x00000006204aff98}: 'void java.lang.System.loadLibrary(java.lang.String, java.lang.Class)'> (0x00000006204aff98) 
thrown [s\open\src\hotspot\share\interpreter\linkResolver.cpp, line 773]
Event: 0.281 Thread 0x00000221d6b41590 Exception <a 'sun/nio/fs/WindowsException'{0x00000006204c0140}> (0x00000006204c0140) 
thrown [s\open\src\hotspot\share\prims\jni.cpp, line 520]
Event: 0.281 Thread 0x00000221d6b41590 Exception <a 'sun/nio/fs/WindowsException'{0x00000006204c04e0}> (0x00000006204c04e0) 
thrown [s\open\src\hotspot\share\prims\jni.cpp, line 520]
Event: 0.285 Thread 0x00000221d6b41590 Exception <a 'sun/nio/fs/WindowsException'{0x00000006204cb018}> (0x00000006204cb018) 
thrown [s\open\src\hotspot\share\prims\jni.cpp, line 520]
Event: 0.285 Thread 0x00000221d6b41590 Exception <a 'sun/nio/fs/WindowsException'{0x00000006204cb2e8}> (0x00000006204cb2e8) 
thrown [s\open\src\hotspot\share\prims\jni.cpp, line 520]

ZGC Phase Switch (0 events):
No events

VM Operations (4 events):
Event: 0.060 Executing VM operation: HandshakeAllThreads (Deoptimize)
Event: 0.060 Executing VM operation: HandshakeAllThreads (Deoptimize) done
Event: 0.110 Executing VM operation: HandshakeAllThreads (Deoptimize)
Event: 0.110 Executing VM operation: HandshakeAllThreads (Deoptimize) done

Events (16 events):
Event: 0.015 Thread 0x00000221d6b41590 Thread added: 0x00000221d6b41590
Event: 0.024 Thread 0x00000221fda58e90 Thread added: 0x00000221fda58e90
Event: 0.024 Thread 0x00000221fda59db0 Thread added: 0x00000221fda59db0
Event: 0.024 Thread 0x00000221fda5c190 Thread added: 0x00000221fda5c190
Event: 0.024 Thread 0x00000221fda60ea0 Thread added: 0x00000221fda60ea0
Event: 0.024 Thread 0x00000221fda6b960 Thread added: 0x00000221fda6b960
Event: 0.024 Thread 0x00000221fda6c410 Thread added: 0x00000221fda6c410
Event: 0.024 Thread 0x00000221fda73ff0 Thread added: 0x00000221fda73ff0
Event: 0.024 Thread 0x00000221fda76aa0 Thread added: 0x00000221fda76aa0
Event: 0.050 Thread 0x00000221fdba9080 Thread added: 0x00000221fdba9080
Event: 0.050 Thread 0x00000221fdbab740 Thread added: 0x00000221fdbab740
Event: 0.050 Thread 0x00000221fdbabdf0 Thread added: 0x00000221fdbabdf0
Event: 0.050 Thread 0x00000221fda6caa0 Thread added: 0x00000221fda6caa0
Event: 0.052 Thread 0x00000221fda6d7c0 Thread added: 0x00000221fda6d7c0
Event: 0.073 Thread 0x00000221fde723b0 Thread added: 0x00000221fde723b0
Event: 0.269 Thread 0x00000221fde723b0 Thread exited: 0x00000221fde723b0


Dynamic libraries:
0x00007ff798720000 - 0x00007ff798730000 	C:\Program Files\Java\jdk-21\bin\java.exe
0x00007ff941a10000 - 0x00007ff941c08000 	C:\Windows\SYSTEM32\ntdll.dll
0x00007ff940890000 - 0x00007ff940952000 	C:\Windows\System32\KERNEL32.DLL
0x00007ff93f0b0000 - 0x00007ff93f3ae000 	C:\Windows\System32\KERNELBASE.dll
0x00007ff93f3b0000 - 0x00007ff93f4b0000 	C:\Windows\System32\ucrtbase.dll
0x00007ff91fa90000 - 0x00007ff91faa9000 	C:\Program Files\Java\jdk-21\bin\jli.dll
0x00007ff91f720000 - 0x00007ff91f73b000 	C:\Program Files\Java\jdk-21\bin\VCRUNTIME140.dll
0x00007ff940730000 - 0x00007ff9407e1000 	C:\Windows\System32\ADVAPI32.dll
0x00007ff9407f0000 - 0x00007ff94088e000 	C:\Windows\System32\msvcrt.dll
0x00007ff941720000 - 0x00007ff9417bf000 	C:\Windows\System32\sechost.dll
0x00007ff93fa30000 - 0x00007ff93fb53000 	C:\Windows\System32\RPCRT4.dll
0x00007ff93f620000 - 0x00007ff93f647000 	C:\Windows\System32\bcrypt.dll
0x00007ff940c40000 - 0x00007ff940ddd000 	C:\Windows\System32\USER32.dll
0x00007ff93f650000 - 0x00007ff93f672000 	C:\Windows\System32\win32u.dll
0x00007ff925b40000 - 0x00007ff925dda000 	C:\Windows\WinSxS\amd64_microsoft.windows.common-controls_6595b64144ccf1df_6.0.19041.4355_none_60b8b9eb71f62e16\COMCTL32.dll
0x00007ff940de0000 - 0x00007ff940e0b000 	C:\Windows\System32\GDI32.dll
0x00007ff93f500000 - 0x00007ff93f617000 	C:\Windows\System32\gdi32full.dll
0x00007ff93f710000 - 0x00007ff93f7ad000 	C:\Windows\System32\msvcp_win.dll
0x00007ff931db0000 - 0x00007ff931dba000 	C:\Windows\SYSTEM32\VERSION.dll
0x00007ff93fc30000 - 0x00007ff93fc5f000 	C:\Windows\System32\IMM32.DLL
0x00007ff921c70000 - 0x00007ff921c7c000 	C:\Program Files\Java\jdk-21\bin\vcruntime140_1.dll
0x00007ff913930000 - 0x00007ff9139be000 	C:\Program Files\Java\jdk-21\bin\msvcp140.dll
0x00007ff90d8e0000 - 0x00007ff90e5f5000 	C:\Program Files\Java\jdk-21\bin\server\jvm.dll
0x00007ff9414c0000 - 0x00007ff94152b000 	C:\Windows\System32\WS2_32.dll
0x00007ff93ea70000 - 0x00007ff93eabb000 	C:\Windows\SYSTEM32\POWRPROF.dll
0x00007ff931e70000 - 0x00007ff931e97000 	C:\Windows\SYSTEM32\WINMM.dll
0x00007ff93ea20000 - 0x00007ff93ea32000 	C:\Windows\SYSTEM32\UMPDC.dll
0x00007ff93cf50000 - 0x00007ff93cf62000 	C:\Windows\SYSTEM32\kernel.appcore.dll
0x00007ff9219b0000 - 0x00007ff9219ba000 	C:\Program Files\Java\jdk-21\bin\jimage.dll
0x00007ff938410000 - 0x00007ff9385f4000 	C:\Windows\SYSTEM32\DBGHELP.DLL
0x00007ff92c390000 - 0x00007ff92c3c4000 	C:\Windows\SYSTEM32\dbgcore.DLL
0x00007ff93f680000 - 0x00007ff93f702000 	C:\Windows\System32\bcryptPrimitives.dll
0x00007ff91f700000 - 0x00007ff91f71f000 	C:\Program Files\Java\jdk-21\bin\java.dll
0x00007ff93ffc0000 - 0x00007ff94072d000 	C:\Windows\System32\SHELL32.dll
0x00007ff93d150000 - 0x00007ff93d8f4000 	C:\Windows\SYSTEM32\windows.storage.dll
0x00007ff93fc60000 - 0x00007ff93ffb3000 	C:\Windows\System32\combase.dll
0x00007ff93eae0000 - 0x00007ff93eb0e000 	C:\Windows\SYSTEM32\Wldp.dll
0x00007ff941390000 - 0x00007ff94145d000 	C:\Windows\System32\OLEAUT32.dll
0x00007ff93fb60000 - 0x00007ff93fc0d000 	C:\Windows\System32\SHCORE.dll
0x00007ff9416c0000 - 0x00007ff941715000 	C:\Windows\System32\shlwapi.dll
0x00007ff93efe0000 - 0x00007ff93f004000 	C:\Windows\SYSTEM32\profapi.dll
0x00007ff912570000 - 0x00007ff912647000 	C:\Program Files\Java\jdk-21\bin\jsvml.dll
0x00007ff91fce0000 - 0x00007ff91fcf0000 	C:\Program Files\Java\jdk-21\bin\net.dll
0x00007ff9394c0000 - 0x00007ff9395cd000 	C:\Windows\SYSTEM32\WINHTTP.dll
0x00007ff93e7d0000 - 0x00007ff93e83a000 	C:\Windows\system32\mswsock.dll
0x00007ff91f530000 - 0x00007ff91f546000 	C:\Program Files\Java\jdk-21\bin\nio.dll
0x00007ff91f550000 - 0x00007ff91f568000 	C:\Program Files\Java\jdk-21\bin\zip.dll
0x00007ff916220000 - 0x00007ff91629b000 	C:\Users\chris\AppData\Local\Temp\lwjgl_chris\3.3.3+5\x64\lwjgl.dll
0x00007ff913ea0000 - 0x00007ff913f22000 	C:\Users\chris\AppData\Local\Temp\lwjgl_chris\3.3.3+5\x64\glfw.dll
0x00007ff91d270000 - 0x00007ff91d2b5000 	C:\Windows\SYSTEM32\dinput8.dll
0x00007ff926190000 - 0x00007ff9261a1000 	C:\Windows\SYSTEM32\xinput1_4.dll
0x00007ff93f4b0000 - 0x00007ff93f4fe000 	C:\Windows\System32\cfgmgr32.dll
0x00007ff93ee40000 - 0x00007ff93ee73000 	C:\Windows\SYSTEM32\DEVOBJ.dll
0x00007ff93cd70000 - 0x00007ff93cd9f000 	C:\Windows\SYSTEM32\dwmapi.dll
0x00007ff926b20000 - 0x00007ff926c72000 	C:\Windows\SYSTEM32\inputhost.dll
0x00007ff93be60000 - 0x00007ff93bf52000 	C:\Windows\SYSTEM32\CoreMessaging.dll
0x00007ff93b2e0000 - 0x00007ff93b437000 	C:\Windows\SYSTEM32\wintypes.dll
0x00007ff93bac0000 - 0x00007ff93be1b000 	C:\Windows\SYSTEM32\CoreUIComponents.dll
0x00007ff93a010000 - 0x00007ff93a106000 	C:\Windows\SYSTEM32\PROPSYS.dll
0x00007ff93e2e0000 - 0x00007ff93e313000 	C:\Windows\SYSTEM32\ntmarta.dll
0x00007ff93ca60000 - 0x00007ff93cafe000 	C:\Windows\system32\uxtheme.dll
0x00007ff941850000 - 0x00007ff941965000 	C:\Windows\System32\MSCTF.dll
0x00007ff903500000 - 0x00007ff903628000 	C:\Windows\SYSTEM32\opengl32.dll
0x00007ff907a80000 - 0x00007ff907aac000 	C:\Windows\SYSTEM32\GLU32.dll
0x00007ff941610000 - 0x00007ff9416b9000 	C:\Windows\System32\clbcatq.dll
0x00007ff906560000 - 0x00007ff906590000 	C:\Windows\System32\DriverStore\FileRepository\u0409016.inf_amd64_2b8774c9217183cc\B408421\atig6pxx.dll
0x00007ff8b8750000 - 0x00007ff8bc776000 	C:\Windows\System32\DriverStore\FileRepository\u0409016.inf_amd64_2b8774c9217183cc\B408421\atio6axx.dll
0x00007ff940e20000 - 0x00007ff94128e000 	C:\Windows\System32\SETUPAPI.dll
0x00007ff940960000 - 0x00007ff940a8b000 	C:\Windows\System32\ole32.dll
0x00007ff93f9c0000 - 0x00007ff93fa29000 	C:\Windows\System32\WINTRUST.dll
0x00007ff93f7b0000 - 0x00007ff93f90c000 	C:\Windows\System32\CRYPT32.dll
0x00007ff93ec70000 - 0x00007ff93ec82000 	C:\Windows\SYSTEM32\MSASN1.dll
0x00007ff9316b0000 - 0x00007ff9316e9000 	C:\Windows\System32\DriverStore\FileRepository\u0409016.inf_amd64_2b8774c9217183cc\B408421\amdihk64.dll
0x00007ff926260000 - 0x00007ff926359000 	C:\Windows\SYSTEM32\textinputframework.dll
0x00007ff91b4e0000 - 0x00007ff91b53e000 	C:\Users\chris\AppData\Local\Temp\lwjgl_chris\3.3.3+5\x64\lwjgl_opengl.dll

dbghelp: loaded successfully - version: 4.0.5 - missing functions: none
symbol engine: initialized successfully - sym options: 0x614 - pdb path: .;C:\Program Files\Java\jdk-21\bin;C:\Windows\SYSTEM32;C:\Windows\WinSxS\amd64_microsoft.windows.common-controls_6595b64144ccf1df_6.0.19041.4355_none_60b8b9eb71f62e16;C:\Program Files\Java\jdk-21\bin\server;C:\Users\chris\AppData\Local\Temp\lwjgl_chris\3.3.3+5\x64;C:\Windows\System32\DriverStore\FileRepository\u0409016.inf_amd64_2b8774c9217183cc\B408421

VM Arguments:
jvm_args: -Dfile.encoding=UTF-8 -Duser.country=US -Duser.language=en -Duser.variant 
java_command: pkgDriver.Driver
java_class_path (initial): C:\Users\chris\IdeaProjects\Assignment7\build\classes\java\main;C:\Users\chris\IdeaProjects\Assignment7\build\resources\main;C:\Users\chris\.gradle\caches\modules-2\files-2.1\org.lwjgl\lwjgl-assimp\3.3.3\c2c34011cbda30ed8cf98bc5cbf97b49afe5279a\lwjgl-assimp-3.3.3.jar;C:\Users\chris\.gradle\caches\modules-2\files-2.1\org.lwjgl\lwjgl-assimp\3.3.3\d90ccdade594716062975cffd1431d387f770ac4\lwjgl-assimp-3.3.3-natives-windows.jar;C:\Users\chris\.gradle\caches\modules-2\files-2.1\org.lwjgl\lwjgl-cuda\3.3.3\e2de3beeba3e4c826317e31519a40f0585160acf\lwjgl-cuda-3.3.3.jar;C:\Users\chris\.gradle\caches\modules-2\files-2.1\org.lwjgl\lwjgl-freetype\3.3.3\a0db6c84a8becc8ca05f9dbfa985edc348a824c7\lwjgl-freetype-3.3.3.jar;C:\Users\chris\.gradle\caches\modules-2\files-2.1\org.lwjgl\lwjgl-freetype\3.3.3\81091b006dbb43fab04c8c638e9ac87c51b4096d\lwjgl-freetype-3.3.3-natives-windows.jar;C:\Users\chris\.gradle\caches\modules-2\files-2.1\org.lwjgl\lwjgl-glfw\3.3.3\efa1eb78c5ccd840e9f329717109b5e892d72f8e\lwjgl-glfw-3.3.3.jar;C:\Users\chris\.gradle\caches\modules-2\files-2.1\org.lwjgl\lwjgl-glfw\3.3.3\e449e28b4891fc423c54c85fbc5bb0b9efece67a\lwjgl-glfw-3.3.3-natives-windows.jar;C:\Users\chris\.gradle\caches\modules-2\files-2.1\org.lwjgl\lwjgl-hwloc\3.3.3\68333a022d5842b7bff95c70e4c3e1b2f126e783\lwjgl-hwloc-3.3.3.jar;C:\Users\chris\.gradle\caches\modules-2\files-2.1\org.lwjgl\lwjgl-hwloc\3.3.3\ea032ea737568d700f43cc9f052d51384ce20ebe\lwjgl-hwloc-3.3.3-natives-windows.jar;C:\Users\chris\.gradle\caches\modules-2\files-2.1\org.lwjgl\lwjgl-jawt\3.3.3\15479071013804d88cc810856fcc2548b457376c\lwjgl-jawt-3.3.3.jar;C:\Users\chris\.gradle\caches\modules-2\files-2.1\org.lwjgl\lwjgl-nanovg\3.3.3\37f0b9fc142948c3b2c6cd563db7233b14b9640c\lwjgl-nanovg-3.3.3.jar;C:\Users\chris\.gradle\caches\modules-2\files-2.1\org.lwjgl\lwjgl-nanovg\3.3.3\ccfbc346c4ce0737b7fe758d6337a3741af2f256\lwjgl-nanovg-3.3.3-natives-windows.jar;C:\Users\chris\.gradle\caches\modules-2\files-2.1\org.lwjgl\lwjgl-nfd\3.3.3\f1b41d3a0a2f5cd2a55a6a59a618c87d0348681c\lwjgl-nfd-3.3.3.jar;C:\Users\chris\.gradle\caches\modules-2\files-2.1\org.lwjgl\lwjgl-nfd\3.3.3\3a39132eef695dcb7631adc1d02e493527940d10\lwjgl-nfd-3.3.3-natives-windows.jar;C:\Users\chris\.gradle\caches\modules-2\files-2.1\org.lwjgl\lwjgl-nuklear\3.3.3\d120a8ab01987e285f83f43f862bef728011d97d\lwjgl-nuklear-3.3.3.jar;C:\Users\chris\.gradle\caches\modules-2\files-2.1\org.lwjgl\lwjgl-nuklear\3.3.3\3132690c8cbbdd7c948eb233610151b6a6c62b9a\lwjgl-nuklear-3.3.3-natives-windows.jar;C:\Users\chris\.gradle\caches\modules-2\files-2.1\org.lwjgl\lwjgl-odbc\3.3.3\1719d4813fba2b4272afddcf30db98ec32e8bd37\lwjgl-odbc-3.3.3.jar;C:\Users\chris\.gradle\caches\modules-2\files-2.1\org.lwjgl\lwjgl-openal\3.3.3\daada81ceb5fc0c291fbfdd4433cb8d9423577f2\lwjgl-openal-3.3.3.jar;C:\Users\chris\.gradle\caches\modules-2\files-2.1\org.lwjgl\lwjgl-openal\3.3.3\cf83862ae95d98496b26915024c7e666d8ab1c8f\lwjgl-openal-3.3.3-natives-windows.jar;C:\Users\chris\.gradle\caches\modules-2\files-2.1\org.lwjgl\lwjgl-opencl\3.3.3\fdf4a5cce0b7499914ac96a87d75fa895a4e0699\lwjgl-opencl-3.3.3.jar;C:\Users\chris\.gradle\caches\modules-2\files-2.1\org.lwjgl\lwjgl-opengl\3.3.3\2f6b0147078396a58979125a4c947664e98293a\lwjgl-opengl-3.3.3.jar;C:\Users\chris\.gradle\caches\modules-2\files-2.1\org.lwjgl\lwjgl-opengl\3.3.3\e6c1eec8be8a71951b830a4d69efc01c6531900c\lwjgl-opengl-3.3.3-natives-windows.jar;C:\Users\chris\.gradle\caches\modules-2\files-2.1\org.lwjgl\lwjgl-shaderc\3.3.3\ae740d58fdc809c4350358a872b076bacbec27c1\lwjgl-shaderc-3.3.3.jar;C:\Users\chris\.gradle\caches\modules-2\files-2.1\org.lwjgl\lwjgl-shaderc\3.3.3\2bdcb9d4c1a8debf8c82dcb6968c3f23f126af6b\lwjgl-shaderc-3.3.3-natives-windows.jar;C:\Users\chris\.gradle\caches\modules-2\files-2.1\org.lwjgl\lwjgl-stb\3.3.3\25dd6161988d7e65f71d5065c99902402ee32746\lwjgl-stb-3.3.3.jar;C:\Users\chris\.gradle\caches\modules-2\files-2.1\org.lwjgl\lwjgl-stb\3.3.3\1d9facdf6541de114b0f963be33505b7679c78cb\lwjgl-stb-3.3.3-natives-windows.jar;C:\Users\chris\.gradle\caches\modules-2\files-2.1\org.lwjgl\lwjgl-tootle\3.3.3\c6989921add57a1f59936bc4544431df4b837c8b\lwjgl-tootle-3.3.3.jar;C:\Users\chris\.gradle\caches\modules-2\files-2.1\org.lwjgl\lwjgl-tootle\3.3.3\6de41fb81ea077cb3829b25c6636987f011997fc\lwjgl-tootle-3.3.3-natives-windows.jar;C:\Users\chris\.gradle\caches\modules-2\files-2.1\org.lwjgl\lwjgl\3.3.3\29589b5f87ed335a6c7e7ee6a5775f81f97ecb84\lwjgl-3.3.3.jar;C:\Users\chris\.gradle\caches\modules-2\files-2.1\org.lwjgl\lwjgl\3.3.3\a5ed18a2b82fc91b81f40d717cb1f64c9dcb0540\lwjgl-3.3.3-natives-windows.jar;C:\Users\chris\.gradle\caches\modules-2\files-2.1\org.joml\joml\1.10.5\22566d58af70ad3d72308bab63b8339906deb649\joml-1.10.5.jar
Launcher Type: SUN_STANDARD

[Global flags]
     intx CICompilerCount                          = 12                                        {product} {ergonomic}
     uint ConcGCThreads                            = 3                                         {product} {ergonomic}
     uint G1ConcRefinementThreads                  = 13                                        {product} {ergonomic}
   size_t G1HeapRegionSize                         = 4194304                                   {product} {ergonomic}
    uintx GCDrainStackTargetSize                   = 64                                        {product} {ergonomic}
   size_t InitialHeapSize                          = 536870912                                 {product} {ergonomic}
   size_t MarkStackSize                            = 4194304                                   {product} {ergonomic}
   size_t MaxHeapSize                              = 8573157376                                {product} {ergonomic}
   size_t MaxNewSize                               = 5142216704                                {product} {ergonomic}
   size_t MinHeapDeltaBytes                        = 4194304                                   {product} {ergonomic}
   size_t MinHeapSize                              = 8388608                                   {product} {ergonomic}
    uintx NonNMethodCodeHeapSize                   = 7602480                                {pd product} {ergonomic}
    uintx NonProfiledCodeHeapSize                  = 122027880                              {pd product} {ergonomic}
    uintx ProfiledCodeHeapSize                     = 122027880                              {pd product} {ergonomic}
    uintx ReservedCodeCacheSize                    = 251658240                              {pd product} {ergonomic}
     bool SegmentedCodeCache                       = true                                      {product} {ergonomic}
   size_t SoftMaxHeapSize                          = 8573157376                             {manageable} {ergonomic}
     bool UseCompressedOops                        = true                           {product lp64_product} {ergonomic}
     bool UseG1GC                                  = true                                      {product} {ergonomic}
     bool UseLargePagesIndividualAllocation        = false                                  {pd product} {ergonomic}

Logging:
Log output configuration:
 #0: stdout all=warning uptime,level,tags foldmultilines=false
 #1: stderr all=off uptime,level,tags foldmultilines=false

Environment Variables:
PATH=C:\Program Files\Common Files\Oracle\Java\javapath;C:\Windows\system32;C:\Windows;C:\Windows\System32\Wbem;C:\Windows\System32\WindowsPowerShell\v1.0\;C:\Windows\System32\OpenSSH\;C:\Program Files (x86)\NVIDIA Corporation\PhysX\Common;F:\CSCI50\PuTTY\;C:\Program Files\Git\bin;C:\Program Files\nodejs\;C:\Program Files\Git\cmd;C:\Program Files\MySQL\MySQL Shell 8.0\bin\;C:\Users\chris\AppData\Local\Programs\Python\Python310\Scripts\;C:\Users\chris\AppData\Local\Programs\Python\Python310\;C:\Users\chris\AppData\Local\Microsoft\WindowsApps;;F:\Microsoft VS Code\bin;C:\Users\chris\AppData\Roaming\npm
USERNAME=chris
OS=Windows_NT
PROCESSOR_IDENTIFIER=AMD64 Family 25 Model 33 Stepping 0, AuthenticAMD
TMP=C:\Users\chris\AppData\Local\Temp
TEMP=C:\Users\chris\AppData\Local\Temp




Periodic native trim disabled

---------------  S Y S T E M  ---------------

OS:
 Windows 10 , 64 bit Build 19041 (10.0.19041.5072)
OS uptime: 0 days 22:07 hours

CPU: total 16 (initial active 16) (16 cores per cpu, 2 threads per core) family 25 model 33 stepping 0 microcode 0x0, cx8, cmov, fxsr, ht, mmx, 3dnowpref, sse, sse2, sse3, ssse3, sse4a, sse4.1, sse4.2, popcnt, lzcnt, tsc, tscinvbit, avx, avx2, aes, erms, clmul, bmi1, bmi2, adx, sha, fma, vzeroupper, clflush, clflushopt, rdtscp, rdpid, fsrm, f16c, pku, cet_ss
Processor Information for all 16 processors :
  Max Mhz: 3801, Current Mhz: 3801, Mhz Limit: 3801

Memory: 4k page, system-wide physical 32693M (18722M free)
TotalPageFile size 37557M (AvailPageFile size 18448M)
current process WorkingSet (physical memory assigned to process): 101M, peak: 101M
current process commit charge ("private bytes"): 678M, peak: 678M

vm_info: Java HotSpot(TM) 64-Bit Server VM (21.0.1+12-LTS-29) for windows-amd64 JRE (21.0.1+12-LTS-29), built on 2023-10-05T13:27:09Z by "mach5one" with MS VC++ 17.1 (VS2022)

END.
